[3906488152.023609 INFO] Legal Time Range:  [Jan  1 1970 00:00:00] -- [Sep 25 73069258125 03:52:31]
[3906488152.027491 INFO] Loading problem from /Users/hongr/Documents/aditya/Generative_Design_and_Manufacturing2/executable-win/executable-win/data/ray-generate-dataset/json/
[3906488170.111174 INFO] Generating Bid:  ((:*NAME . "Request-A")
                                           (:*PART . "Bracket")
                                           (:*QUANTITY . 1)
                                           (:*EARLIEST-START-DATE
                                            . "2023-11-06T00:00:00")
                                           (:*DUE-DATE . "2028-11-12T23:59:59")
                                           (:*SUPPLIER-NAMES "Supplier-A"
                                            "Supplier-B" "Supplier-C")
                                           (:*PROCESS-PLANS
                                            ((:*NAME . "SLM-Additive-1")
                                             (:*PART . "Bracket")
                                             (:*LINK
                                              . "Studies/EMB_Scenario_2\\config_1")
                                             (:*MATERIAL . "Al6061powder")
                                             (:*MANUFACTURING-METHOD
                                              . "SLM-Additive")
                                             (:*BULK-GRAMS . 32906.293)
                                             (:*NET-GRAMS . 32770.92)
                                             (:*SCRAP-GRAMS . 135.36986)
                                             (:*WIDTH . 1000.0)
                                             (:*HEIGHT . 400.0)
                                             (:*DEPTH . 1000.0)
                                             (:*COMPLIANCE . 2.0864186)
                                             (:*VOLUME . 1.213738e7)
                                             (:*TASK--*SEQUENCE
                                              ((:*NAME
                                                . "Additive-machine-setup")
                                               (:*REQUIRED-CAPABILITY
                                                . "SLM-Metal-Printing")
                                               (:*NOMINAL-DURATION . 1800.0)
                                               (:*NOMINAL-COST . 60.0))
                                              ((:*NAME . "SLM-printing")
                                               (:*REQUIRED-CAPABILITY
                                                . "SLM-Metal-Printing")
                                               (:*NOMINAL-DURATION . 1974377.4)
                                               (:*NOMINAL-COST . 65812.58))
                                              ((:*NAME . "Support-removal")
                                               (:*REQUIRED-CAPABILITY
                                                . "Buffing")
                                               (:*NOMINAL-DURATION . 1200.0)
                                               (:*NOMINAL-COST . 20.0))
                                              ((:*NAME . "Inspection")
                                               (:*REQUIRED-CAPABILITY
                                                . "Buffing")
                                               (:*NOMINAL-DURATION . 1200.0)
                                               (:*NOMINAL-COST . 20.0))))))
[3906488192.300525 INFO] connection => #<SB-SYS:FD-STREAM for #<SB-BSD-SOCKETS:INET-SOCKET 127.0.0.1:9090, peer: 127.0.0.1:63060, fd: 480 {1002B084C3}> {1002B0A473}>
path => "/favicon.ico"
vals => ((:CONNECTION . "keep-alive")
         (:USER-AGENT
          . "Mozilla/5.0 (Windows NT 10.0; Win64; x64) AppleWebKit/537.36 (KHTML, like Gecko) Chrome/118.0.0.0 Safari/537.36"))
response => NIL
[3906488197.072091 INFO] connection => #<SB-SYS:FD-STREAM for #<SB-BSD-SOCKETS:INET-SOCKET 127.0.0.1:9090, peer: 127.0.0.1:63061, fd: 496 {1002B0A9C3}> {1002B0BAD3}>
path => "/favicon.ico"
vals => ((:CONNECTION . "keep-alive")
         (:USER-AGENT
          . "Mozilla/5.0 (Windows NT 10.0; Win64; x64) AppleWebKit/537.36 (KHTML, like Gecko) Chrome/118.0.0.0 Safari/537.36"))
response => NIL
[3906488199.863208 INFO] connection => #<SB-SYS:FD-STREAM for #<SB-BSD-SOCKETS:INET-SOCKET 127.0.0.1:9090, peer: 127.0.0.1:63062, fd: 444 {1002B0BF93}> {1002CA3CD3}>
path => "/bid-graph=1"
vals => ((:CONNECTION . "keep-alive")
         (:USER-AGENT
          . "Mozilla/5.0 (Windows NT 10.0; Win64; x64) AppleWebKit/537.36 (KHTML, like Gecko) Chrome/118.0.0.0 Safari/537.36"))
response => "<script type=\"text/javascript\" src=\"https://www.gstatic.com/charts/loader.js\"></script>

<script type=\"text/javascript\">
  google.charts.load(\"current\", {packages:[\"timeline\"]});
  google.charts.setOnLoadCallback(drawChart);
  function drawChart() {

    var container = document.getElementById('lmco-agenda-graph');
    var chart = new google.visualization.Timeline(container);
    var dataTable = new google.visualization.DataTable();
    dataTable.addColumn({ type: 'string', id: 'Agent' });
    dataTable.addColumn({ type: 'string', id: 'Task' });
    dataTable.addColumn({ type: 'string', id: 'color', role: 'style' });
    dataTable.addColumn({ type: 'string', role: 'tooltip', 'p': {'html': true}});
    dataTable.addColumn({ type: 'date', id: 'Start' });
    dataTable.addColumn({ type: 'date', id: 'End' });

    dataTable.addRows([
[ 'Supplier-B', '', '#FFA500', '<style> th {text-align: left;} td {text-align: right;}</style><table style=\"width:100%;background-color:Cornsilk;\"></table>', new Date(2023,10,6,0,0,0), new Date(2023,11,7,21,36,18)],
[ 'ExOne  Mflex-SB-1', 'DOWNTIME-12', '#21130D', '<style> th {text-align: left;} td {text-align: right;}</style><table style=\"width:100%;background-color:Cornsilk;\"><tr><th>TASK-NAME:</th><td>DOWNTIME</td></tr><tr><th>INSTANCE-NAME:</th><td>12</td></tr><tr><th>LOT:</th><td>NIL</td></tr><tr><th>ORDER:</th><td>NIL</td></tr><tr><th>AGENT:</th><td>ExOne  Mflex-SB-1</td></tr><tr><th>CONFIG:</th><td>NIL</td></tr><tr><th>SUPPLIER:</th><td>Supplier-B</td></tr><tr><th>TASK-TYPE:</th><td>DOWNTIME-TASK</td></tr><tr><th>STATUS:</th><td>SCHEDULED</td></tr><tr><th>EST:</th><td>Nov  6 2023 00:00</td></tr><tr><th>LST:</th><td>Nov  6 2023 00:00</td></tr><tr><th>EFT:</th><td>Nov  9 2023 12:00</td></tr><tr><th>LFT:</th><td>Nov  9 2023 12:00</td></tr></table>', new Date(2023,10,6,0,0,0), new Date(2023,10,9,12,0,0)],
[ 'Inspection-Station-SB-1', 'Unused', '#E6E6E6', '<style> th {text-align: left;} td {text-align: right;}</style><table style=\"width:100%;background-color:Cornsilk;\"></table>', new Date(2023,10,6,0,0,0), new Date(2023,10,6,0,0,0)],
[ 'Manual support removal-SB-1', 'Unused', '#E6E6E6', '<style> th {text-align: left;} td {text-align: right;}</style><table style=\"width:100%;background-color:Cornsilk;\"></table>', new Date(2023,10,6,0,0,0), new Date(2023,10,6,0,0,0)],
[ 'Polish-Station-SB-1', 'Support-removal-3', '#3AC248', '<style> th {text-align: left;} td {text-align: right;}</style><table style=\"width:100%;background-color:Cornsilk;\"><tr><th>TASK-NAME:</th><td>Support-removal</td></tr><tr><th>INSTANCE-NAME:</th><td>3</td></tr><tr><th>LOT:</th><td>1</td></tr><tr><th>ORDER:</th><td>Request-A</td></tr><tr><th>AGENT:</th><td>Polish-Station-SB-1</td></tr><tr><th>CONFIG:</th><td>NIL</td></tr><tr><th>SUPPLIER:</th><td>Supplier-B</td></tr><tr><th>TASK-TYPE:</th><td>EXECUTABLE</td></tr><tr><th>STATUS:</th><td>SCHEDULED</td></tr><tr><th>EST:</th><td>Dec  7 2023 20:56</td></tr><tr><th>LST:</th><td>Nov 12 2028 23:19</td></tr><tr><th>EFT:</th><td>Dec  7 2023 21:16</td></tr><tr><th>LFT:</th><td>Nov 12 2028 23:39</td></tr></table>', new Date(2023,11,7,20,56,18), new Date(2023,11,7,21,16,18)],
[ 'Polish-Station-SB-1', 'Inspection-4', '#3AC248', '<style> th {text-align: left;} td {text-align: right;}</style><table style=\"width:100%;background-color:Cornsilk;\"><tr><th>TASK-NAME:</th><td>Inspection</td></tr><tr><th>INSTANCE-NAME:</th><td>4</td></tr><tr><th>LOT:</th><td>1</td></tr><tr><th>ORDER:</th><td>Request-A</td></tr><tr><th>AGENT:</th><td>Polish-Station-SB-1</td></tr><tr><th>CONFIG:</th><td>NIL</td></tr><tr><th>SUPPLIER:</th><td>Supplier-B</td></tr><tr><th>TASK-TYPE:</th><td>EXECUTABLE</td></tr><tr><th>STATUS:</th><td>SCHEDULED</td></tr><tr><th>EST:</th><td>Dec  7 2023 21:16</td></tr><tr><th>LST:</th><td>Nov 12 2028 23:39</td></tr><tr><th>EFT:</th><td>Dec  7 2023 21:36</td></tr><tr><th>LFT:</th><td>Nov 12 2028 23:59</td></tr></table>', new Date(2023,11,7,21,16,18), new Date(2023,11,7,21,36,18)],
[ 'Procudo-Laser-Peener-SB-1', 'Unused', '#E6E6E6', '<style> th {text-align: left;} td {text-align: right;}</style><table style=\"width:100%;background-color:Cornsilk;\"></table>', new Date(2023,10,6,0,0,0), new Date(2023,10,6,0,0,0)],
[ 'Reorderer-SB', 'Unused', '#E6E6E6', '<style> th {text-align: left;} td {text-align: right;}</style><table style=\"width:100%;background-color:Cornsilk;\"></table>', new Date(2023,10,6,0,0,0), new Date(2023,10,6,0,0,0)],
[ 'Sintering-Station-SB-1', 'Unused', '#E6E6E6', '<style> th {text-align: left;} td {text-align: right;}</style><table style=\"width:100%;background-color:Cornsilk;\"></table>', new Date(2023,10,6,0,0,0), new Date(2023,10,6,0,0,0)],
[ 'Sintering-Station-SB-2', 'Unused', '#E6E6E6', '<style> th {text-align: left;} td {text-align: right;}</style><table style=\"width:100%;background-color:Cornsilk;\"></table>', new Date(2023,10,6,0,0,0), new Date(2023,10,6,0,0,0)],
[ 'Stratasys Dimension Elite-SB-1', 'DOWNTIME-10', '#21130D', '<style> th {text-align: left;} td {text-align: right;}</style><table style=\"width:100%;background-color:Cornsilk;\"><tr><th>TASK-NAME:</th><td>DOWNTIME</td></tr><tr><th>INSTANCE-NAME:</th><td>10</td></tr><tr><th>LOT:</th><td>NIL</td></tr><tr><th>ORDER:</th><td>NIL</td></tr><tr><th>AGENT:</th><td>Stratasys Dimension Elite-SB-1</td></tr><tr><th>CONFIG:</th><td>NIL</td></tr><tr><th>SUPPLIER:</th><td>Supplier-B</td></tr><tr><th>TASK-TYPE:</th><td>DOWNTIME-TASK</td></tr><tr><th>STATUS:</th><td>SCHEDULED</td></tr><tr><th>EST:</th><td>Nov  6 2023 00:00</td></tr><tr><th>LST:</th><td>Nov  6 2023 00:00</td></tr><tr><th>EFT:</th><td>Nov 16 2023 12:00</td></tr><tr><th>LFT:</th><td>Nov 16 2023 12:00</td></tr></table>', new Date(2023,10,6,0,0,0), new Date(2023,10,16,12,0,0)],
[ 'Stratasys Dimension Elite-SB-2', 'DOWNTIME-11', '#21130D', '<style> th {text-align: left;} td {text-align: right;}</style><table style=\"width:100%;background-color:Cornsilk;\"><tr><th>TASK-NAME:</th><td>DOWNTIME</td></tr><tr><th>INSTANCE-NAME:</th><td>11</td></tr><tr><th>LOT:</th><td>NIL</td></tr><tr><th>ORDER:</th><td>NIL</td></tr><tr><th>AGENT:</th><td>Stratasys Dimension Elite-SB-2</td></tr><tr><th>CONFIG:</th><td>NIL</td></tr><tr><th>SUPPLIER:</th><td>Supplier-B</td></tr><tr><th>TASK-TYPE:</th><td>DOWNTIME-TASK</td></tr><tr><th>STATUS:</th><td>SCHEDULED</td></tr><tr><th>EST:</th><td>Nov  6 2023 00:00</td></tr><tr><th>LST:</th><td>Nov  6 2023 00:00</td></tr><tr><th>EFT:</th><td>Nov 16 2023 12:00</td></tr><tr><th>LFT:</th><td>Nov 16 2023 12:00</td></tr></table>', new Date(2023,10,6,0,0,0), new Date(2023,10,16,12,0,0)],
[ 'Stratasys F170-SB-1', 'DOWNTIME-7', '#21130D', '<style> th {text-align: left;} td {text-align: right;}</style><table style=\"width:100%;background-color:Cornsilk;\"><tr><th>TASK-NAME:</th><td>DOWNTIME</td></tr><tr><th>INSTANCE-NAME:</th><td>7</td></tr><tr><th>LOT:</th><td>NIL</td></tr><tr><th>ORDER:</th><td>NIL</td></tr><tr><th>AGENT:</th><td>Stratasys F170-SB-1</td></tr><tr><th>CONFIG:</th><td>NIL</td></tr><tr><th>SUPPLIER:</th><td>Supplier-B</td></tr><tr><th>TASK-TYPE:</th><td>DOWNTIME-TASK</td></tr><tr><th>STATUS:</th><td>SCHEDULED</td></tr><tr><th>EST:</th><td>Nov  6 2023 00:00</td></tr><tr><th>LST:</th><td>Nov  6 2023 00:00</td></tr><tr><th>EFT:</th><td>Nov 13 2023 00:00</td></tr><tr><th>LFT:</th><td>Nov 13 2023 00:00</td></tr></table>', new Date(2023,10,6,0,0,0), new Date(2023,10,13,0,0,0)],
[ 'Stratasys F170-SB-1', 'DOWNTIME-8', '#21130D', '<style> th {text-align: left;} td {text-align: right;}</style><table style=\"width:100%;background-color:Cornsilk;\"><tr><th>TASK-NAME:</th><td>DOWNTIME</td></tr><tr><th>INSTANCE-NAME:</th><td>8</td></tr><tr><th>LOT:</th><td>NIL</td></tr><tr><th>ORDER:</th><td>NIL</td></tr><tr><th>AGENT:</th><td>Stratasys F170-SB-1</td></tr><tr><th>CONFIG:</th><td>NIL</td></tr><tr><th>SUPPLIER:</th><td>Supplier-B</td></tr><tr><th>TASK-TYPE:</th><td>DOWNTIME-TASK</td></tr><tr><th>STATUS:</th><td>SCHEDULED</td></tr><tr><th>EST:</th><td>Nov 16 2023 00:06</td></tr><tr><th>LST:</th><td>Nov 16 2023 00:06</td></tr><tr><th>EFT:</th><td>Nov 19 2023 12:06</td></tr><tr><th>LFT:</th><td>Nov 19 2023 12:06</td></tr></table>', new Date(2023,10,16,0,6,0), new Date(2023,10,19,12,6,0)],
[ 'Stratasys F170-SB-2', 'DOWNTIME-9', '#21130D', '<style> th {text-align: left;} td {text-align: right;}</style><table style=\"width:100%;background-color:Cornsilk;\"><tr><th>TASK-NAME:</th><td>DOWNTIME</td></tr><tr><th>INSTANCE-NAME:</th><td>9</td></tr><tr><th>LOT:</th><td>NIL</td></tr><tr><th>ORDER:</th><td>NIL</td></tr><tr><th>AGENT:</th><td>Stratasys F170-SB-2</td></tr><tr><th>CONFIG:</th><td>NIL</td></tr><tr><th>SUPPLIER:</th><td>Supplier-B</td></tr><tr><th>TASK-TYPE:</th><td>DOWNTIME-TASK</td></tr><tr><th>STATUS:</th><td>SCHEDULED</td></tr><tr><th>EST:</th><td>Nov  6 2023 00:00</td></tr><tr><th>LST:</th><td>Nov  6 2023 00:00</td></tr><tr><th>EFT:</th><td>Nov 13 2023 00:00</td></tr><tr><th>LFT:</th><td>Nov 13 2023 00:00</td></tr></table>', new Date(2023,10,6,0,0,0), new Date(2023,10,13,0,0,0)],
[ 'Support-Removal-Station-SB-1', 'Unused', '#E6E6E6', '<style> th {text-align: left;} td {text-align: right;}</style><table style=\"width:100%;background-color:Cornsilk;\"></table>', new Date(2023,10,6,0,0,0), new Date(2023,10,6,0,0,0)],
[ 'Trumpf TruPrint3000-SB-1', 'DOWNTIME-13', '#21130D', '<style> th {text-align: left;} td {text-align: right;}</style><table style=\"width:100%;background-color:Cornsilk;\"><tr><th>TASK-NAME:</th><td>DOWNTIME</td></tr><tr><th>INSTANCE-NAME:</th><td>13</td></tr><tr><th>LOT:</th><td>NIL</td></tr><tr><th>ORDER:</th><td>NIL</td></tr><tr><th>AGENT:</th><td>Trumpf TruPrint3000-SB-1</td></tr><tr><th>CONFIG:</th><td>NIL</td></tr><tr><th>SUPPLIER:</th><td>Supplier-B</td></tr><tr><th>TASK-TYPE:</th><td>DOWNTIME-TASK</td></tr><tr><th>STATUS:</th><td>SCHEDULED</td></tr><tr><th>EST:</th><td>Nov  6 2023 00:00</td></tr><tr><th>LST:</th><td>Nov  6 2023 00:00</td></tr><tr><th>EFT:</th><td>Nov 15 2023 00:00</td></tr><tr><th>LFT:</th><td>Nov 15 2023 00:00</td></tr></table>', new Date(2023,10,6,0,0,0), new Date(2023,10,15,0,0,0)],
[ 'Trumpf TruPrint3000-SB-1', 'Additive-machine-setup-1', '#3AC248', '<style> th {text-align: left;} td {text-align: right;}</style><table style=\"width:100%;background-color:Cornsilk;\"><tr><th>TASK-NAME:</th><td>Additive-machine-setup</td></tr><tr><th>INSTANCE-NAME:</th><td>1</td></tr><tr><th>LOT:</th><td>1</td></tr><tr><th>ORDER:</th><td>Request-A</td></tr><tr><th>AGENT:</th><td>Trumpf TruPrint3000-SB-1</td></tr><tr><th>CONFIG:</th><td>NIL</td></tr><tr><th>SUPPLIER:</th><td>Supplier-B</td></tr><tr><th>TASK-TYPE:</th><td>EXECUTABLE</td></tr><tr><th>STATUS:</th><td>SCHEDULED</td></tr><tr><th>EST:</th><td>Nov 15 2023 00:00</td></tr><tr><th>LST:</th><td>Oct 21 2028 02:23</td></tr><tr><th>EFT:</th><td>Nov 15 2023 00:30</td></tr><tr><th>LFT:</th><td>Oct 21 2028 02:53</td></tr></table>', new Date(2023,10,15,0,0,0), new Date(2023,10,15,0,30,0)],
[ 'Trumpf TruPrint3000-SB-1', 'SLM-printing-2', '#3AC248', '<style> th {text-align: left;} td {text-align: right;}</style><table style=\"width:100%;background-color:Cornsilk;\"><tr><th>TASK-NAME:</th><td>SLM-printing</td></tr><tr><th>INSTANCE-NAME:</th><td>2</td></tr><tr><th>LOT:</th><td>1</td></tr><tr><th>ORDER:</th><td>Request-A</td></tr><tr><th>AGENT:</th><td>Trumpf TruPrint3000-SB-1</td></tr><tr><th>CONFIG:</th><td>NIL</td></tr><tr><th>SUPPLIER:</th><td>Supplier-B</td></tr><tr><th>TASK-TYPE:</th><td>EXECUTABLE</td></tr><tr><th>STATUS:</th><td>SCHEDULED</td></tr><tr><th>EST:</th><td>Nov 15 2023 00:30</td></tr><tr><th>LST:</th><td>Oct 21 2028 02:53</td></tr><tr><th>EFT:</th><td>Dec  7 2023 20:56</td></tr><tr><th>LFT:</th><td>Nov 12 2028 23:19</td></tr></table>', new Date(2023,10,15,0,30,0), new Date(2023,11,7,20,56,18)],
]);

    var options = {
      timeline: {rowLabelStyle: {fontName: 'Ariel', fontSize: 14, color: '#000000' }},
      tooltip: {isHtml: true},
      legend: 'none'    
      };

    chart.draw(dataTable, options);
  }
</script>

<div id=\"lmco-agenda-graph\" style=\"height: 800px;\"></div>"
[3906488199.890952 INFO] connection => #<SB-SYS:FD-STREAM for #<SB-BSD-SOCKETS:INET-SOCKET 127.0.0.1:9090, peer: 127.0.0.1:63062, fd: 444 {1002B0BF93}> {1002CA3CD3}>
path => "/favicon.ico"
vals => ((:CONNECTION . "keep-alive")
         (:USER-AGENT
          . "Mozilla/5.0 (Windows NT 10.0; Win64; x64) AppleWebKit/537.36 (KHTML, like Gecko) Chrome/118.0.0.0 Safari/537.36"))
response => NIL
[3906488201.306623 INFO] connection => #<SB-SYS:FD-STREAM for #<SB-BSD-SOCKETS:INET-SOCKET 127.0.0.1:9090, peer: 127.0.0.1:63064, fd: 480 {1002CA61F3}> {1002CA6BC3}>
path => "/favicon.ico"
vals => ((:CONNECTION . "keep-alive")
         (:USER-AGENT
          . "Mozilla/5.0 (Windows NT 10.0; Win64; x64) AppleWebKit/537.36 (KHTML, like Gecko) Chrome/118.0.0.0 Safari/537.36"))
response => NIL
[3906488246.018783 INFO] Generating Bid:  ((:*NAME . "Request-A")
                                           (:*PART . "Bracket")
                                           (:*QUANTITY . 1)
                                           (:*EARLIEST-START-DATE
                                            . "2023-11-06T00:00:00")
                                           (:*DUE-DATE . "2028-11-12T23:59:59")
                                           (:*SUPPLIER-NAMES "Supplier-A"
                                            "Supplier-B" "Supplier-C")
                                           (:*PROCESS-PLANS
                                            ((:*NAME . "3-Axis-Subtractive-1")
                                             (:*PART . "Bracket")
                                             (:*LINK
                                              . "Studies/EMB_Scenario_2\\Past/Iter0/config_2")
                                             (:*MATERIAL . "Al6061")
                                             (:*MANUFACTURING-METHOD
                                              . "3-Axis-Subtractive")
                                             (:*BULK-GRAMS . 1080000.0)
                                             (:*NET-GRAMS . 500933.75)
                                             (:*SCRAP-GRAMS . 579066.25)
                                             (:*WIDTH . 1000.0)
                                             (:*HEIGHT . 400.0)
                                             (:*DEPTH . 1000.0)
                                             (:*COMPLIANCE . 0.100043535)
                                             (:*VOLUME . 1.8553102e8)
                                             (:*TASK--*SEQUENCE
                                              ((:*NAME
                                                . "3-Axis-machine-setup")
                                               (:*REQUIRED-CAPABILITY
                                                . "3-Axis-Machining")
                                               (:*NOMINAL-DURATION . 1800.0)
                                               (:*NOMINAL-COST . 60.0))
                                              ((:*NAME . "3-Axis-fixture-1")
                                               (:*REQUIRED-CAPABILITY
                                                . "3-Axis-Machining")
                                               (:*NOMINAL-DURATION . 600.0)
                                               (:*NOMINAL-COST . 30.0))
                                              ((:*NAME . "3-Axis-machining-1")
                                               (:*REQUIRED-CAPABILITY
                                                . "3-Axis-Machining")
                                               (:*NOMINAL-DURATION . 1854717.1)
                                               (:*NOMINAL-COST . 92735.85))
                                              ((:*NAME . "3-Axis-fixture-2")
                                               (:*REQUIRED-CAPABILITY
                                                . "3-Axis-Machining")
                                               (:*NOMINAL-DURATION . 600.0)
                                               (:*NOMINAL-COST . 30.0))
                                              ((:*NAME . "3-Axis-machining-2")
                                               (:*REQUIRED-CAPABILITY
                                                . "3-Axis-Machining")
                                               (:*NOMINAL-DURATION . 94150.87)
                                               (:*NOMINAL-COST . 4707.5435))
                                              ((:*NAME . "3-Axis-fixture-3")
                                               (:*REQUIRED-CAPABILITY
                                                . "3-Axis-Machining")
                                               (:*NOMINAL-DURATION . 600.0)
                                               (:*NOMINAL-COST . 30.0))
                                              ((:*NAME . "3-Axis-machining-3")
                                               (:*REQUIRED-CAPABILITY
                                                . "3-Axis-Machining")
                                               (:*NOMINAL-DURATION . 36310.574)
                                               (:*NOMINAL-COST . 1815.5286))
                                              ((:*NAME . "3-Axis-fixture-4")
                                               (:*REQUIRED-CAPABILITY
                                                . "3-Axis-Machining")
                                               (:*NOMINAL-DURATION . 600.0)
                                               (:*NOMINAL-COST . 30.0))
                                              ((:*NAME . "3-Axis-machining-4")
                                               (:*REQUIRED-CAPABILITY
                                                . "3-Axis-Machining")
                                               (:*NOMINAL-DURATION . 14391.941)
                                               (:*NOMINAL-COST . 719.59705))
                                              ((:*NAME . "3-Axis-fixture-5")
                                               (:*REQUIRED-CAPABILITY
                                                . "3-Axis-Machining")
                                               (:*NOMINAL-DURATION . 600.0)
                                               (:*NOMINAL-COST . 30.0))
                                              ((:*NAME . "3-Axis-machining-5")
                                               (:*REQUIRED-CAPABILITY
                                                . "3-Axis-Machining")
                                               (:*NOMINAL-DURATION . 4787.365)
                                               (:*NOMINAL-COST . 239.36826))
                                              ((:*NAME . "3-Axis-fixture-6")
                                               (:*REQUIRED-CAPABILITY
                                                . "3-Axis-Machining")
                                               (:*NOMINAL-DURATION . 600.0)
                                               (:*NOMINAL-COST . 30.0))
                                              ((:*NAME . "3-Axis-machining-6")
                                               (:*REQUIRED-CAPABILITY
                                                . "3-Axis-Machining")
                                               (:*NOMINAL-DURATION . 2186.0664)
                                               (:*NOMINAL-COST . 109.30332))
                                              ((:*NAME . "Polishing")
                                               (:*REQUIRED-CAPABILITY
                                                . "Buffing")
                                               (:*NOMINAL-DURATION . 300.0)
                                               (:*NOMINAL-COST . 10.0))
                                              ((:*NAME . "Inspection")
                                               (:*REQUIRED-CAPABILITY
                                                . "Buffing")
                                               (:*NOMINAL-DURATION . 1200.0)
                                               (:*NOMINAL-COST . 20.0))))))
[3906488262.983544 INFO] connection => #<SB-SYS:FD-STREAM for #<SB-BSD-SOCKETS:INET-SOCKET 127.0.0.1:9090, peer: 127.0.0.1:63100, fd: 532 {1002CA7D53}> {1002D7FEC3}>
path => "/favicon.ico"
vals => ((:CONNECTION . "keep-alive")
         (:USER-AGENT
          . "Mozilla/5.0 (Windows NT 10.0; Win64; x64) AppleWebKit/537.36 (KHTML, like Gecko) Chrome/118.0.0.0 Safari/537.36"))
response => NIL
[3906488264.674160 INFO] connection => #<SB-SYS:FD-STREAM for #<SB-BSD-SOCKETS:INET-SOCKET 127.0.0.1:9090, peer: 127.0.0.1:63101, fd: 480 {1002D8FEC3}> {1002EE27D3}>
path => "/bid-graph=1"
vals => ((:CONNECTION . "keep-alive")
         (:USER-AGENT
          . "Mozilla/5.0 (Windows NT 10.0; Win64; x64) AppleWebKit/537.36 (KHTML, like Gecko) Chrome/118.0.0.0 Safari/537.36"))
response => "<script type=\"text/javascript\" src=\"https://www.gstatic.com/charts/loader.js\"></script>

<script type=\"text/javascript\">
  google.charts.load(\"current\", {packages:[\"timeline\"]});
  google.charts.setOnLoadCallback(drawChart);
  function drawChart() {

    var container = document.getElementById('lmco-agenda-graph');
    var chart = new google.visualization.Timeline(container);
    var dataTable = new google.visualization.DataTable();
    dataTable.addColumn({ type: 'string', id: 'Agent' });
    dataTable.addColumn({ type: 'string', id: 'Task' });
    dataTable.addColumn({ type: 'string', id: 'color', role: 'style' });
    dataTable.addColumn({ type: 'string', role: 'tooltip', 'p': {'html': true}});
    dataTable.addColumn({ type: 'date', id: 'Start' });
    dataTable.addColumn({ type: 'date', id: 'End' });

    dataTable.addRows([
[ 'Supplier-A', '', '#FFA500', '<style> th {text-align: left;} td {text-align: right;}</style><table style=\"width:100%;background-color:Cornsilk;\"></table>', new Date(2023,10,6,0,0,0), new Date(2023,11,2,9,49,52)],
[ 'GF Machining Solutions AC Progress VP3-1-SA', 'Unused', '#E6E6E6', '<style> th {text-align: left;} td {text-align: right;}</style><table style=\"width:100%;background-color:Cornsilk;\"></table>', new Date(2023,10,6,0,0,0), new Date(2023,10,6,0,0,0)],
[ 'Haas DM 3-axis-SA-1', 'DOWNTIME-6', '#21130D', '<style> th {text-align: left;} td {text-align: right;}</style><table style=\"width:100%;background-color:Cornsilk;\"><tr><th>TASK-NAME:</th><td>DOWNTIME</td></tr><tr><th>INSTANCE-NAME:</th><td>6</td></tr><tr><th>LOT:</th><td>NIL</td></tr><tr><th>ORDER:</th><td>NIL</td></tr><tr><th>AGENT:</th><td>Haas DM 3-axis-SA-1</td></tr><tr><th>CONFIG:</th><td>NIL</td></tr><tr><th>SUPPLIER:</th><td>Supplier-A</td></tr><tr><th>TASK-TYPE:</th><td>DOWNTIME-TASK</td></tr><tr><th>STATUS:</th><td>SCHEDULED</td></tr><tr><th>EST:</th><td>Nov  6 2023 00:00</td></tr><tr><th>LST:</th><td>Nov  6 2023 00:00</td></tr><tr><th>EFT:</th><td>Nov 13 2023 00:00</td></tr><tr><th>LFT:</th><td>Nov 13 2023 00:00</td></tr></table>', new Date(2023,10,6,0,0,0), new Date(2023,10,13,0,0,0)],
[ 'Haas DM 3-axis-SA-1', '3-Axis-fixture-2-12', '#3AC248', '<style> th {text-align: left;} td {text-align: right;}</style><table style=\"width:100%;background-color:Cornsilk;\"><tr><th>TASK-NAME:</th><td>3-Axis-fixture-2</td></tr><tr><th>INSTANCE-NAME:</th><td>12</td></tr><tr><th>LOT:</th><td>2</td></tr><tr><th>ORDER:</th><td>Request-A</td></tr><tr><th>AGENT:</th><td>Haas DM 3-axis-SA-1</td></tr><tr><th>CONFIG:</th><td>NIL</td></tr><tr><th>SUPPLIER:</th><td>Supplier-A</td></tr><tr><th>TASK-TYPE:</th><td>EXECUTABLE</td></tr><tr><th>STATUS:</th><td>SCHEDULED</td></tr><tr><th>EST:</th><td>Nov 30 2023 18:42</td></tr><tr><th>LST:</th><td>Nov 11 2028 08:52</td></tr><tr><th>EFT:</th><td>Nov 30 2023 18:51</td></tr><tr><th>LFT:</th><td>Nov 11 2028 09:01</td></tr></table>', new Date(2023,10,30,18,42,26), new Date(2023,10,30,18,51,26)],
[ 'Haas DM 3-axis-SA-1', '3-Axis-machining-2-13', '#3AC248', '<style> th {text-align: left;} td {text-align: right;}</style><table style=\"width:100%;background-color:Cornsilk;\"><tr><th>TASK-NAME:</th><td>3-Axis-machining-2</td></tr><tr><th>INSTANCE-NAME:</th><td>13</td></tr><tr><th>LOT:</th><td>2</td></tr><tr><th>ORDER:</th><td>Request-A</td></tr><tr><th>AGENT:</th><td>Haas DM 3-axis-SA-1</td></tr><tr><th>CONFIG:</th><td>NIL</td></tr><tr><th>SUPPLIER:</th><td>Supplier-A</td></tr><tr><th>TASK-TYPE:</th><td>EXECUTABLE</td></tr><tr><th>STATUS:</th><td>SCHEDULED</td></tr><tr><th>EST:</th><td>Nov 30 2023 18:51</td></tr><tr><th>LST:</th><td>Nov 11 2028 09:01</td></tr><tr><th>EFT:</th><td>Dec  1 2023 18:23</td></tr><tr><th>LFT:</th><td>Nov 12 2028 08:33</td></tr></table>', new Date(2023,10,30,18,51,26), new Date(2023,11,1,18,23,42)],
[ 'Haas DM 3-axis-SA-1', '3-Axis-fixture-3-14', '#3AC248', '<style> th {text-align: left;} td {text-align: right;}</style><table style=\"width:100%;background-color:Cornsilk;\"><tr><th>TASK-NAME:</th><td>3-Axis-fixture-3</td></tr><tr><th>INSTANCE-NAME:</th><td>14</td></tr><tr><th>LOT:</th><td>2</td></tr><tr><th>ORDER:</th><td>Request-A</td></tr><tr><th>AGENT:</th><td>Haas DM 3-axis-SA-1</td></tr><tr><th>CONFIG:</th><td>NIL</td></tr><tr><th>SUPPLIER:</th><td>Supplier-A</td></tr><tr><th>TASK-TYPE:</th><td>EXECUTABLE</td></tr><tr><th>STATUS:</th><td>SCHEDULED</td></tr><tr><th>EST:</th><td>Dec  1 2023 18:23</td></tr><tr><th>LST:</th><td>Nov 12 2028 08:33</td></tr><tr><th>EFT:</th><td>Dec  1 2023 18:32</td></tr><tr><th>LFT:</th><td>Nov 12 2028 08:42</td></tr></table>', new Date(2023,11,1,18,23,42), new Date(2023,11,1,18,32,42)],
[ 'Haas DM 3-axis-SA-1', '3-Axis-machining-3-15', '#3AC248', '<style> th {text-align: left;} td {text-align: right;}</style><table style=\"width:100%;background-color:Cornsilk;\"><tr><th>TASK-NAME:</th><td>3-Axis-machining-3</td></tr><tr><th>INSTANCE-NAME:</th><td>15</td></tr><tr><th>LOT:</th><td>2</td></tr><tr><th>ORDER:</th><td>Request-A</td></tr><tr><th>AGENT:</th><td>Haas DM 3-axis-SA-1</td></tr><tr><th>CONFIG:</th><td>NIL</td></tr><tr><th>SUPPLIER:</th><td>Supplier-A</td></tr><tr><th>TASK-TYPE:</th><td>EXECUTABLE</td></tr><tr><th>STATUS:</th><td>SCHEDULED</td></tr><tr><th>EST:</th><td>Dec  1 2023 18:32</td></tr><tr><th>LST:</th><td>Nov 12 2028 08:42</td></tr><tr><th>EFT:</th><td>Dec  2 2023 03:37</td></tr><tr><th>LFT:</th><td>Nov 12 2028 17:47</td></tr></table>', new Date(2023,11,1,18,32,42), new Date(2023,11,2,3,37,22)],
[ 'Haas DM 3-axis-SA-1', '3-Axis-fixture-4-16', '#3AC248', '<style> th {text-align: left;} td {text-align: right;}</style><table style=\"width:100%;background-color:Cornsilk;\"><tr><th>TASK-NAME:</th><td>3-Axis-fixture-4</td></tr><tr><th>INSTANCE-NAME:</th><td>16</td></tr><tr><th>LOT:</th><td>2</td></tr><tr><th>ORDER:</th><td>Request-A</td></tr><tr><th>AGENT:</th><td>Haas DM 3-axis-SA-1</td></tr><tr><th>CONFIG:</th><td>NIL</td></tr><tr><th>SUPPLIER:</th><td>Supplier-A</td></tr><tr><th>TASK-TYPE:</th><td>EXECUTABLE</td></tr><tr><th>STATUS:</th><td>SCHEDULED</td></tr><tr><th>EST:</th><td>Dec  2 2023 03:37</td></tr><tr><th>LST:</th><td>Nov 12 2028 17:47</td></tr><tr><th>EFT:</th><td>Dec  2 2023 03:46</td></tr><tr><th>LFT:</th><td>Nov 12 2028 17:56</td></tr></table>', new Date(2023,11,2,3,37,22), new Date(2023,11,2,3,46,22)],
[ 'Haas DM 3-axis-SA-1', '3-Axis-machining-4-17', '#3AC248', '<style> th {text-align: left;} td {text-align: right;}</style><table style=\"width:100%;background-color:Cornsilk;\"><tr><th>TASK-NAME:</th><td>3-Axis-machining-4</td></tr><tr><th>INSTANCE-NAME:</th><td>17</td></tr><tr><th>LOT:</th><td>2</td></tr><tr><th>ORDER:</th><td>Request-A</td></tr><tr><th>AGENT:</th><td>Haas DM 3-axis-SA-1</td></tr><tr><th>CONFIG:</th><td>NIL</td></tr><tr><th>SUPPLIER:</th><td>Supplier-A</td></tr><tr><th>TASK-TYPE:</th><td>EXECUTABLE</td></tr><tr><th>STATUS:</th><td>SCHEDULED</td></tr><tr><th>EST:</th><td>Dec  2 2023 03:46</td></tr><tr><th>LST:</th><td>Nov 12 2028 17:56</td></tr><tr><th>EFT:</th><td>Dec  2 2023 07:22</td></tr><tr><th>LFT:</th><td>Nov 12 2028 21:32</td></tr></table>', new Date(2023,11,2,3,46,22), new Date(2023,11,2,7,22,15)],
[ 'Haas DM 3-axis-SA-1', '3-Axis-fixture-5-18', '#3AC248', '<style> th {text-align: left;} td {text-align: right;}</style><table style=\"width:100%;background-color:Cornsilk;\"><tr><th>TASK-NAME:</th><td>3-Axis-fixture-5</td></tr><tr><th>INSTANCE-NAME:</th><td>18</td></tr><tr><th>LOT:</th><td>2</td></tr><tr><th>ORDER:</th><td>Request-A</td></tr><tr><th>AGENT:</th><td>Haas DM 3-axis-SA-1</td></tr><tr><th>CONFIG:</th><td>NIL</td></tr><tr><th>SUPPLIER:</th><td>Supplier-A</td></tr><tr><th>TASK-TYPE:</th><td>EXECUTABLE</td></tr><tr><th>STATUS:</th><td>SCHEDULED</td></tr><tr><th>EST:</th><td>Dec  2 2023 07:22</td></tr><tr><th>LST:</th><td>Nov 12 2028 21:32</td></tr><tr><th>EFT:</th><td>Dec  2 2023 07:31</td></tr><tr><th>LFT:</th><td>Nov 12 2028 21:41</td></tr></table>', new Date(2023,11,2,7,22,15), new Date(2023,11,2,7,31,15)],
[ 'Haas DM 3-axis-SA-1', '3-Axis-machining-5-19', '#3AC248', '<style> th {text-align: left;} td {text-align: right;}</style><table style=\"width:100%;background-color:Cornsilk;\"><tr><th>TASK-NAME:</th><td>3-Axis-machining-5</td></tr><tr><th>INSTANCE-NAME:</th><td>19</td></tr><tr><th>LOT:</th><td>2</td></tr><tr><th>ORDER:</th><td>Request-A</td></tr><tr><th>AGENT:</th><td>Haas DM 3-axis-SA-1</td></tr><tr><th>CONFIG:</th><td>NIL</td></tr><tr><th>SUPPLIER:</th><td>Supplier-A</td></tr><tr><th>TASK-TYPE:</th><td>EXECUTABLE</td></tr><tr><th>STATUS:</th><td>SCHEDULED</td></tr><tr><th>EST:</th><td>Dec  2 2023 07:31</td></tr><tr><th>LST:</th><td>Nov 12 2028 21:41</td></tr><tr><th>EFT:</th><td>Dec  2 2023 08:43</td></tr><tr><th>LFT:</th><td>Nov 12 2028 22:53</td></tr></table>', new Date(2023,11,2,7,31,15), new Date(2023,11,2,8,43,4)],
[ 'Haas DM 3-axis-SA-1', '3-Axis-fixture-6-20', '#3AC248', '<style> th {text-align: left;} td {text-align: right;}</style><table style=\"width:100%;background-color:Cornsilk;\"><tr><th>TASK-NAME:</th><td>3-Axis-fixture-6</td></tr><tr><th>INSTANCE-NAME:</th><td>20</td></tr><tr><th>LOT:</th><td>2</td></tr><tr><th>ORDER:</th><td>Request-A</td></tr><tr><th>AGENT:</th><td>Haas DM 3-axis-SA-1</td></tr><tr><th>CONFIG:</th><td>NIL</td></tr><tr><th>SUPPLIER:</th><td>Supplier-A</td></tr><tr><th>TASK-TYPE:</th><td>EXECUTABLE</td></tr><tr><th>STATUS:</th><td>SCHEDULED</td></tr><tr><th>EST:</th><td>Dec  2 2023 08:43</td></tr><tr><th>LST:</th><td>Nov 12 2028 22:53</td></tr><tr><th>EFT:</th><td>Dec  2 2023 08:52</td></tr><tr><th>LFT:</th><td>Nov 12 2028 23:02</td></tr></table>', new Date(2023,11,2,8,43,4), new Date(2023,11,2,8,52,4)],
[ 'Haas DM 3-axis-SA-1', '3-Axis-machining-6-21', '#3AC248', '<style> th {text-align: left;} td {text-align: right;}</style><table style=\"width:100%;background-color:Cornsilk;\"><tr><th>TASK-NAME:</th><td>3-Axis-machining-6</td></tr><tr><th>INSTANCE-NAME:</th><td>21</td></tr><tr><th>LOT:</th><td>2</td></tr><tr><th>ORDER:</th><td>Request-A</td></tr><tr><th>AGENT:</th><td>Haas DM 3-axis-SA-1</td></tr><tr><th>CONFIG:</th><td>NIL</td></tr><tr><th>SUPPLIER:</th><td>Supplier-A</td></tr><tr><th>TASK-TYPE:</th><td>EXECUTABLE</td></tr><tr><th>STATUS:</th><td>SCHEDULED</td></tr><tr><th>EST:</th><td>Dec  2 2023 08:52</td></tr><tr><th>LST:</th><td>Nov 12 2028 23:02</td></tr><tr><th>EFT:</th><td>Dec  2 2023 09:24</td></tr><tr><th>LFT:</th><td>Nov 12 2028 23:34</td></tr></table>', new Date(2023,11,2,8,52,4), new Date(2023,11,2,9,24,52)],
[ 'Haas OM 5-axis-SA-1', 'DOWNTIME-1', '#21130D', '<style> th {text-align: left;} td {text-align: right;}</style><table style=\"width:100%;background-color:Cornsilk;\"><tr><th>TASK-NAME:</th><td>DOWNTIME</td></tr><tr><th>INSTANCE-NAME:</th><td>1</td></tr><tr><th>LOT:</th><td>NIL</td></tr><tr><th>ORDER:</th><td>NIL</td></tr><tr><th>AGENT:</th><td>Haas OM 5-axis-SA-1</td></tr><tr><th>CONFIG:</th><td>NIL</td></tr><tr><th>SUPPLIER:</th><td>Supplier-A</td></tr><tr><th>TASK-TYPE:</th><td>DOWNTIME-TASK</td></tr><tr><th>STATUS:</th><td>SCHEDULED</td></tr><tr><th>EST:</th><td>Nov  6 2023 00:00</td></tr><tr><th>LST:</th><td>Nov  6 2023 00:00</td></tr><tr><th>EFT:</th><td>Nov  9 2023 12:00</td></tr><tr><th>LFT:</th><td>Nov  9 2023 12:00</td></tr></table>', new Date(2023,10,6,0,0,0), new Date(2023,10,9,12,0,0)],
[ 'Haas OM 5-axis-SA-1', '3-Axis-machine-setup-9', '#3AC248', '<style> th {text-align: left;} td {text-align: right;}</style><table style=\"width:100%;background-color:Cornsilk;\"><tr><th>TASK-NAME:</th><td>3-Axis-machine-setup</td></tr><tr><th>INSTANCE-NAME:</th><td>9</td></tr><tr><th>LOT:</th><td>2</td></tr><tr><th>ORDER:</th><td>Request-A</td></tr><tr><th>AGENT:</th><td>Haas OM 5-axis-SA-1</td></tr><tr><th>CONFIG:</th><td>NIL</td></tr><tr><th>SUPPLIER:</th><td>Supplier-A</td></tr><tr><th>TASK-TYPE:</th><td>EXECUTABLE</td></tr><tr><th>STATUS:</th><td>SCHEDULED</td></tr><tr><th>EST:</th><td>Nov  9 2023 12:00</td></tr><tr><th>LST:</th><td>Oct 21 2028 02:10</td></tr><tr><th>EFT:</th><td>Nov  9 2023 12:29</td></tr><tr><th>LFT:</th><td>Oct 21 2028 02:39</td></tr></table>', new Date(2023,10,9,12,0,0), new Date(2023,10,9,12,29,42)],
[ 'Haas OM 5-axis-SA-1', '3-Axis-fixture-1-10', '#3AC248', '<style> th {text-align: left;} td {text-align: right;}</style><table style=\"width:100%;background-color:Cornsilk;\"><tr><th>TASK-NAME:</th><td>3-Axis-fixture-1</td></tr><tr><th>INSTANCE-NAME:</th><td>10</td></tr><tr><th>LOT:</th><td>2</td></tr><tr><th>ORDER:</th><td>Request-A</td></tr><tr><th>AGENT:</th><td>Haas OM 5-axis-SA-1</td></tr><tr><th>CONFIG:</th><td>NIL</td></tr><tr><th>SUPPLIER:</th><td>Supplier-A</td></tr><tr><th>TASK-TYPE:</th><td>EXECUTABLE</td></tr><tr><th>STATUS:</th><td>SCHEDULED</td></tr><tr><th>EST:</th><td>Nov  9 2023 12:29</td></tr><tr><th>LST:</th><td>Oct 21 2028 02:39</td></tr><tr><th>EFT:</th><td>Nov  9 2023 12:39</td></tr><tr><th>LFT:</th><td>Oct 21 2028 02:49</td></tr></table>', new Date(2023,10,9,12,29,42), new Date(2023,10,9,12,39,36)],
[ 'Haas OM 5-axis-SA-1', '3-Axis-machining-1-11', '#3AC248', '<style> th {text-align: left;} td {text-align: right;}</style><table style=\"width:100%;background-color:Cornsilk;\"><tr><th>TASK-NAME:</th><td>3-Axis-machining-1</td></tr><tr><th>INSTANCE-NAME:</th><td>11</td></tr><tr><th>LOT:</th><td>2</td></tr><tr><th>ORDER:</th><td>Request-A</td></tr><tr><th>AGENT:</th><td>Haas OM 5-axis-SA-1</td></tr><tr><th>CONFIG:</th><td>NIL</td></tr><tr><th>SUPPLIER:</th><td>Supplier-A</td></tr><tr><th>TASK-TYPE:</th><td>EXECUTABLE</td></tr><tr><th>STATUS:</th><td>SCHEDULED</td></tr><tr><th>EST:</th><td>Nov  9 2023 12:39</td></tr><tr><th>LST:</th><td>Oct 21 2028 02:49</td></tr><tr><th>EFT:</th><td>Nov 30 2023 18:42</td></tr><tr><th>LFT:</th><td>Nov 11 2028 08:52</td></tr></table>', new Date(2023,10,9,12,39,36), new Date(2023,10,30,18,42,26)],
[ 'Haas OM 5-axis-SA-2', 'DOWNTIME-2', '#21130D', '<style> th {text-align: left;} td {text-align: right;}</style><table style=\"width:100%;background-color:Cornsilk;\"><tr><th>TASK-NAME:</th><td>DOWNTIME</td></tr><tr><th>INSTANCE-NAME:</th><td>2</td></tr><tr><th>LOT:</th><td>NIL</td></tr><tr><th>ORDER:</th><td>NIL</td></tr><tr><th>AGENT:</th><td>Haas OM 5-axis-SA-2</td></tr><tr><th>CONFIG:</th><td>NIL</td></tr><tr><th>SUPPLIER:</th><td>Supplier-A</td></tr><tr><th>TASK-TYPE:</th><td>DOWNTIME-TASK</td></tr><tr><th>STATUS:</th><td>SCHEDULED</td></tr><tr><th>EST:</th><td>Nov  6 2023 00:00</td></tr><tr><th>LST:</th><td>Nov  6 2023 00:00</td></tr><tr><th>EFT:</th><td>Nov 16 2023 12:00</td></tr><tr><th>LFT:</th><td>Nov 16 2023 12:00</td></tr></table>', new Date(2023,10,6,0,0,0), new Date(2023,10,16,12,0,0)],
[ 'Haas OM 5-axis-SA-2', 'DOWNTIME-3', '#21130D', '<style> th {text-align: left;} td {text-align: right;}</style><table style=\"width:100%;background-color:Cornsilk;\"><tr><th>TASK-NAME:</th><td>DOWNTIME</td></tr><tr><th>INSTANCE-NAME:</th><td>3</td></tr><tr><th>LOT:</th><td>NIL</td></tr><tr><th>ORDER:</th><td>NIL</td></tr><tr><th>AGENT:</th><td>Haas OM 5-axis-SA-2</td></tr><tr><th>CONFIG:</th><td>NIL</td></tr><tr><th>SUPPLIER:</th><td>Supplier-A</td></tr><tr><th>TASK-TYPE:</th><td>DOWNTIME-TASK</td></tr><tr><th>STATUS:</th><td>SCHEDULED</td></tr><tr><th>EST:</th><td>Nov 18 2023 06:00</td></tr><tr><th>LST:</th><td>Nov 18 2023 06:00</td></tr><tr><th>EFT:</th><td>Nov 28 2023 18:00</td></tr><tr><th>LFT:</th><td>Nov 28 2023 18:00</td></tr></table>', new Date(2023,10,18,6,0,0), new Date(2023,10,28,18,0,0)],
[ 'Haas OM 5-axis-SA-3', 'DOWNTIME-4', '#21130D', '<style> th {text-align: left;} td {text-align: right;}</style><table style=\"width:100%;background-color:Cornsilk;\"><tr><th>TASK-NAME:</th><td>DOWNTIME</td></tr><tr><th>INSTANCE-NAME:</th><td>4</td></tr><tr><th>LOT:</th><td>NIL</td></tr><tr><th>ORDER:</th><td>NIL</td></tr><tr><th>AGENT:</th><td>Haas OM 5-axis-SA-3</td></tr><tr><th>CONFIG:</th><td>NIL</td></tr><tr><th>SUPPLIER:</th><td>Supplier-A</td></tr><tr><th>TASK-TYPE:</th><td>DOWNTIME-TASK</td></tr><tr><th>STATUS:</th><td>SCHEDULED</td></tr><tr><th>EST:</th><td>Nov  6 2023 00:00</td></tr><tr><th>LST:</th><td>Nov  6 2023 00:00</td></tr><tr><th>EFT:</th><td>Nov 16 2023 12:00</td></tr><tr><th>LFT:</th><td>Nov 16 2023 12:00</td></tr></table>', new Date(2023,10,6,0,0,0), new Date(2023,10,16,12,0,0)],
[ 'Haas OM 5-axis-SA-4', 'DOWNTIME-5', '#21130D', '<style> th {text-align: left;} td {text-align: right;}</style><table style=\"width:100%;background-color:Cornsilk;\"><tr><th>TASK-NAME:</th><td>DOWNTIME</td></tr><tr><th>INSTANCE-NAME:</th><td>5</td></tr><tr><th>LOT:</th><td>NIL</td></tr><tr><th>ORDER:</th><td>NIL</td></tr><tr><th>AGENT:</th><td>Haas OM 5-axis-SA-4</td></tr><tr><th>CONFIG:</th><td>NIL</td></tr><tr><th>SUPPLIER:</th><td>Supplier-A</td></tr><tr><th>TASK-TYPE:</th><td>DOWNTIME-TASK</td></tr><tr><th>STATUS:</th><td>SCHEDULED</td></tr><tr><th>EST:</th><td>Nov  6 2023 00:00</td></tr><tr><th>LST:</th><td>Nov  6 2023 00:00</td></tr><tr><th>EFT:</th><td>Nov 13 2023 00:00</td></tr><tr><th>LFT:</th><td>Nov 13 2023 00:00</td></tr></table>', new Date(2023,10,6,0,0,0), new Date(2023,10,13,0,0,0)],
[ 'Inspection-Station SA-1', 'Unused', '#E6E6E6', '<style> th {text-align: left;} td {text-align: right;}</style><table style=\"width:100%;background-color:Cornsilk;\"></table>', new Date(2023,10,6,0,0,0), new Date(2023,10,6,0,0,0)],
[ 'Polish-Station-SA-1', 'Polishing-22', '#3AC248', '<style> th {text-align: left;} td {text-align: right;}</style><table style=\"width:100%;background-color:Cornsilk;\"><tr><th>TASK-NAME:</th><td>Polishing</td></tr><tr><th>INSTANCE-NAME:</th><td>22</td></tr><tr><th>LOT:</th><td>2</td></tr><tr><th>ORDER:</th><td>Request-A</td></tr><tr><th>AGENT:</th><td>Polish-Station-SA-1</td></tr><tr><th>CONFIG:</th><td>NIL</td></tr><tr><th>SUPPLIER:</th><td>Supplier-A</td></tr><tr><th>TASK-TYPE:</th><td>EXECUTABLE</td></tr><tr><th>STATUS:</th><td>SCHEDULED</td></tr><tr><th>EST:</th><td>Dec  2 2023 09:24</td></tr><tr><th>LST:</th><td>Nov 12 2028 23:34</td></tr><tr><th>EFT:</th><td>Dec  2 2023 09:29</td></tr><tr><th>LFT:</th><td>Nov 12 2028 23:39</td></tr></table>', new Date(2023,11,2,9,24,52), new Date(2023,11,2,9,29,52)],
[ 'Polish-Station-SA-1', 'Inspection-23', '#3AC248', '<style> th {text-align: left;} td {text-align: right;}</style><table style=\"width:100%;background-color:Cornsilk;\"><tr><th>TASK-NAME:</th><td>Inspection</td></tr><tr><th>INSTANCE-NAME:</th><td>23</td></tr><tr><th>LOT:</th><td>2</td></tr><tr><th>ORDER:</th><td>Request-A</td></tr><tr><th>AGENT:</th><td>Polish-Station-SA-1</td></tr><tr><th>CONFIG:</th><td>NIL</td></tr><tr><th>SUPPLIER:</th><td>Supplier-A</td></tr><tr><th>TASK-TYPE:</th><td>EXECUTABLE</td></tr><tr><th>STATUS:</th><td>SCHEDULED</td></tr><tr><th>EST:</th><td>Dec  2 2023 09:29</td></tr><tr><th>LST:</th><td>Nov 12 2028 23:39</td></tr><tr><th>EFT:</th><td>Dec  2 2023 09:49</td></tr><tr><th>LFT:</th><td>Nov 12 2028 23:59</td></tr></table>', new Date(2023,11,2,9,29,52), new Date(2023,11,2,9,49,52)],
[ 'Reorderer-SA', 'Unused', '#E6E6E6', '<style> th {text-align: left;} td {text-align: right;}</style><table style=\"width:100%;background-color:Cornsilk;\"></table>', new Date(2023,10,6,0,0,0), new Date(2023,10,6,0,0,0)],
]);

    var options = {
      timeline: {rowLabelStyle: {fontName: 'Ariel', fontSize: 14, color: '#000000' }},
      tooltip: {isHtml: true},
      legend: 'none'    
      };

    chart.draw(dataTable, options);
  }
</script>

<div id=\"lmco-agenda-graph\" style=\"height: 550px;\"></div>"
[3906488264.741293 INFO] connection => #<SB-SYS:FD-STREAM for #<SB-BSD-SOCKETS:INET-SOCKET 127.0.0.1:9090, peer: 127.0.0.1:63101, fd: 480 {1002D8FEC3}> {1002EE27D3}>
path => "/favicon.ico"
vals => ((:CONNECTION . "keep-alive")
         (:USER-AGENT
          . "Mozilla/5.0 (Windows NT 10.0; Win64; x64) AppleWebKit/537.36 (KHTML, like Gecko) Chrome/118.0.0.0 Safari/537.36"))
response => NIL
[3906488271.473815 INFO] connection => #<SB-SYS:FD-STREAM for #<SB-BSD-SOCKETS:INET-SOCKET 127.0.0.1:9090, peer: 127.0.0.1:63102, fd: 504 {1002EE2BB3}> {1002EE3583}>
path => "/favicon.ico"
vals => ((:CONNECTION . "keep-alive")
         (:USER-AGENT
          . "Mozilla/5.0 (Windows NT 10.0; Win64; x64) AppleWebKit/537.36 (KHTML, like Gecko) Chrome/118.0.0.0 Safari/537.36"))
response => NIL
[3906488272.759910 INFO] connection => #<SB-SYS:FD-STREAM for #<SB-BSD-SOCKETS:INET-SOCKET 127.0.0.1:9090, peer: 127.0.0.1:63107, fd: 552 {1002EE3963}> {1002F553D3}>
path => "/bid-graph=1"
vals => ((:CONNECTION . "keep-alive")
         (:USER-AGENT
          . "Mozilla/5.0 (Windows NT 10.0; Win64; x64) AppleWebKit/537.36 (KHTML, like Gecko) Chrome/118.0.0.0 Safari/537.36"))
response => "<script type=\"text/javascript\" src=\"https://www.gstatic.com/charts/loader.js\"></script>

<script type=\"text/javascript\">
  google.charts.load(\"current\", {packages:[\"timeline\"]});
  google.charts.setOnLoadCallback(drawChart);
  function drawChart() {

    var container = document.getElementById('lmco-agenda-graph');
    var chart = new google.visualization.Timeline(container);
    var dataTable = new google.visualization.DataTable();
    dataTable.addColumn({ type: 'string', id: 'Agent' });
    dataTable.addColumn({ type: 'string', id: 'Task' });
    dataTable.addColumn({ type: 'string', id: 'color', role: 'style' });
    dataTable.addColumn({ type: 'string', role: 'tooltip', 'p': {'html': true}});
    dataTable.addColumn({ type: 'date', id: 'Start' });
    dataTable.addColumn({ type: 'date', id: 'End' });

    dataTable.addRows([
[ 'Supplier-A', '', '#FFA500', '<style> th {text-align: left;} td {text-align: right;}</style><table style=\"width:100%;background-color:Cornsilk;\"></table>', new Date(2023,10,6,0,0,0), new Date(2023,11,2,9,49,52)],
[ 'GF Machining Solutions AC Progress VP3-1-SA', 'Unused', '#E6E6E6', '<style> th {text-align: left;} td {text-align: right;}</style><table style=\"width:100%;background-color:Cornsilk;\"></table>', new Date(2023,10,6,0,0,0), new Date(2023,10,6,0,0,0)],
[ 'Haas DM 3-axis-SA-1', 'DOWNTIME-6', '#21130D', '<style> th {text-align: left;} td {text-align: right;}</style><table style=\"width:100%;background-color:Cornsilk;\"><tr><th>TASK-NAME:</th><td>DOWNTIME</td></tr><tr><th>INSTANCE-NAME:</th><td>6</td></tr><tr><th>LOT:</th><td>NIL</td></tr><tr><th>ORDER:</th><td>NIL</td></tr><tr><th>AGENT:</th><td>Haas DM 3-axis-SA-1</td></tr><tr><th>CONFIG:</th><td>NIL</td></tr><tr><th>SUPPLIER:</th><td>Supplier-A</td></tr><tr><th>TASK-TYPE:</th><td>DOWNTIME-TASK</td></tr><tr><th>STATUS:</th><td>SCHEDULED</td></tr><tr><th>EST:</th><td>Nov  6 2023 00:00</td></tr><tr><th>LST:</th><td>Nov  6 2023 00:00</td></tr><tr><th>EFT:</th><td>Nov 13 2023 00:00</td></tr><tr><th>LFT:</th><td>Nov 13 2023 00:00</td></tr></table>', new Date(2023,10,6,0,0,0), new Date(2023,10,13,0,0,0)],
[ 'Haas DM 3-axis-SA-1', '3-Axis-fixture-2-12', '#3AC248', '<style> th {text-align: left;} td {text-align: right;}</style><table style=\"width:100%;background-color:Cornsilk;\"><tr><th>TASK-NAME:</th><td>3-Axis-fixture-2</td></tr><tr><th>INSTANCE-NAME:</th><td>12</td></tr><tr><th>LOT:</th><td>2</td></tr><tr><th>ORDER:</th><td>Request-A</td></tr><tr><th>AGENT:</th><td>Haas DM 3-axis-SA-1</td></tr><tr><th>CONFIG:</th><td>NIL</td></tr><tr><th>SUPPLIER:</th><td>Supplier-A</td></tr><tr><th>TASK-TYPE:</th><td>EXECUTABLE</td></tr><tr><th>STATUS:</th><td>SCHEDULED</td></tr><tr><th>EST:</th><td>Nov 30 2023 18:42</td></tr><tr><th>LST:</th><td>Nov 11 2028 08:52</td></tr><tr><th>EFT:</th><td>Nov 30 2023 18:51</td></tr><tr><th>LFT:</th><td>Nov 11 2028 09:01</td></tr></table>', new Date(2023,10,30,18,42,26), new Date(2023,10,30,18,51,26)],
[ 'Haas DM 3-axis-SA-1', '3-Axis-machining-2-13', '#3AC248', '<style> th {text-align: left;} td {text-align: right;}</style><table style=\"width:100%;background-color:Cornsilk;\"><tr><th>TASK-NAME:</th><td>3-Axis-machining-2</td></tr><tr><th>INSTANCE-NAME:</th><td>13</td></tr><tr><th>LOT:</th><td>2</td></tr><tr><th>ORDER:</th><td>Request-A</td></tr><tr><th>AGENT:</th><td>Haas DM 3-axis-SA-1</td></tr><tr><th>CONFIG:</th><td>NIL</td></tr><tr><th>SUPPLIER:</th><td>Supplier-A</td></tr><tr><th>TASK-TYPE:</th><td>EXECUTABLE</td></tr><tr><th>STATUS:</th><td>SCHEDULED</td></tr><tr><th>EST:</th><td>Nov 30 2023 18:51</td></tr><tr><th>LST:</th><td>Nov 11 2028 09:01</td></tr><tr><th>EFT:</th><td>Dec  1 2023 18:23</td></tr><tr><th>LFT:</th><td>Nov 12 2028 08:33</td></tr></table>', new Date(2023,10,30,18,51,26), new Date(2023,11,1,18,23,42)],
[ 'Haas DM 3-axis-SA-1', '3-Axis-fixture-3-14', '#3AC248', '<style> th {text-align: left;} td {text-align: right;}</style><table style=\"width:100%;background-color:Cornsilk;\"><tr><th>TASK-NAME:</th><td>3-Axis-fixture-3</td></tr><tr><th>INSTANCE-NAME:</th><td>14</td></tr><tr><th>LOT:</th><td>2</td></tr><tr><th>ORDER:</th><td>Request-A</td></tr><tr><th>AGENT:</th><td>Haas DM 3-axis-SA-1</td></tr><tr><th>CONFIG:</th><td>NIL</td></tr><tr><th>SUPPLIER:</th><td>Supplier-A</td></tr><tr><th>TASK-TYPE:</th><td>EXECUTABLE</td></tr><tr><th>STATUS:</th><td>SCHEDULED</td></tr><tr><th>EST:</th><td>Dec  1 2023 18:23</td></tr><tr><th>LST:</th><td>Nov 12 2028 08:33</td></tr><tr><th>EFT:</th><td>Dec  1 2023 18:32</td></tr><tr><th>LFT:</th><td>Nov 12 2028 08:42</td></tr></table>', new Date(2023,11,1,18,23,42), new Date(2023,11,1,18,32,42)],
[ 'Haas DM 3-axis-SA-1', '3-Axis-machining-3-15', '#3AC248', '<style> th {text-align: left;} td {text-align: right;}</style><table style=\"width:100%;background-color:Cornsilk;\"><tr><th>TASK-NAME:</th><td>3-Axis-machining-3</td></tr><tr><th>INSTANCE-NAME:</th><td>15</td></tr><tr><th>LOT:</th><td>2</td></tr><tr><th>ORDER:</th><td>Request-A</td></tr><tr><th>AGENT:</th><td>Haas DM 3-axis-SA-1</td></tr><tr><th>CONFIG:</th><td>NIL</td></tr><tr><th>SUPPLIER:</th><td>Supplier-A</td></tr><tr><th>TASK-TYPE:</th><td>EXECUTABLE</td></tr><tr><th>STATUS:</th><td>SCHEDULED</td></tr><tr><th>EST:</th><td>Dec  1 2023 18:32</td></tr><tr><th>LST:</th><td>Nov 12 2028 08:42</td></tr><tr><th>EFT:</th><td>Dec  2 2023 03:37</td></tr><tr><th>LFT:</th><td>Nov 12 2028 17:47</td></tr></table>', new Date(2023,11,1,18,32,42), new Date(2023,11,2,3,37,22)],
[ 'Haas DM 3-axis-SA-1', '3-Axis-fixture-4-16', '#3AC248', '<style> th {text-align: left;} td {text-align: right;}</style><table style=\"width:100%;background-color:Cornsilk;\"><tr><th>TASK-NAME:</th><td>3-Axis-fixture-4</td></tr><tr><th>INSTANCE-NAME:</th><td>16</td></tr><tr><th>LOT:</th><td>2</td></tr><tr><th>ORDER:</th><td>Request-A</td></tr><tr><th>AGENT:</th><td>Haas DM 3-axis-SA-1</td></tr><tr><th>CONFIG:</th><td>NIL</td></tr><tr><th>SUPPLIER:</th><td>Supplier-A</td></tr><tr><th>TASK-TYPE:</th><td>EXECUTABLE</td></tr><tr><th>STATUS:</th><td>SCHEDULED</td></tr><tr><th>EST:</th><td>Dec  2 2023 03:37</td></tr><tr><th>LST:</th><td>Nov 12 2028 17:47</td></tr><tr><th>EFT:</th><td>Dec  2 2023 03:46</td></tr><tr><th>LFT:</th><td>Nov 12 2028 17:56</td></tr></table>', new Date(2023,11,2,3,37,22), new Date(2023,11,2,3,46,22)],
[ 'Haas DM 3-axis-SA-1', '3-Axis-machining-4-17', '#3AC248', '<style> th {text-align: left;} td {text-align: right;}</style><table style=\"width:100%;background-color:Cornsilk;\"><tr><th>TASK-NAME:</th><td>3-Axis-machining-4</td></tr><tr><th>INSTANCE-NAME:</th><td>17</td></tr><tr><th>LOT:</th><td>2</td></tr><tr><th>ORDER:</th><td>Request-A</td></tr><tr><th>AGENT:</th><td>Haas DM 3-axis-SA-1</td></tr><tr><th>CONFIG:</th><td>NIL</td></tr><tr><th>SUPPLIER:</th><td>Supplier-A</td></tr><tr><th>TASK-TYPE:</th><td>EXECUTABLE</td></tr><tr><th>STATUS:</th><td>SCHEDULED</td></tr><tr><th>EST:</th><td>Dec  2 2023 03:46</td></tr><tr><th>LST:</th><td>Nov 12 2028 17:56</td></tr><tr><th>EFT:</th><td>Dec  2 2023 07:22</td></tr><tr><th>LFT:</th><td>Nov 12 2028 21:32</td></tr></table>', new Date(2023,11,2,3,46,22), new Date(2023,11,2,7,22,15)],
[ 'Haas DM 3-axis-SA-1', '3-Axis-fixture-5-18', '#3AC248', '<style> th {text-align: left;} td {text-align: right;}</style><table style=\"width:100%;background-color:Cornsilk;\"><tr><th>TASK-NAME:</th><td>3-Axis-fixture-5</td></tr><tr><th>INSTANCE-NAME:</th><td>18</td></tr><tr><th>LOT:</th><td>2</td></tr><tr><th>ORDER:</th><td>Request-A</td></tr><tr><th>AGENT:</th><td>Haas DM 3-axis-SA-1</td></tr><tr><th>CONFIG:</th><td>NIL</td></tr><tr><th>SUPPLIER:</th><td>Supplier-A</td></tr><tr><th>TASK-TYPE:</th><td>EXECUTABLE</td></tr><tr><th>STATUS:</th><td>SCHEDULED</td></tr><tr><th>EST:</th><td>Dec  2 2023 07:22</td></tr><tr><th>LST:</th><td>Nov 12 2028 21:32</td></tr><tr><th>EFT:</th><td>Dec  2 2023 07:31</td></tr><tr><th>LFT:</th><td>Nov 12 2028 21:41</td></tr></table>', new Date(2023,11,2,7,22,15), new Date(2023,11,2,7,31,15)],
[ 'Haas DM 3-axis-SA-1', '3-Axis-machining-5-19', '#3AC248', '<style> th {text-align: left;} td {text-align: right;}</style><table style=\"width:100%;background-color:Cornsilk;\"><tr><th>TASK-NAME:</th><td>3-Axis-machining-5</td></tr><tr><th>INSTANCE-NAME:</th><td>19</td></tr><tr><th>LOT:</th><td>2</td></tr><tr><th>ORDER:</th><td>Request-A</td></tr><tr><th>AGENT:</th><td>Haas DM 3-axis-SA-1</td></tr><tr><th>CONFIG:</th><td>NIL</td></tr><tr><th>SUPPLIER:</th><td>Supplier-A</td></tr><tr><th>TASK-TYPE:</th><td>EXECUTABLE</td></tr><tr><th>STATUS:</th><td>SCHEDULED</td></tr><tr><th>EST:</th><td>Dec  2 2023 07:31</td></tr><tr><th>LST:</th><td>Nov 12 2028 21:41</td></tr><tr><th>EFT:</th><td>Dec  2 2023 08:43</td></tr><tr><th>LFT:</th><td>Nov 12 2028 22:53</td></tr></table>', new Date(2023,11,2,7,31,15), new Date(2023,11,2,8,43,4)],
[ 'Haas DM 3-axis-SA-1', '3-Axis-fixture-6-20', '#3AC248', '<style> th {text-align: left;} td {text-align: right;}</style><table style=\"width:100%;background-color:Cornsilk;\"><tr><th>TASK-NAME:</th><td>3-Axis-fixture-6</td></tr><tr><th>INSTANCE-NAME:</th><td>20</td></tr><tr><th>LOT:</th><td>2</td></tr><tr><th>ORDER:</th><td>Request-A</td></tr><tr><th>AGENT:</th><td>Haas DM 3-axis-SA-1</td></tr><tr><th>CONFIG:</th><td>NIL</td></tr><tr><th>SUPPLIER:</th><td>Supplier-A</td></tr><tr><th>TASK-TYPE:</th><td>EXECUTABLE</td></tr><tr><th>STATUS:</th><td>SCHEDULED</td></tr><tr><th>EST:</th><td>Dec  2 2023 08:43</td></tr><tr><th>LST:</th><td>Nov 12 2028 22:53</td></tr><tr><th>EFT:</th><td>Dec  2 2023 08:52</td></tr><tr><th>LFT:</th><td>Nov 12 2028 23:02</td></tr></table>', new Date(2023,11,2,8,43,4), new Date(2023,11,2,8,52,4)],
[ 'Haas DM 3-axis-SA-1', '3-Axis-machining-6-21', '#3AC248', '<style> th {text-align: left;} td {text-align: right;}</style><table style=\"width:100%;background-color:Cornsilk;\"><tr><th>TASK-NAME:</th><td>3-Axis-machining-6</td></tr><tr><th>INSTANCE-NAME:</th><td>21</td></tr><tr><th>LOT:</th><td>2</td></tr><tr><th>ORDER:</th><td>Request-A</td></tr><tr><th>AGENT:</th><td>Haas DM 3-axis-SA-1</td></tr><tr><th>CONFIG:</th><td>NIL</td></tr><tr><th>SUPPLIER:</th><td>Supplier-A</td></tr><tr><th>TASK-TYPE:</th><td>EXECUTABLE</td></tr><tr><th>STATUS:</th><td>SCHEDULED</td></tr><tr><th>EST:</th><td>Dec  2 2023 08:52</td></tr><tr><th>LST:</th><td>Nov 12 2028 23:02</td></tr><tr><th>EFT:</th><td>Dec  2 2023 09:24</td></tr><tr><th>LFT:</th><td>Nov 12 2028 23:34</td></tr></table>', new Date(2023,11,2,8,52,4), new Date(2023,11,2,9,24,52)],
[ 'Haas OM 5-axis-SA-1', 'DOWNTIME-1', '#21130D', '<style> th {text-align: left;} td {text-align: right;}</style><table style=\"width:100%;background-color:Cornsilk;\"><tr><th>TASK-NAME:</th><td>DOWNTIME</td></tr><tr><th>INSTANCE-NAME:</th><td>1</td></tr><tr><th>LOT:</th><td>NIL</td></tr><tr><th>ORDER:</th><td>NIL</td></tr><tr><th>AGENT:</th><td>Haas OM 5-axis-SA-1</td></tr><tr><th>CONFIG:</th><td>NIL</td></tr><tr><th>SUPPLIER:</th><td>Supplier-A</td></tr><tr><th>TASK-TYPE:</th><td>DOWNTIME-TASK</td></tr><tr><th>STATUS:</th><td>SCHEDULED</td></tr><tr><th>EST:</th><td>Nov  6 2023 00:00</td></tr><tr><th>LST:</th><td>Nov  6 2023 00:00</td></tr><tr><th>EFT:</th><td>Nov  9 2023 12:00</td></tr><tr><th>LFT:</th><td>Nov  9 2023 12:00</td></tr></table>', new Date(2023,10,6,0,0,0), new Date(2023,10,9,12,0,0)],
[ 'Haas OM 5-axis-SA-1', '3-Axis-machine-setup-9', '#3AC248', '<style> th {text-align: left;} td {text-align: right;}</style><table style=\"width:100%;background-color:Cornsilk;\"><tr><th>TASK-NAME:</th><td>3-Axis-machine-setup</td></tr><tr><th>INSTANCE-NAME:</th><td>9</td></tr><tr><th>LOT:</th><td>2</td></tr><tr><th>ORDER:</th><td>Request-A</td></tr><tr><th>AGENT:</th><td>Haas OM 5-axis-SA-1</td></tr><tr><th>CONFIG:</th><td>NIL</td></tr><tr><th>SUPPLIER:</th><td>Supplier-A</td></tr><tr><th>TASK-TYPE:</th><td>EXECUTABLE</td></tr><tr><th>STATUS:</th><td>SCHEDULED</td></tr><tr><th>EST:</th><td>Nov  9 2023 12:00</td></tr><tr><th>LST:</th><td>Oct 21 2028 02:10</td></tr><tr><th>EFT:</th><td>Nov  9 2023 12:29</td></tr><tr><th>LFT:</th><td>Oct 21 2028 02:39</td></tr></table>', new Date(2023,10,9,12,0,0), new Date(2023,10,9,12,29,42)],
[ 'Haas OM 5-axis-SA-1', '3-Axis-fixture-1-10', '#3AC248', '<style> th {text-align: left;} td {text-align: right;}</style><table style=\"width:100%;background-color:Cornsilk;\"><tr><th>TASK-NAME:</th><td>3-Axis-fixture-1</td></tr><tr><th>INSTANCE-NAME:</th><td>10</td></tr><tr><th>LOT:</th><td>2</td></tr><tr><th>ORDER:</th><td>Request-A</td></tr><tr><th>AGENT:</th><td>Haas OM 5-axis-SA-1</td></tr><tr><th>CONFIG:</th><td>NIL</td></tr><tr><th>SUPPLIER:</th><td>Supplier-A</td></tr><tr><th>TASK-TYPE:</th><td>EXECUTABLE</td></tr><tr><th>STATUS:</th><td>SCHEDULED</td></tr><tr><th>EST:</th><td>Nov  9 2023 12:29</td></tr><tr><th>LST:</th><td>Oct 21 2028 02:39</td></tr><tr><th>EFT:</th><td>Nov  9 2023 12:39</td></tr><tr><th>LFT:</th><td>Oct 21 2028 02:49</td></tr></table>', new Date(2023,10,9,12,29,42), new Date(2023,10,9,12,39,36)],
[ 'Haas OM 5-axis-SA-1', '3-Axis-machining-1-11', '#3AC248', '<style> th {text-align: left;} td {text-align: right;}</style><table style=\"width:100%;background-color:Cornsilk;\"><tr><th>TASK-NAME:</th><td>3-Axis-machining-1</td></tr><tr><th>INSTANCE-NAME:</th><td>11</td></tr><tr><th>LOT:</th><td>2</td></tr><tr><th>ORDER:</th><td>Request-A</td></tr><tr><th>AGENT:</th><td>Haas OM 5-axis-SA-1</td></tr><tr><th>CONFIG:</th><td>NIL</td></tr><tr><th>SUPPLIER:</th><td>Supplier-A</td></tr><tr><th>TASK-TYPE:</th><td>EXECUTABLE</td></tr><tr><th>STATUS:</th><td>SCHEDULED</td></tr><tr><th>EST:</th><td>Nov  9 2023 12:39</td></tr><tr><th>LST:</th><td>Oct 21 2028 02:49</td></tr><tr><th>EFT:</th><td>Nov 30 2023 18:42</td></tr><tr><th>LFT:</th><td>Nov 11 2028 08:52</td></tr></table>', new Date(2023,10,9,12,39,36), new Date(2023,10,30,18,42,26)],
[ 'Haas OM 5-axis-SA-2', 'DOWNTIME-2', '#21130D', '<style> th {text-align: left;} td {text-align: right;}</style><table style=\"width:100%;background-color:Cornsilk;\"><tr><th>TASK-NAME:</th><td>DOWNTIME</td></tr><tr><th>INSTANCE-NAME:</th><td>2</td></tr><tr><th>LOT:</th><td>NIL</td></tr><tr><th>ORDER:</th><td>NIL</td></tr><tr><th>AGENT:</th><td>Haas OM 5-axis-SA-2</td></tr><tr><th>CONFIG:</th><td>NIL</td></tr><tr><th>SUPPLIER:</th><td>Supplier-A</td></tr><tr><th>TASK-TYPE:</th><td>DOWNTIME-TASK</td></tr><tr><th>STATUS:</th><td>SCHEDULED</td></tr><tr><th>EST:</th><td>Nov  6 2023 00:00</td></tr><tr><th>LST:</th><td>Nov  6 2023 00:00</td></tr><tr><th>EFT:</th><td>Nov 16 2023 12:00</td></tr><tr><th>LFT:</th><td>Nov 16 2023 12:00</td></tr></table>', new Date(2023,10,6,0,0,0), new Date(2023,10,16,12,0,0)],
[ 'Haas OM 5-axis-SA-2', 'DOWNTIME-3', '#21130D', '<style> th {text-align: left;} td {text-align: right;}</style><table style=\"width:100%;background-color:Cornsilk;\"><tr><th>TASK-NAME:</th><td>DOWNTIME</td></tr><tr><th>INSTANCE-NAME:</th><td>3</td></tr><tr><th>LOT:</th><td>NIL</td></tr><tr><th>ORDER:</th><td>NIL</td></tr><tr><th>AGENT:</th><td>Haas OM 5-axis-SA-2</td></tr><tr><th>CONFIG:</th><td>NIL</td></tr><tr><th>SUPPLIER:</th><td>Supplier-A</td></tr><tr><th>TASK-TYPE:</th><td>DOWNTIME-TASK</td></tr><tr><th>STATUS:</th><td>SCHEDULED</td></tr><tr><th>EST:</th><td>Nov 18 2023 06:00</td></tr><tr><th>LST:</th><td>Nov 18 2023 06:00</td></tr><tr><th>EFT:</th><td>Nov 28 2023 18:00</td></tr><tr><th>LFT:</th><td>Nov 28 2023 18:00</td></tr></table>', new Date(2023,10,18,6,0,0), new Date(2023,10,28,18,0,0)],
[ 'Haas OM 5-axis-SA-3', 'DOWNTIME-4', '#21130D', '<style> th {text-align: left;} td {text-align: right;}</style><table style=\"width:100%;background-color:Cornsilk;\"><tr><th>TASK-NAME:</th><td>DOWNTIME</td></tr><tr><th>INSTANCE-NAME:</th><td>4</td></tr><tr><th>LOT:</th><td>NIL</td></tr><tr><th>ORDER:</th><td>NIL</td></tr><tr><th>AGENT:</th><td>Haas OM 5-axis-SA-3</td></tr><tr><th>CONFIG:</th><td>NIL</td></tr><tr><th>SUPPLIER:</th><td>Supplier-A</td></tr><tr><th>TASK-TYPE:</th><td>DOWNTIME-TASK</td></tr><tr><th>STATUS:</th><td>SCHEDULED</td></tr><tr><th>EST:</th><td>Nov  6 2023 00:00</td></tr><tr><th>LST:</th><td>Nov  6 2023 00:00</td></tr><tr><th>EFT:</th><td>Nov 16 2023 12:00</td></tr><tr><th>LFT:</th><td>Nov 16 2023 12:00</td></tr></table>', new Date(2023,10,6,0,0,0), new Date(2023,10,16,12,0,0)],
[ 'Haas OM 5-axis-SA-4', 'DOWNTIME-5', '#21130D', '<style> th {text-align: left;} td {text-align: right;}</style><table style=\"width:100%;background-color:Cornsilk;\"><tr><th>TASK-NAME:</th><td>DOWNTIME</td></tr><tr><th>INSTANCE-NAME:</th><td>5</td></tr><tr><th>LOT:</th><td>NIL</td></tr><tr><th>ORDER:</th><td>NIL</td></tr><tr><th>AGENT:</th><td>Haas OM 5-axis-SA-4</td></tr><tr><th>CONFIG:</th><td>NIL</td></tr><tr><th>SUPPLIER:</th><td>Supplier-A</td></tr><tr><th>TASK-TYPE:</th><td>DOWNTIME-TASK</td></tr><tr><th>STATUS:</th><td>SCHEDULED</td></tr><tr><th>EST:</th><td>Nov  6 2023 00:00</td></tr><tr><th>LST:</th><td>Nov  6 2023 00:00</td></tr><tr><th>EFT:</th><td>Nov 13 2023 00:00</td></tr><tr><th>LFT:</th><td>Nov 13 2023 00:00</td></tr></table>', new Date(2023,10,6,0,0,0), new Date(2023,10,13,0,0,0)],
[ 'Inspection-Station SA-1', 'Unused', '#E6E6E6', '<style> th {text-align: left;} td {text-align: right;}</style><table style=\"width:100%;background-color:Cornsilk;\"></table>', new Date(2023,10,6,0,0,0), new Date(2023,10,6,0,0,0)],
[ 'Polish-Station-SA-1', 'Polishing-22', '#3AC248', '<style> th {text-align: left;} td {text-align: right;}</style><table style=\"width:100%;background-color:Cornsilk;\"><tr><th>TASK-NAME:</th><td>Polishing</td></tr><tr><th>INSTANCE-NAME:</th><td>22</td></tr><tr><th>LOT:</th><td>2</td></tr><tr><th>ORDER:</th><td>Request-A</td></tr><tr><th>AGENT:</th><td>Polish-Station-SA-1</td></tr><tr><th>CONFIG:</th><td>NIL</td></tr><tr><th>SUPPLIER:</th><td>Supplier-A</td></tr><tr><th>TASK-TYPE:</th><td>EXECUTABLE</td></tr><tr><th>STATUS:</th><td>SCHEDULED</td></tr><tr><th>EST:</th><td>Dec  2 2023 09:24</td></tr><tr><th>LST:</th><td>Nov 12 2028 23:34</td></tr><tr><th>EFT:</th><td>Dec  2 2023 09:29</td></tr><tr><th>LFT:</th><td>Nov 12 2028 23:39</td></tr></table>', new Date(2023,11,2,9,24,52), new Date(2023,11,2,9,29,52)],
[ 'Polish-Station-SA-1', 'Inspection-23', '#3AC248', '<style> th {text-align: left;} td {text-align: right;}</style><table style=\"width:100%;background-color:Cornsilk;\"><tr><th>TASK-NAME:</th><td>Inspection</td></tr><tr><th>INSTANCE-NAME:</th><td>23</td></tr><tr><th>LOT:</th><td>2</td></tr><tr><th>ORDER:</th><td>Request-A</td></tr><tr><th>AGENT:</th><td>Polish-Station-SA-1</td></tr><tr><th>CONFIG:</th><td>NIL</td></tr><tr><th>SUPPLIER:</th><td>Supplier-A</td></tr><tr><th>TASK-TYPE:</th><td>EXECUTABLE</td></tr><tr><th>STATUS:</th><td>SCHEDULED</td></tr><tr><th>EST:</th><td>Dec  2 2023 09:29</td></tr><tr><th>LST:</th><td>Nov 12 2028 23:39</td></tr><tr><th>EFT:</th><td>Dec  2 2023 09:49</td></tr><tr><th>LFT:</th><td>Nov 12 2028 23:59</td></tr></table>', new Date(2023,11,2,9,29,52), new Date(2023,11,2,9,49,52)],
[ 'Reorderer-SA', 'Unused', '#E6E6E6', '<style> th {text-align: left;} td {text-align: right;}</style><table style=\"width:100%;background-color:Cornsilk;\"></table>', new Date(2023,10,6,0,0,0), new Date(2023,10,6,0,0,0)],
]);

    var options = {
      timeline: {rowLabelStyle: {fontName: 'Ariel', fontSize: 14, color: '#000000' }},
      tooltip: {isHtml: true},
      legend: 'none'    
      };

    chart.draw(dataTable, options);
  }
</script>

<div id=\"lmco-agenda-graph\" style=\"height: 550px;\"></div>"
[3906488272.795018 INFO] connection => #<SB-SYS:FD-STREAM for #<SB-BSD-SOCKETS:INET-SOCKET 127.0.0.1:9090, peer: 127.0.0.1:63107, fd: 552 {1002EE3963}> {1002F553D3}>
path => "/favicon.ico"
vals => ((:CONNECTION . "keep-alive")
         (:USER-AGENT
          . "Mozilla/5.0 (Windows NT 10.0; Win64; x64) AppleWebKit/537.36 (KHTML, like Gecko) Chrome/118.0.0.0 Safari/537.36"))
response => NIL
[3906488391.062300 INFO] connection => #<SB-SYS:FD-STREAM for #<SB-BSD-SOCKETS:INET-SOCKET 127.0.0.1:9090, peer: 127.0.0.1:63144, fd: 552 {1002F56573}> {1002F56F43}>
path => "/bids-graph"
vals => ((:CONNECTION . "keep-alive")
         (:USER-AGENT
          . "Mozilla/5.0 (Windows NT 10.0; Win64; x64) AppleWebKit/537.36 (KHTML, like Gecko) Chrome/118.0.0.0 Safari/537.36"))
response => "<!DOCTYPE html>
<html>
<body>

<h2>Bids</h2>

<ula>
<li><a href=\"bid-graph=1\">Bid 1 (Supplier-A)</a></li>
<li><a href=\"bid-graph=2\">Bid 2 (Supplier-C)</a></li>
</ul>
</html>"
[3906488391.085022 INFO] connection => #<SB-SYS:FD-STREAM for #<SB-BSD-SOCKETS:INET-SOCKET 127.0.0.1:9090, peer: 127.0.0.1:63144, fd: 552 {1002F56573}> {1002F56F43}>
path => "/favicon.ico"
vals => ((:CONNECTION . "keep-alive")
         (:USER-AGENT
          . "Mozilla/5.0 (Windows NT 10.0; Win64; x64) AppleWebKit/537.36 (KHTML, like Gecko) Chrome/118.0.0.0 Safari/537.36"))
response => NIL
[3906488392.334543 INFO] connection => #<SB-SYS:FD-STREAM for #<SB-BSD-SOCKETS:INET-SOCKET 127.0.0.1:9090, peer: 127.0.0.1:63145, fd: 560 {1002F57333}> {1002F57D03}>
path => "/bid-graph=1"
vals => ((:CONNECTION . "keep-alive")
         (:USER-AGENT
          . "Mozilla/5.0 (Windows NT 10.0; Win64; x64) AppleWebKit/537.36 (KHTML, like Gecko) Chrome/118.0.0.0 Safari/537.36"))
response => "<script type=\"text/javascript\" src=\"https://www.gstatic.com/charts/loader.js\"></script>

<script type=\"text/javascript\">
  google.charts.load(\"current\", {packages:[\"timeline\"]});
  google.charts.setOnLoadCallback(drawChart);
  function drawChart() {

    var container = document.getElementById('lmco-agenda-graph');
    var chart = new google.visualization.Timeline(container);
    var dataTable = new google.visualization.DataTable();
    dataTable.addColumn({ type: 'string', id: 'Agent' });
    dataTable.addColumn({ type: 'string', id: 'Task' });
    dataTable.addColumn({ type: 'string', id: 'color', role: 'style' });
    dataTable.addColumn({ type: 'string', role: 'tooltip', 'p': {'html': true}});
    dataTable.addColumn({ type: 'date', id: 'Start' });
    dataTable.addColumn({ type: 'date', id: 'End' });

    dataTable.addRows([
[ 'Supplier-A', '', '#FFA500', '<style> th {text-align: left;} td {text-align: right;}</style><table style=\"width:100%;background-color:Cornsilk;\"></table>', new Date(2023,10,6,0,0,0), new Date(2023,11,2,9,49,52)],
[ 'GF Machining Solutions AC Progress VP3-1-SA', 'Unused', '#E6E6E6', '<style> th {text-align: left;} td {text-align: right;}</style><table style=\"width:100%;background-color:Cornsilk;\"></table>', new Date(2023,10,6,0,0,0), new Date(2023,10,6,0,0,0)],
[ 'Haas DM 3-axis-SA-1', 'DOWNTIME-6', '#21130D', '<style> th {text-align: left;} td {text-align: right;}</style><table style=\"width:100%;background-color:Cornsilk;\"><tr><th>TASK-NAME:</th><td>DOWNTIME</td></tr><tr><th>INSTANCE-NAME:</th><td>6</td></tr><tr><th>LOT:</th><td>NIL</td></tr><tr><th>ORDER:</th><td>NIL</td></tr><tr><th>AGENT:</th><td>Haas DM 3-axis-SA-1</td></tr><tr><th>CONFIG:</th><td>NIL</td></tr><tr><th>SUPPLIER:</th><td>Supplier-A</td></tr><tr><th>TASK-TYPE:</th><td>DOWNTIME-TASK</td></tr><tr><th>STATUS:</th><td>SCHEDULED</td></tr><tr><th>EST:</th><td>Nov  6 2023 00:00</td></tr><tr><th>LST:</th><td>Nov  6 2023 00:00</td></tr><tr><th>EFT:</th><td>Nov 13 2023 00:00</td></tr><tr><th>LFT:</th><td>Nov 13 2023 00:00</td></tr></table>', new Date(2023,10,6,0,0,0), new Date(2023,10,13,0,0,0)],
[ 'Haas DM 3-axis-SA-1', '3-Axis-fixture-2-12', '#3AC248', '<style> th {text-align: left;} td {text-align: right;}</style><table style=\"width:100%;background-color:Cornsilk;\"><tr><th>TASK-NAME:</th><td>3-Axis-fixture-2</td></tr><tr><th>INSTANCE-NAME:</th><td>12</td></tr><tr><th>LOT:</th><td>2</td></tr><tr><th>ORDER:</th><td>Request-A</td></tr><tr><th>AGENT:</th><td>Haas DM 3-axis-SA-1</td></tr><tr><th>CONFIG:</th><td>NIL</td></tr><tr><th>SUPPLIER:</th><td>Supplier-A</td></tr><tr><th>TASK-TYPE:</th><td>EXECUTABLE</td></tr><tr><th>STATUS:</th><td>SCHEDULED</td></tr><tr><th>EST:</th><td>Nov 30 2023 18:42</td></tr><tr><th>LST:</th><td>Nov 11 2028 08:52</td></tr><tr><th>EFT:</th><td>Nov 30 2023 18:51</td></tr><tr><th>LFT:</th><td>Nov 11 2028 09:01</td></tr></table>', new Date(2023,10,30,18,42,26), new Date(2023,10,30,18,51,26)],
[ 'Haas DM 3-axis-SA-1', '3-Axis-machining-2-13', '#3AC248', '<style> th {text-align: left;} td {text-align: right;}</style><table style=\"width:100%;background-color:Cornsilk;\"><tr><th>TASK-NAME:</th><td>3-Axis-machining-2</td></tr><tr><th>INSTANCE-NAME:</th><td>13</td></tr><tr><th>LOT:</th><td>2</td></tr><tr><th>ORDER:</th><td>Request-A</td></tr><tr><th>AGENT:</th><td>Haas DM 3-axis-SA-1</td></tr><tr><th>CONFIG:</th><td>NIL</td></tr><tr><th>SUPPLIER:</th><td>Supplier-A</td></tr><tr><th>TASK-TYPE:</th><td>EXECUTABLE</td></tr><tr><th>STATUS:</th><td>SCHEDULED</td></tr><tr><th>EST:</th><td>Nov 30 2023 18:51</td></tr><tr><th>LST:</th><td>Nov 11 2028 09:01</td></tr><tr><th>EFT:</th><td>Dec  1 2023 18:23</td></tr><tr><th>LFT:</th><td>Nov 12 2028 08:33</td></tr></table>', new Date(2023,10,30,18,51,26), new Date(2023,11,1,18,23,42)],
[ 'Haas DM 3-axis-SA-1', '3-Axis-fixture-3-14', '#3AC248', '<style> th {text-align: left;} td {text-align: right;}</style><table style=\"width:100%;background-color:Cornsilk;\"><tr><th>TASK-NAME:</th><td>3-Axis-fixture-3</td></tr><tr><th>INSTANCE-NAME:</th><td>14</td></tr><tr><th>LOT:</th><td>2</td></tr><tr><th>ORDER:</th><td>Request-A</td></tr><tr><th>AGENT:</th><td>Haas DM 3-axis-SA-1</td></tr><tr><th>CONFIG:</th><td>NIL</td></tr><tr><th>SUPPLIER:</th><td>Supplier-A</td></tr><tr><th>TASK-TYPE:</th><td>EXECUTABLE</td></tr><tr><th>STATUS:</th><td>SCHEDULED</td></tr><tr><th>EST:</th><td>Dec  1 2023 18:23</td></tr><tr><th>LST:</th><td>Nov 12 2028 08:33</td></tr><tr><th>EFT:</th><td>Dec  1 2023 18:32</td></tr><tr><th>LFT:</th><td>Nov 12 2028 08:42</td></tr></table>', new Date(2023,11,1,18,23,42), new Date(2023,11,1,18,32,42)],
[ 'Haas DM 3-axis-SA-1', '3-Axis-machining-3-15', '#3AC248', '<style> th {text-align: left;} td {text-align: right;}</style><table style=\"width:100%;background-color:Cornsilk;\"><tr><th>TASK-NAME:</th><td>3-Axis-machining-3</td></tr><tr><th>INSTANCE-NAME:</th><td>15</td></tr><tr><th>LOT:</th><td>2</td></tr><tr><th>ORDER:</th><td>Request-A</td></tr><tr><th>AGENT:</th><td>Haas DM 3-axis-SA-1</td></tr><tr><th>CONFIG:</th><td>NIL</td></tr><tr><th>SUPPLIER:</th><td>Supplier-A</td></tr><tr><th>TASK-TYPE:</th><td>EXECUTABLE</td></tr><tr><th>STATUS:</th><td>SCHEDULED</td></tr><tr><th>EST:</th><td>Dec  1 2023 18:32</td></tr><tr><th>LST:</th><td>Nov 12 2028 08:42</td></tr><tr><th>EFT:</th><td>Dec  2 2023 03:37</td></tr><tr><th>LFT:</th><td>Nov 12 2028 17:47</td></tr></table>', new Date(2023,11,1,18,32,42), new Date(2023,11,2,3,37,22)],
[ 'Haas DM 3-axis-SA-1', '3-Axis-fixture-4-16', '#3AC248', '<style> th {text-align: left;} td {text-align: right;}</style><table style=\"width:100%;background-color:Cornsilk;\"><tr><th>TASK-NAME:</th><td>3-Axis-fixture-4</td></tr><tr><th>INSTANCE-NAME:</th><td>16</td></tr><tr><th>LOT:</th><td>2</td></tr><tr><th>ORDER:</th><td>Request-A</td></tr><tr><th>AGENT:</th><td>Haas DM 3-axis-SA-1</td></tr><tr><th>CONFIG:</th><td>NIL</td></tr><tr><th>SUPPLIER:</th><td>Supplier-A</td></tr><tr><th>TASK-TYPE:</th><td>EXECUTABLE</td></tr><tr><th>STATUS:</th><td>SCHEDULED</td></tr><tr><th>EST:</th><td>Dec  2 2023 03:37</td></tr><tr><th>LST:</th><td>Nov 12 2028 17:47</td></tr><tr><th>EFT:</th><td>Dec  2 2023 03:46</td></tr><tr><th>LFT:</th><td>Nov 12 2028 17:56</td></tr></table>', new Date(2023,11,2,3,37,22), new Date(2023,11,2,3,46,22)],
[ 'Haas DM 3-axis-SA-1', '3-Axis-machining-4-17', '#3AC248', '<style> th {text-align: left;} td {text-align: right;}</style><table style=\"width:100%;background-color:Cornsilk;\"><tr><th>TASK-NAME:</th><td>3-Axis-machining-4</td></tr><tr><th>INSTANCE-NAME:</th><td>17</td></tr><tr><th>LOT:</th><td>2</td></tr><tr><th>ORDER:</th><td>Request-A</td></tr><tr><th>AGENT:</th><td>Haas DM 3-axis-SA-1</td></tr><tr><th>CONFIG:</th><td>NIL</td></tr><tr><th>SUPPLIER:</th><td>Supplier-A</td></tr><tr><th>TASK-TYPE:</th><td>EXECUTABLE</td></tr><tr><th>STATUS:</th><td>SCHEDULED</td></tr><tr><th>EST:</th><td>Dec  2 2023 03:46</td></tr><tr><th>LST:</th><td>Nov 12 2028 17:56</td></tr><tr><th>EFT:</th><td>Dec  2 2023 07:22</td></tr><tr><th>LFT:</th><td>Nov 12 2028 21:32</td></tr></table>', new Date(2023,11,2,3,46,22), new Date(2023,11,2,7,22,15)],
[ 'Haas DM 3-axis-SA-1', '3-Axis-fixture-5-18', '#3AC248', '<style> th {text-align: left;} td {text-align: right;}</style><table style=\"width:100%;background-color:Cornsilk;\"><tr><th>TASK-NAME:</th><td>3-Axis-fixture-5</td></tr><tr><th>INSTANCE-NAME:</th><td>18</td></tr><tr><th>LOT:</th><td>2</td></tr><tr><th>ORDER:</th><td>Request-A</td></tr><tr><th>AGENT:</th><td>Haas DM 3-axis-SA-1</td></tr><tr><th>CONFIG:</th><td>NIL</td></tr><tr><th>SUPPLIER:</th><td>Supplier-A</td></tr><tr><th>TASK-TYPE:</th><td>EXECUTABLE</td></tr><tr><th>STATUS:</th><td>SCHEDULED</td></tr><tr><th>EST:</th><td>Dec  2 2023 07:22</td></tr><tr><th>LST:</th><td>Nov 12 2028 21:32</td></tr><tr><th>EFT:</th><td>Dec  2 2023 07:31</td></tr><tr><th>LFT:</th><td>Nov 12 2028 21:41</td></tr></table>', new Date(2023,11,2,7,22,15), new Date(2023,11,2,7,31,15)],
[ 'Haas DM 3-axis-SA-1', '3-Axis-machining-5-19', '#3AC248', '<style> th {text-align: left;} td {text-align: right;}</style><table style=\"width:100%;background-color:Cornsilk;\"><tr><th>TASK-NAME:</th><td>3-Axis-machining-5</td></tr><tr><th>INSTANCE-NAME:</th><td>19</td></tr><tr><th>LOT:</th><td>2</td></tr><tr><th>ORDER:</th><td>Request-A</td></tr><tr><th>AGENT:</th><td>Haas DM 3-axis-SA-1</td></tr><tr><th>CONFIG:</th><td>NIL</td></tr><tr><th>SUPPLIER:</th><td>Supplier-A</td></tr><tr><th>TASK-TYPE:</th><td>EXECUTABLE</td></tr><tr><th>STATUS:</th><td>SCHEDULED</td></tr><tr><th>EST:</th><td>Dec  2 2023 07:31</td></tr><tr><th>LST:</th><td>Nov 12 2028 21:41</td></tr><tr><th>EFT:</th><td>Dec  2 2023 08:43</td></tr><tr><th>LFT:</th><td>Nov 12 2028 22:53</td></tr></table>', new Date(2023,11,2,7,31,15), new Date(2023,11,2,8,43,4)],
[ 'Haas DM 3-axis-SA-1', '3-Axis-fixture-6-20', '#3AC248', '<style> th {text-align: left;} td {text-align: right;}</style><table style=\"width:100%;background-color:Cornsilk;\"><tr><th>TASK-NAME:</th><td>3-Axis-fixture-6</td></tr><tr><th>INSTANCE-NAME:</th><td>20</td></tr><tr><th>LOT:</th><td>2</td></tr><tr><th>ORDER:</th><td>Request-A</td></tr><tr><th>AGENT:</th><td>Haas DM 3-axis-SA-1</td></tr><tr><th>CONFIG:</th><td>NIL</td></tr><tr><th>SUPPLIER:</th><td>Supplier-A</td></tr><tr><th>TASK-TYPE:</th><td>EXECUTABLE</td></tr><tr><th>STATUS:</th><td>SCHEDULED</td></tr><tr><th>EST:</th><td>Dec  2 2023 08:43</td></tr><tr><th>LST:</th><td>Nov 12 2028 22:53</td></tr><tr><th>EFT:</th><td>Dec  2 2023 08:52</td></tr><tr><th>LFT:</th><td>Nov 12 2028 23:02</td></tr></table>', new Date(2023,11,2,8,43,4), new Date(2023,11,2,8,52,4)],
[ 'Haas DM 3-axis-SA-1', '3-Axis-machining-6-21', '#3AC248', '<style> th {text-align: left;} td {text-align: right;}</style><table style=\"width:100%;background-color:Cornsilk;\"><tr><th>TASK-NAME:</th><td>3-Axis-machining-6</td></tr><tr><th>INSTANCE-NAME:</th><td>21</td></tr><tr><th>LOT:</th><td>2</td></tr><tr><th>ORDER:</th><td>Request-A</td></tr><tr><th>AGENT:</th><td>Haas DM 3-axis-SA-1</td></tr><tr><th>CONFIG:</th><td>NIL</td></tr><tr><th>SUPPLIER:</th><td>Supplier-A</td></tr><tr><th>TASK-TYPE:</th><td>EXECUTABLE</td></tr><tr><th>STATUS:</th><td>SCHEDULED</td></tr><tr><th>EST:</th><td>Dec  2 2023 08:52</td></tr><tr><th>LST:</th><td>Nov 12 2028 23:02</td></tr><tr><th>EFT:</th><td>Dec  2 2023 09:24</td></tr><tr><th>LFT:</th><td>Nov 12 2028 23:34</td></tr></table>', new Date(2023,11,2,8,52,4), new Date(2023,11,2,9,24,52)],
[ 'Haas OM 5-axis-SA-1', 'DOWNTIME-1', '#21130D', '<style> th {text-align: left;} td {text-align: right;}</style><table style=\"width:100%;background-color:Cornsilk;\"><tr><th>TASK-NAME:</th><td>DOWNTIME</td></tr><tr><th>INSTANCE-NAME:</th><td>1</td></tr><tr><th>LOT:</th><td>NIL</td></tr><tr><th>ORDER:</th><td>NIL</td></tr><tr><th>AGENT:</th><td>Haas OM 5-axis-SA-1</td></tr><tr><th>CONFIG:</th><td>NIL</td></tr><tr><th>SUPPLIER:</th><td>Supplier-A</td></tr><tr><th>TASK-TYPE:</th><td>DOWNTIME-TASK</td></tr><tr><th>STATUS:</th><td>SCHEDULED</td></tr><tr><th>EST:</th><td>Nov  6 2023 00:00</td></tr><tr><th>LST:</th><td>Nov  6 2023 00:00</td></tr><tr><th>EFT:</th><td>Nov  9 2023 12:00</td></tr><tr><th>LFT:</th><td>Nov  9 2023 12:00</td></tr></table>', new Date(2023,10,6,0,0,0), new Date(2023,10,9,12,0,0)],
[ 'Haas OM 5-axis-SA-1', '3-Axis-machine-setup-9', '#3AC248', '<style> th {text-align: left;} td {text-align: right;}</style><table style=\"width:100%;background-color:Cornsilk;\"><tr><th>TASK-NAME:</th><td>3-Axis-machine-setup</td></tr><tr><th>INSTANCE-NAME:</th><td>9</td></tr><tr><th>LOT:</th><td>2</td></tr><tr><th>ORDER:</th><td>Request-A</td></tr><tr><th>AGENT:</th><td>Haas OM 5-axis-SA-1</td></tr><tr><th>CONFIG:</th><td>NIL</td></tr><tr><th>SUPPLIER:</th><td>Supplier-A</td></tr><tr><th>TASK-TYPE:</th><td>EXECUTABLE</td></tr><tr><th>STATUS:</th><td>SCHEDULED</td></tr><tr><th>EST:</th><td>Nov  9 2023 12:00</td></tr><tr><th>LST:</th><td>Oct 21 2028 02:10</td></tr><tr><th>EFT:</th><td>Nov  9 2023 12:29</td></tr><tr><th>LFT:</th><td>Oct 21 2028 02:39</td></tr></table>', new Date(2023,10,9,12,0,0), new Date(2023,10,9,12,29,42)],
[ 'Haas OM 5-axis-SA-1', '3-Axis-fixture-1-10', '#3AC248', '<style> th {text-align: left;} td {text-align: right;}</style><table style=\"width:100%;background-color:Cornsilk;\"><tr><th>TASK-NAME:</th><td>3-Axis-fixture-1</td></tr><tr><th>INSTANCE-NAME:</th><td>10</td></tr><tr><th>LOT:</th><td>2</td></tr><tr><th>ORDER:</th><td>Request-A</td></tr><tr><th>AGENT:</th><td>Haas OM 5-axis-SA-1</td></tr><tr><th>CONFIG:</th><td>NIL</td></tr><tr><th>SUPPLIER:</th><td>Supplier-A</td></tr><tr><th>TASK-TYPE:</th><td>EXECUTABLE</td></tr><tr><th>STATUS:</th><td>SCHEDULED</td></tr><tr><th>EST:</th><td>Nov  9 2023 12:29</td></tr><tr><th>LST:</th><td>Oct 21 2028 02:39</td></tr><tr><th>EFT:</th><td>Nov  9 2023 12:39</td></tr><tr><th>LFT:</th><td>Oct 21 2028 02:49</td></tr></table>', new Date(2023,10,9,12,29,42), new Date(2023,10,9,12,39,36)],
[ 'Haas OM 5-axis-SA-1', '3-Axis-machining-1-11', '#3AC248', '<style> th {text-align: left;} td {text-align: right;}</style><table style=\"width:100%;background-color:Cornsilk;\"><tr><th>TASK-NAME:</th><td>3-Axis-machining-1</td></tr><tr><th>INSTANCE-NAME:</th><td>11</td></tr><tr><th>LOT:</th><td>2</td></tr><tr><th>ORDER:</th><td>Request-A</td></tr><tr><th>AGENT:</th><td>Haas OM 5-axis-SA-1</td></tr><tr><th>CONFIG:</th><td>NIL</td></tr><tr><th>SUPPLIER:</th><td>Supplier-A</td></tr><tr><th>TASK-TYPE:</th><td>EXECUTABLE</td></tr><tr><th>STATUS:</th><td>SCHEDULED</td></tr><tr><th>EST:</th><td>Nov  9 2023 12:39</td></tr><tr><th>LST:</th><td>Oct 21 2028 02:49</td></tr><tr><th>EFT:</th><td>Nov 30 2023 18:42</td></tr><tr><th>LFT:</th><td>Nov 11 2028 08:52</td></tr></table>', new Date(2023,10,9,12,39,36), new Date(2023,10,30,18,42,26)],
[ 'Haas OM 5-axis-SA-2', 'DOWNTIME-2', '#21130D', '<style> th {text-align: left;} td {text-align: right;}</style><table style=\"width:100%;background-color:Cornsilk;\"><tr><th>TASK-NAME:</th><td>DOWNTIME</td></tr><tr><th>INSTANCE-NAME:</th><td>2</td></tr><tr><th>LOT:</th><td>NIL</td></tr><tr><th>ORDER:</th><td>NIL</td></tr><tr><th>AGENT:</th><td>Haas OM 5-axis-SA-2</td></tr><tr><th>CONFIG:</th><td>NIL</td></tr><tr><th>SUPPLIER:</th><td>Supplier-A</td></tr><tr><th>TASK-TYPE:</th><td>DOWNTIME-TASK</td></tr><tr><th>STATUS:</th><td>SCHEDULED</td></tr><tr><th>EST:</th><td>Nov  6 2023 00:00</td></tr><tr><th>LST:</th><td>Nov  6 2023 00:00</td></tr><tr><th>EFT:</th><td>Nov 16 2023 12:00</td></tr><tr><th>LFT:</th><td>Nov 16 2023 12:00</td></tr></table>', new Date(2023,10,6,0,0,0), new Date(2023,10,16,12,0,0)],
[ 'Haas OM 5-axis-SA-2', 'DOWNTIME-3', '#21130D', '<style> th {text-align: left;} td {text-align: right;}</style><table style=\"width:100%;background-color:Cornsilk;\"><tr><th>TASK-NAME:</th><td>DOWNTIME</td></tr><tr><th>INSTANCE-NAME:</th><td>3</td></tr><tr><th>LOT:</th><td>NIL</td></tr><tr><th>ORDER:</th><td>NIL</td></tr><tr><th>AGENT:</th><td>Haas OM 5-axis-SA-2</td></tr><tr><th>CONFIG:</th><td>NIL</td></tr><tr><th>SUPPLIER:</th><td>Supplier-A</td></tr><tr><th>TASK-TYPE:</th><td>DOWNTIME-TASK</td></tr><tr><th>STATUS:</th><td>SCHEDULED</td></tr><tr><th>EST:</th><td>Nov 18 2023 06:00</td></tr><tr><th>LST:</th><td>Nov 18 2023 06:00</td></tr><tr><th>EFT:</th><td>Nov 28 2023 18:00</td></tr><tr><th>LFT:</th><td>Nov 28 2023 18:00</td></tr></table>', new Date(2023,10,18,6,0,0), new Date(2023,10,28,18,0,0)],
[ 'Haas OM 5-axis-SA-3', 'DOWNTIME-4', '#21130D', '<style> th {text-align: left;} td {text-align: right;}</style><table style=\"width:100%;background-color:Cornsilk;\"><tr><th>TASK-NAME:</th><td>DOWNTIME</td></tr><tr><th>INSTANCE-NAME:</th><td>4</td></tr><tr><th>LOT:</th><td>NIL</td></tr><tr><th>ORDER:</th><td>NIL</td></tr><tr><th>AGENT:</th><td>Haas OM 5-axis-SA-3</td></tr><tr><th>CONFIG:</th><td>NIL</td></tr><tr><th>SUPPLIER:</th><td>Supplier-A</td></tr><tr><th>TASK-TYPE:</th><td>DOWNTIME-TASK</td></tr><tr><th>STATUS:</th><td>SCHEDULED</td></tr><tr><th>EST:</th><td>Nov  6 2023 00:00</td></tr><tr><th>LST:</th><td>Nov  6 2023 00:00</td></tr><tr><th>EFT:</th><td>Nov 16 2023 12:00</td></tr><tr><th>LFT:</th><td>Nov 16 2023 12:00</td></tr></table>', new Date(2023,10,6,0,0,0), new Date(2023,10,16,12,0,0)],
[ 'Haas OM 5-axis-SA-4', 'DOWNTIME-5', '#21130D', '<style> th {text-align: left;} td {text-align: right;}</style><table style=\"width:100%;background-color:Cornsilk;\"><tr><th>TASK-NAME:</th><td>DOWNTIME</td></tr><tr><th>INSTANCE-NAME:</th><td>5</td></tr><tr><th>LOT:</th><td>NIL</td></tr><tr><th>ORDER:</th><td>NIL</td></tr><tr><th>AGENT:</th><td>Haas OM 5-axis-SA-4</td></tr><tr><th>CONFIG:</th><td>NIL</td></tr><tr><th>SUPPLIER:</th><td>Supplier-A</td></tr><tr><th>TASK-TYPE:</th><td>DOWNTIME-TASK</td></tr><tr><th>STATUS:</th><td>SCHEDULED</td></tr><tr><th>EST:</th><td>Nov  6 2023 00:00</td></tr><tr><th>LST:</th><td>Nov  6 2023 00:00</td></tr><tr><th>EFT:</th><td>Nov 13 2023 00:00</td></tr><tr><th>LFT:</th><td>Nov 13 2023 00:00</td></tr></table>', new Date(2023,10,6,0,0,0), new Date(2023,10,13,0,0,0)],
[ 'Inspection-Station SA-1', 'Unused', '#E6E6E6', '<style> th {text-align: left;} td {text-align: right;}</style><table style=\"width:100%;background-color:Cornsilk;\"></table>', new Date(2023,10,6,0,0,0), new Date(2023,10,6,0,0,0)],
[ 'Polish-Station-SA-1', 'Polishing-22', '#3AC248', '<style> th {text-align: left;} td {text-align: right;}</style><table style=\"width:100%;background-color:Cornsilk;\"><tr><th>TASK-NAME:</th><td>Polishing</td></tr><tr><th>INSTANCE-NAME:</th><td>22</td></tr><tr><th>LOT:</th><td>2</td></tr><tr><th>ORDER:</th><td>Request-A</td></tr><tr><th>AGENT:</th><td>Polish-Station-SA-1</td></tr><tr><th>CONFIG:</th><td>NIL</td></tr><tr><th>SUPPLIER:</th><td>Supplier-A</td></tr><tr><th>TASK-TYPE:</th><td>EXECUTABLE</td></tr><tr><th>STATUS:</th><td>SCHEDULED</td></tr><tr><th>EST:</th><td>Dec  2 2023 09:24</td></tr><tr><th>LST:</th><td>Nov 12 2028 23:34</td></tr><tr><th>EFT:</th><td>Dec  2 2023 09:29</td></tr><tr><th>LFT:</th><td>Nov 12 2028 23:39</td></tr></table>', new Date(2023,11,2,9,24,52), new Date(2023,11,2,9,29,52)],
[ 'Polish-Station-SA-1', 'Inspection-23', '#3AC248', '<style> th {text-align: left;} td {text-align: right;}</style><table style=\"width:100%;background-color:Cornsilk;\"><tr><th>TASK-NAME:</th><td>Inspection</td></tr><tr><th>INSTANCE-NAME:</th><td>23</td></tr><tr><th>LOT:</th><td>2</td></tr><tr><th>ORDER:</th><td>Request-A</td></tr><tr><th>AGENT:</th><td>Polish-Station-SA-1</td></tr><tr><th>CONFIG:</th><td>NIL</td></tr><tr><th>SUPPLIER:</th><td>Supplier-A</td></tr><tr><th>TASK-TYPE:</th><td>EXECUTABLE</td></tr><tr><th>STATUS:</th><td>SCHEDULED</td></tr><tr><th>EST:</th><td>Dec  2 2023 09:29</td></tr><tr><th>LST:</th><td>Nov 12 2028 23:39</td></tr><tr><th>EFT:</th><td>Dec  2 2023 09:49</td></tr><tr><th>LFT:</th><td>Nov 12 2028 23:59</td></tr></table>', new Date(2023,11,2,9,29,52), new Date(2023,11,2,9,49,52)],
[ 'Reorderer-SA', 'Unused', '#E6E6E6', '<style> th {text-align: left;} td {text-align: right;}</style><table style=\"width:100%;background-color:Cornsilk;\"></table>', new Date(2023,10,6,0,0,0), new Date(2023,10,6,0,0,0)],
]);

    var options = {
      timeline: {rowLabelStyle: {fontName: 'Ariel', fontSize: 14, color: '#000000' }},
      tooltip: {isHtml: true},
      legend: 'none'    
      };

    chart.draw(dataTable, options);
  }
</script>

<div id=\"lmco-agenda-graph\" style=\"height: 550px;\"></div>"
[3906488392.440852 INFO] connection => #<SB-SYS:FD-STREAM for #<SB-BSD-SOCKETS:INET-SOCKET 127.0.0.1:9090, peer: 127.0.0.1:63145, fd: 560 {1002F57333}> {1002F57D03}>
path => "/favicon.ico"
vals => ((:CONNECTION . "keep-alive")
         (:USER-AGENT
          . "Mozilla/5.0 (Windows NT 10.0; Win64; x64) AppleWebKit/537.36 (KHTML, like Gecko) Chrome/118.0.0.0 Safari/537.36"))
response => NIL
