[3901206922.023214 INFO] Legal Time Range:  [Jan  1 1970 00:00:00] -- [Sep 25 73069258125 03:52:31]
[3901206922.025982 INFO] Loading problem from /Users/hongr/Documents/aditya/GM_weighted_approach/Test_scheduler_new/executable-win/executable-win/data/ray-generate-dataset/json/
[3901206953.970610 INFO] Generating Bid:  ((:*NAME . "Request-A")
                                           (:*PART . "Bracket")
                                           (:*QUANTITY . 100)
                                           (:*EARLIEST-START-DATE
                                            . "2022-02-05T08:00:00")
                                           (:*DUE-DATE . "2022-02-11T23:59:59")
                                           (:*SUPPLIER-NAMES "Supplier-A"
                                            "Supplier-B")
                                           (:*PROCESS-PLANS
                                            ((:*NAME . "2-Axis-Subtractive-1")
                                             (:*PART . "Bracket")
                                             (:*LINK . "config_1_11")
                                             (:*MATERIAL . "Al6061")
                                             (:*MANUFACTURING-METHOD
                                              . "2-Axis-Subtractive")
                                             (:*BULK-GRAMS . 1105.92)
                                             (:*NET-GRAMS . 640.0462)
                                             (:*SCRAP-GRAMS . 465.8738)
                                             (:*WIDTH . 160.0)
                                             (:*HEIGHT . 80.0) (:*DEPTH . 32.0)
                                             (:*COMPLIANCE . 5.9585236e-8)
                                             (:*VOLUME . 237054.14)
                                             (:*TASK--*SEQUENCE
                                              ((:*NAME . "EDM-machine-setup")
                                               (:*REQUIRED-CAPABILITY
                                                . "EDM-Machining")
                                               (:*NOMINAL-DURATION . 30.0)
                                               (:*NOMINAL-COST . 60.0))
                                              ((:*NAME . "2Axis-machining-1")
                                               (:*REQUIRED-CAPABILITY
                                                . "EDM-Machining")
                                               (:*NOMINAL-DURATION . 140.6891)
                                               (:*NOMINAL-COST . 562.7564))
                                              ((:*NAME . "Polishing")
                                               (:*REQUIRED-CAPABILITY
                                                . "Buffing")
                                               (:*NOMINAL-DURATION . 5.0)
                                               (:*NOMINAL-COST . 10.0))
                                              ((:*NAME . "Inspection")
                                               (:*REQUIRED-CAPABILITY
                                                . "Buffing")
                                               (:*NOMINAL-DURATION . 20.0)
                                               (:*NOMINAL-COST . 20.0))))))
[3901207027.527939 INFO] Generating Bid:  ((:*NAME . "Request-A")
                                           (:*PART . "Bracket")
                                           (:*QUANTITY . 100)
                                           (:*EARLIEST-START-DATE
                                            . "2022-02-05T08:00:00")
                                           (:*DUE-DATE . "2022-02-11T23:59:59")
                                           (:*SUPPLIER-NAMES "Supplier-A"
                                            "Supplier-B")
                                           (:*PROCESS-PLANS
                                            ((:*NAME . "SLM-Additive-1")
                                             (:*PART . "Bracket")
                                             (:*LINK . "config_1_9")
                                             (:*MATERIAL . "Al6061")
                                             (:*MANUFACTURING-METHOD
                                              . "SLM-Additive")
                                             (:*BULK-GRAMS . 128.42812)
                                             (:*NET-GRAMS . 108.87937)
                                             (:*SCRAP-GRAMS . 19.548748)
                                             (:*WIDTH . 160.0)
                                             (:*HEIGHT . 80.0) (:*DEPTH . 32.0)
                                             (:*COMPLIANCE . 3.8415433e-6)
                                             (:*VOLUME . 40325.695)
                                             (:*TASK--*SEQUENCE
                                              ((:*NAME
                                                . "Additive-machine-setup")
                                               (:*REQUIRED-CAPABILITY
                                                . "SLM-Metal-Printing")
                                               (:*NOMINAL-DURATION . 30.0)
                                               (:*NOMINAL-COST . 60.0))
                                              ((:*NAME . "SLM-printing")
                                               (:*REQUIRED-CAPABILITY
                                                . "SLM-Metal-Printing")
                                               (:*NOMINAL-DURATION . 128.42812)
                                               (:*NOMINAL-COST . 256.85623))
                                              ((:*NAME . "Support-removal")
                                               (:*REQUIRED-CAPABILITY
                                                . "Buffing")
                                               (:*NOMINAL-DURATION . 20.0)
                                               (:*NOMINAL-COST . 20.0))
                                              ((:*NAME . "Inspection")
                                               (:*REQUIRED-CAPABILITY
                                                . "Buffing")
                                               (:*NOMINAL-DURATION . 20.0)
                                               (:*NOMINAL-COST . 20.0))))))
[3901207112.568785 INFO] Generating Bid:  ((:*NAME . "Request-A")
                                           (:*PART . "Bracket")
                                           (:*QUANTITY . 100)
                                           (:*EARLIEST-START-DATE
                                            . "2022-02-05T08:00:00")
                                           (:*DUE-DATE . "2022-02-11T23:59:59")
                                           (:*SUPPLIER-NAMES "Supplier-A"
                                            "Supplier-B")
                                           (:*PROCESS-PLANS
                                            ((:*NAME . "SLM-Additive-1")
                                             (:*PART . "Bracket")
                                             (:*LINK . "config_1_9")
                                             (:*MATERIAL . "Al6061powder")
                                             (:*MANUFACTURING-METHOD
                                              . "SLM-Additive")
                                             (:*BULK-GRAMS . 128.44733)
                                             (:*NET-GRAMS . 108.905876)
                                             (:*SCRAP-GRAMS . 19.541454)
                                             (:*WIDTH . 160.0)
                                             (:*HEIGHT . 80.0) (:*DEPTH . 32.0)
                                             (:*COMPLIANCE . 3.817626e-6)
                                             (:*VOLUME . 40335.508)
                                             (:*TASK--*SEQUENCE
                                              ((:*NAME
                                                . "Additive-machine-setup")
                                               (:*REQUIRED-CAPABILITY
                                                . "SLM-Metal-Printing")
                                               (:*NOMINAL-DURATION . 30.0)
                                               (:*NOMINAL-COST . 60.0))
                                              ((:*NAME . "SLM-printing")
                                               (:*REQUIRED-CAPABILITY
                                                . "SLM-Metal-Printing")
                                               (:*NOMINAL-DURATION . 128.44731)
                                               (:*NOMINAL-COST . 256.89462))
                                              ((:*NAME . "Support-removal")
                                               (:*REQUIRED-CAPABILITY
                                                . "Buffing")
                                               (:*NOMINAL-DURATION . 20.0)
                                               (:*NOMINAL-COST . 20.0))
                                              ((:*NAME . "Inspection")
                                               (:*REQUIRED-CAPABILITY
                                                . "Buffing")
                                               (:*NOMINAL-DURATION . 20.0)
                                               (:*NOMINAL-COST . 20.0))))))
[3901207169.283434 INFO] Generating Bid:  ((:*NAME . "Request-A")
                                           (:*PART . "Bracket")
                                           (:*QUANTITY . 100)
                                           (:*EARLIEST-START-DATE
                                            . "2022-02-05T08:00:00")
                                           (:*DUE-DATE . "2022-02-11T23:59:59")
                                           (:*SUPPLIER-NAMES "Supplier-A"
                                            "Supplier-B")
                                           (:*PROCESS-PLANS
                                            ((:*NAME . "3-Axis-Subtractive-1")
                                             (:*PART . "Bracket")
                                             (:*LINK . "config_1_1")
                                             (:*MATERIAL . "Al6061")
                                             (:*MANUFACTURING-METHOD
                                              . "3-Axis-Subtractive")
                                             (:*BULK-GRAMS . 1105.92)
                                             (:*NET-GRAMS . 102.1966)
                                             (:*SCRAP-GRAMS . 1003.7234)
                                             (:*WIDTH . 160.0)
                                             (:*HEIGHT . 80.0) (:*DEPTH . 32.0)
                                             (:*COMPLIANCE . 6.3233056e-6)
                                             (:*VOLUME . 37850.594)
                                             (:*TASK--*SEQUENCE
                                              ((:*NAME
                                                . "3-Axis-machine-setup")
                                               (:*REQUIRED-CAPABILITY
                                                . "3-Axis-Machining")
                                               (:*NOMINAL-DURATION . 30.0)
                                               (:*NOMINAL-COST . 60.0))
                                              ((:*NAME . "3-Axis-fixture-1")
                                               (:*REQUIRED-CAPABILITY
                                                . "3-Axis-Machining")
                                               (:*NOMINAL-DURATION . 10.0)
                                               (:*NOMINAL-COST . 30.0))
                                              ((:*NAME . "3-Axis-machining-1")
                                               (:*REQUIRED-CAPABILITY
                                                . "3-Axis-Machining")
                                               (:*NOMINAL-DURATION . 34.482643)
                                               (:*NOMINAL-COST . 103.44793))
                                              ((:*NAME . "3-Axis-fixture-2")
                                               (:*REQUIRED-CAPABILITY
                                                . "3-Axis-Machining")
                                               (:*NOMINAL-DURATION . 10.0)
                                               (:*NOMINAL-COST . 30.0))
                                              ((:*NAME . "3-Axis-machining-2")
                                               (:*REQUIRED-CAPABILITY
                                                . "3-Axis-Machining")
                                               (:*NOMINAL-DURATION . 15.439229)
                                               (:*NOMINAL-COST . 46.317688))
                                              ((:*NAME . "3-Axis-fixture-3")
                                               (:*REQUIRED-CAPABILITY
                                                . "3-Axis-Machining")
                                               (:*NOMINAL-DURATION . 10.0)
                                               (:*NOMINAL-COST . 30.0))
                                              ((:*NAME . "3-Axis-machining-3")
                                               (:*REQUIRED-CAPABILITY
                                                . "3-Axis-Machining")
                                               (:*NOMINAL-DURATION . 4.434017)
                                               (:*NOMINAL-COST . 13.302052))
                                              ((:*NAME . "3-Axis-fixture-4")
                                               (:*REQUIRED-CAPABILITY
                                                . "3-Axis-Machining")
                                               (:*NOMINAL-DURATION . 10.0)
                                               (:*NOMINAL-COST . 30.0))
                                              ((:*NAME . "3-Axis-machining-4")
                                               (:*REQUIRED-CAPABILITY
                                                . "3-Axis-Machining")
                                               (:*NOMINAL-DURATION
                                                . 0.89767534)
                                               (:*NOMINAL-COST . 2.693026))
                                              ((:*NAME . "3-Axis-fixture-5")
                                               (:*REQUIRED-CAPABILITY
                                                . "3-Axis-Machining")
                                               (:*NOMINAL-DURATION . 10.0)
                                               (:*NOMINAL-COST . 30.0))
                                              ((:*NAME . "3-Axis-machining-5")
                                               (:*REQUIRED-CAPABILITY
                                                . "3-Axis-Machining")
                                               (:*NOMINAL-DURATION . 2.2083192)
                                               (:*NOMINAL-COST . 6.6249576))
                                              ((:*NAME . "3-Axis-fixture-6")
                                               (:*REQUIRED-CAPABILITY
                                                . "3-Axis-Machining")
                                               (:*NOMINAL-DURATION . 10.0)
                                               (:*NOMINAL-COST . 30.0))
                                              ((:*NAME . "3-Axis-machining-6")
                                               (:*REQUIRED-CAPABILITY
                                                . "3-Axis-Machining")
                                               (:*NOMINAL-DURATION
                                                . 0.40329453)
                                               (:*NOMINAL-COST . 1.2098836))
                                              ((:*NAME . "Polishing")
                                               (:*REQUIRED-CAPABILITY
                                                . "Buffing")
                                               (:*NOMINAL-DURATION . 5.0)
                                               (:*NOMINAL-COST . 10.0))
                                              ((:*NAME . "Inspection")
                                               (:*REQUIRED-CAPABILITY
                                                . "Buffing")
                                               (:*NOMINAL-DURATION . 20.0)
                                               (:*NOMINAL-COST . 20.0))))))
[3901208045.985844 INFO] Generating Bid:  ((:*NAME . "Request-A")
                                           (:*PART . "Bracket")
                                           (:*QUANTITY . 100)
                                           (:*EARLIEST-START-DATE
                                            . "2022-02-05T08:00:00")
                                           (:*DUE-DATE . "2022-02-11T23:59:59")
                                           (:*SUPPLIER-NAMES "Supplier-A"
                                            "Supplier-B")
                                           (:*PROCESS-PLANS
                                            ((:*NAME . "3-Axis-Subtractive-1")
                                             (:*PART . "Bracket")
                                             (:*LINK . "config_1_1")
                                             (:*MATERIAL . "Al6061")
                                             (:*MANUFACTURING-METHOD
                                              . "3-Axis-Subtractive")
                                             (:*BULK-GRAMS . 1105.92)
                                             (:*NET-GRAMS . 221.184)
                                             (:*SCRAP-GRAMS . 884.736)
                                             (:*WIDTH . 160.0)
                                             (:*HEIGHT . 80.0) (:*DEPTH . 32.0)
                                             (:*COMPLIANCE . 7.659542e-7)
                                             (:*VOLUME . 81920.0)
                                             (:*TASK--*SEQUENCE
                                              ((:*NAME
                                                . "3-Axis-machine-setup")
                                               (:*REQUIRED-CAPABILITY
                                                . "3-Axis-Machining")
                                               (:*NOMINAL-DURATION . 30.0)
                                               (:*NOMINAL-COST . 60.0))
                                              ((:*NAME . "3-Axis-fixture-1")
                                               (:*REQUIRED-CAPABILITY
                                                . "3-Axis-Machining")
                                               (:*NOMINAL-DURATION . 10.0)
                                               (:*NOMINAL-COST . 30.0))
                                              ((:*NAME . "3-Axis-machining-1")
                                               (:*REQUIRED-CAPABILITY
                                                . "3-Axis-Machining")
                                               (:*NOMINAL-DURATION . 27.690676)
                                               (:*NOMINAL-COST . 83.07203))
                                              ((:*NAME . "3-Axis-fixture-2")
                                               (:*REQUIRED-CAPABILITY
                                                . "3-Axis-Machining")
                                               (:*NOMINAL-DURATION . 10.0)
                                               (:*NOMINAL-COST . 30.0))
                                              ((:*NAME . "3-Axis-machining-2")
                                               (:*REQUIRED-CAPABILITY
                                                . "3-Axis-Machining")
                                               (:*NOMINAL-DURATION . 27.690676)
                                               (:*NOMINAL-COST . 83.07203))
                                              ((:*NAME . "3-Axis-fixture-3")
                                               (:*REQUIRED-CAPABILITY
                                                . "3-Axis-Machining")
                                               (:*NOMINAL-DURATION . 10.0)
                                               (:*NOMINAL-COST . 30.0))
                                              ((:*NAME . "3-Axis-machining-3")
                                               (:*REQUIRED-CAPABILITY
                                                . "3-Axis-Machining")
                                               (:*NOMINAL-DURATION . 27.690676)
                                               (:*NOMINAL-COST . 83.07203))
                                              ((:*NAME . "3-Axis-fixture-4")
                                               (:*REQUIRED-CAPABILITY
                                                . "3-Axis-Machining")
                                               (:*NOMINAL-DURATION . 10.0)
                                               (:*NOMINAL-COST . 30.0))
                                              ((:*NAME . "3-Axis-machining-4")
                                               (:*REQUIRED-CAPABILITY
                                                . "3-Axis-Machining")
                                               (:*NOMINAL-DURATION . 27.690676)
                                               (:*NOMINAL-COST . 83.07203))
                                              ((:*NAME . "3-Axis-fixture-5")
                                               (:*REQUIRED-CAPABILITY
                                                . "3-Axis-Machining")
                                               (:*NOMINAL-DURATION . 10.0)
                                               (:*NOMINAL-COST . 30.0))
                                              ((:*NAME . "3-Axis-machining-5")
                                               (:*REQUIRED-CAPABILITY
                                                . "3-Axis-Machining")
                                               (:*NOMINAL-DURATION . 27.690676)
                                               (:*NOMINAL-COST . 83.07203))
                                              ((:*NAME . "3-Axis-fixture-6")
                                               (:*REQUIRED-CAPABILITY
                                                . "3-Axis-Machining")
                                               (:*NOMINAL-DURATION . 10.0)
                                               (:*NOMINAL-COST . 30.0))
                                              ((:*NAME . "3-Axis-machining-6")
                                               (:*REQUIRED-CAPABILITY
                                                . "3-Axis-Machining")
                                               (:*NOMINAL-DURATION . 27.690676)
                                               (:*NOMINAL-COST . 83.07203))
                                              ((:*NAME . "Polishing")
                                               (:*REQUIRED-CAPABILITY
                                                . "Buffing")
                                               (:*NOMINAL-DURATION . 5.0)
                                               (:*NOMINAL-COST . 10.0))
                                              ((:*NAME . "Inspection")
                                               (:*REQUIRED-CAPABILITY
                                                . "Buffing")
                                               (:*NOMINAL-DURATION . 20.0)
                                               (:*NOMINAL-COST . 20.0))))))
[3901208048.169735 INFO] Generating Bid:  ((:*NAME . "Request-A")
                                           (:*PART . "Bracket")
                                           (:*QUANTITY . 100)
                                           (:*EARLIEST-START-DATE
                                            . "2022-02-05T08:00:00")
                                           (:*DUE-DATE . "2022-02-11T23:59:59")
                                           (:*SUPPLIER-NAMES "Supplier-A"
                                            "Supplier-B")
                                           (:*PROCESS-PLANS
                                            ((:*NAME . "3-Axis-Subtractive-1")
                                             (:*PART . "Bracket")
                                             (:*LINK . "config_1_1")
                                             (:*MATERIAL . "Al6061")
                                             (:*MANUFACTURING-METHOD
                                              . "3-Axis-Subtractive")
                                             (:*BULK-GRAMS . 1105.92)
                                             (:*NET-GRAMS . 884.736)
                                             (:*SCRAP-GRAMS . 221.184)
                                             (:*WIDTH . 160.0)
                                             (:*HEIGHT . 80.0) (:*DEPTH . 32.0)
                                             (:*COMPLIANCE . 4.787506e-8)
                                             (:*VOLUME . 327680.0)
                                             (:*TASK--*SEQUENCE
                                              ((:*NAME
                                                . "3-Axis-machine-setup")
                                               (:*REQUIRED-CAPABILITY
                                                . "3-Axis-Machining")
                                               (:*NOMINAL-DURATION . 30.0)
                                               (:*NOMINAL-COST . 60.0))
                                              ((:*NAME . "3-Axis-fixture-1")
                                               (:*REQUIRED-CAPABILITY
                                                . "3-Axis-Machining")
                                               (:*NOMINAL-DURATION . 10.0)
                                               (:*NOMINAL-COST . 30.0))
                                              ((:*NAME . "3-Axis-machining-1")
                                               (:*REQUIRED-CAPABILITY
                                                . "3-Axis-Machining")
                                               (:*NOMINAL-DURATION . 21.297668)
                                               (:*NOMINAL-COST . 63.893005))
                                              ((:*NAME . "3-Axis-fixture-2")
                                               (:*REQUIRED-CAPABILITY
                                                . "3-Axis-Machining")
                                               (:*NOMINAL-DURATION . 10.0)
                                               (:*NOMINAL-COST . 30.0))
                                              ((:*NAME . "3-Axis-machining-2")
                                               (:*REQUIRED-CAPABILITY
                                                . "3-Axis-Machining")
                                               (:*NOMINAL-DURATION . 21.297668)
                                               (:*NOMINAL-COST . 63.893005))
                                              ((:*NAME . "3-Axis-fixture-3")
                                               (:*REQUIRED-CAPABILITY
                                                . "3-Axis-Machining")
                                               (:*NOMINAL-DURATION . 10.0)
                                               (:*NOMINAL-COST . 30.0))
                                              ((:*NAME . "3-Axis-machining-3")
                                               (:*REQUIRED-CAPABILITY
                                                . "3-Axis-Machining")
                                               (:*NOMINAL-DURATION . 21.297668)
                                               (:*NOMINAL-COST . 63.893005))
                                              ((:*NAME . "3-Axis-fixture-4")
                                               (:*REQUIRED-CAPABILITY
                                                . "3-Axis-Machining")
                                               (:*NOMINAL-DURATION . 10.0)
                                               (:*NOMINAL-COST . 30.0))
                                              ((:*NAME . "3-Axis-machining-4")
                                               (:*REQUIRED-CAPABILITY
                                                . "3-Axis-Machining")
                                               (:*NOMINAL-DURATION . 21.297668)
                                               (:*NOMINAL-COST . 63.893005))
                                              ((:*NAME . "3-Axis-fixture-5")
                                               (:*REQUIRED-CAPABILITY
                                                . "3-Axis-Machining")
                                               (:*NOMINAL-DURATION . 10.0)
                                               (:*NOMINAL-COST . 30.0))
                                              ((:*NAME . "3-Axis-machining-5")
                                               (:*REQUIRED-CAPABILITY
                                                . "3-Axis-Machining")
                                               (:*NOMINAL-DURATION . 21.297668)
                                               (:*NOMINAL-COST . 63.893005))
                                              ((:*NAME . "3-Axis-fixture-6")
                                               (:*REQUIRED-CAPABILITY
                                                . "3-Axis-Machining")
                                               (:*NOMINAL-DURATION . 10.0)
                                               (:*NOMINAL-COST . 30.0))
                                              ((:*NAME . "3-Axis-machining-6")
                                               (:*REQUIRED-CAPABILITY
                                                . "3-Axis-Machining")
                                               (:*NOMINAL-DURATION . 21.297668)
                                               (:*NOMINAL-COST . 63.893005))
                                              ((:*NAME . "Polishing")
                                               (:*REQUIRED-CAPABILITY
                                                . "Buffing")
                                               (:*NOMINAL-DURATION . 5.0)
                                               (:*NOMINAL-COST . 10.0))
                                              ((:*NAME . "Inspection")
                                               (:*REQUIRED-CAPABILITY
                                                . "Buffing")
                                               (:*NOMINAL-DURATION . 20.0)
                                               (:*NOMINAL-COST . 20.0))))))
[3901208050.345305 INFO] Generating Bid:  ((:*NAME . "Request-A")
                                           (:*PART . "Bracket")
                                           (:*QUANTITY . 100)
                                           (:*EARLIEST-START-DATE
                                            . "2022-02-05T08:00:00")
                                           (:*DUE-DATE . "2022-02-11T23:59:59")
                                           (:*SUPPLIER-NAMES "Supplier-A"
                                            "Supplier-B")
                                           (:*PROCESS-PLANS
                                            ((:*NAME . "3-Axis-Subtractive-1")
                                             (:*PART . "Bracket")
                                             (:*LINK . "config_1_1")
                                             (:*MATERIAL . "Al6061")
                                             (:*MANUFACTURING-METHOD
                                              . "3-Axis-Subtractive")
                                             (:*BULK-GRAMS . 1105.92)
                                             (:*NET-GRAMS . 102.1966)
                                             (:*SCRAP-GRAMS . 1003.7234)
                                             (:*WIDTH . 160.0)
                                             (:*HEIGHT . 80.0) (:*DEPTH . 32.0)
                                             (:*COMPLIANCE . 6.3233056e-6)
                                             (:*VOLUME . 37850.594)
                                             (:*TASK--*SEQUENCE
                                              ((:*NAME
                                                . "3-Axis-machine-setup")
                                               (:*REQUIRED-CAPABILITY
                                                . "3-Axis-Machining")
                                               (:*NOMINAL-DURATION . 30.0)
                                               (:*NOMINAL-COST . 60.0))
                                              ((:*NAME . "3-Axis-fixture-1")
                                               (:*REQUIRED-CAPABILITY
                                                . "3-Axis-Machining")
                                               (:*NOMINAL-DURATION . 10.0)
                                               (:*NOMINAL-COST . 30.0))
                                              ((:*NAME . "3-Axis-machining-1")
                                               (:*REQUIRED-CAPABILITY
                                                . "3-Axis-Machining")
                                               (:*NOMINAL-DURATION . 34.482643)
                                               (:*NOMINAL-COST . 103.44793))
                                              ((:*NAME . "3-Axis-fixture-2")
                                               (:*REQUIRED-CAPABILITY
                                                . "3-Axis-Machining")
                                               (:*NOMINAL-DURATION . 10.0)
                                               (:*NOMINAL-COST . 30.0))
                                              ((:*NAME . "3-Axis-machining-2")
                                               (:*REQUIRED-CAPABILITY
                                                . "3-Axis-Machining")
                                               (:*NOMINAL-DURATION . 15.439229)
                                               (:*NOMINAL-COST . 46.317688))
                                              ((:*NAME . "3-Axis-fixture-3")
                                               (:*REQUIRED-CAPABILITY
                                                . "3-Axis-Machining")
                                               (:*NOMINAL-DURATION . 10.0)
                                               (:*NOMINAL-COST . 30.0))
                                              ((:*NAME . "3-Axis-machining-3")
                                               (:*REQUIRED-CAPABILITY
                                                . "3-Axis-Machining")
                                               (:*NOMINAL-DURATION . 4.434017)
                                               (:*NOMINAL-COST . 13.302052))
                                              ((:*NAME . "3-Axis-fixture-4")
                                               (:*REQUIRED-CAPABILITY
                                                . "3-Axis-Machining")
                                               (:*NOMINAL-DURATION . 10.0)
                                               (:*NOMINAL-COST . 30.0))
                                              ((:*NAME . "3-Axis-machining-4")
                                               (:*REQUIRED-CAPABILITY
                                                . "3-Axis-Machining")
                                               (:*NOMINAL-DURATION
                                                . 0.89767534)
                                               (:*NOMINAL-COST . 2.693026))
                                              ((:*NAME . "3-Axis-fixture-5")
                                               (:*REQUIRED-CAPABILITY
                                                . "3-Axis-Machining")
                                               (:*NOMINAL-DURATION . 10.0)
                                               (:*NOMINAL-COST . 30.0))
                                              ((:*NAME . "3-Axis-machining-5")
                                               (:*REQUIRED-CAPABILITY
                                                . "3-Axis-Machining")
                                               (:*NOMINAL-DURATION . 2.2083192)
                                               (:*NOMINAL-COST . 6.6249576))
                                              ((:*NAME . "3-Axis-fixture-6")
                                               (:*REQUIRED-CAPABILITY
                                                . "3-Axis-Machining")
                                               (:*NOMINAL-DURATION . 10.0)
                                               (:*NOMINAL-COST . 30.0))
                                              ((:*NAME . "3-Axis-machining-6")
                                               (:*REQUIRED-CAPABILITY
                                                . "3-Axis-Machining")
                                               (:*NOMINAL-DURATION
                                                . 0.40329453)
                                               (:*NOMINAL-COST . 1.2098836))
                                              ((:*NAME . "Polishing")
                                               (:*REQUIRED-CAPABILITY
                                                . "Buffing")
                                               (:*NOMINAL-DURATION . 5.0)
                                               (:*NOMINAL-COST . 10.0))
                                              ((:*NAME . "Inspection")
                                               (:*REQUIRED-CAPABILITY
                                                . "Buffing")
                                               (:*NOMINAL-DURATION . 20.0)
                                               (:*NOMINAL-COST . 20.0))))))
[3901208134.142276 INFO] Generating Bid:  ((:*NAME . "Request-A")
                                           (:*PART . "Bracket")
                                           (:*QUANTITY . 100)
                                           (:*EARLIEST-START-DATE
                                            . "2022-02-05T08:00:00")
                                           (:*DUE-DATE . "2022-02-11T23:59:59")
                                           (:*SUPPLIER-NAMES "Supplier-A"
                                            "Supplier-B")
                                           (:*PROCESS-PLANS
                                            ((:*NAME . "3-Axis-Subtractive-1")
                                             (:*PART . "Bracket")
                                             (:*LINK . "config_1_1")
                                             (:*MATERIAL . "Al6061")
                                             (:*MANUFACTURING-METHOD
                                              . "3-Axis-Subtractive")
                                             (:*BULK-GRAMS . 1105.92)
                                             (:*NET-GRAMS . 221.184)
                                             (:*SCRAP-GRAMS . 884.736)
                                             (:*WIDTH . 160.0)
                                             (:*HEIGHT . 80.0) (:*DEPTH . 32.0)
                                             (:*COMPLIANCE . 7.6589873e-7)
                                             (:*VOLUME . 81920.0)
                                             (:*TASK--*SEQUENCE
                                              ((:*NAME
                                                . "3-Axis-machine-setup")
                                               (:*REQUIRED-CAPABILITY
                                                . "3-Axis-Machining")
                                               (:*NOMINAL-DURATION . 30.0)
                                               (:*NOMINAL-COST . 60.0))
                                              ((:*NAME . "3-Axis-fixture-1")
                                               (:*REQUIRED-CAPABILITY
                                                . "3-Axis-Machining")
                                               (:*NOMINAL-DURATION . 10.0)
                                               (:*NOMINAL-COST . 30.0))
                                              ((:*NAME . "3-Axis-machining-1")
                                               (:*REQUIRED-CAPABILITY
                                                . "3-Axis-Machining")
                                               (:*NOMINAL-DURATION . 27.690676)
                                               (:*NOMINAL-COST . 83.07203))
                                              ((:*NAME . "3-Axis-fixture-2")
                                               (:*REQUIRED-CAPABILITY
                                                . "3-Axis-Machining")
                                               (:*NOMINAL-DURATION . 10.0)
                                               (:*NOMINAL-COST . 30.0))
                                              ((:*NAME . "3-Axis-machining-2")
                                               (:*REQUIRED-CAPABILITY
                                                . "3-Axis-Machining")
                                               (:*NOMINAL-DURATION . 27.690676)
                                               (:*NOMINAL-COST . 83.07203))
                                              ((:*NAME . "3-Axis-fixture-3")
                                               (:*REQUIRED-CAPABILITY
                                                . "3-Axis-Machining")
                                               (:*NOMINAL-DURATION . 10.0)
                                               (:*NOMINAL-COST . 30.0))
                                              ((:*NAME . "3-Axis-machining-3")
                                               (:*REQUIRED-CAPABILITY
                                                . "3-Axis-Machining")
                                               (:*NOMINAL-DURATION . 27.690676)
                                               (:*NOMINAL-COST . 83.07203))
                                              ((:*NAME . "3-Axis-fixture-4")
                                               (:*REQUIRED-CAPABILITY
                                                . "3-Axis-Machining")
                                               (:*NOMINAL-DURATION . 10.0)
                                               (:*NOMINAL-COST . 30.0))
                                              ((:*NAME . "3-Axis-machining-4")
                                               (:*REQUIRED-CAPABILITY
                                                . "3-Axis-Machining")
                                               (:*NOMINAL-DURATION . 27.690676)
                                               (:*NOMINAL-COST . 83.07203))
                                              ((:*NAME . "3-Axis-fixture-5")
                                               (:*REQUIRED-CAPABILITY
                                                . "3-Axis-Machining")
                                               (:*NOMINAL-DURATION . 10.0)
                                               (:*NOMINAL-COST . 30.0))
                                              ((:*NAME . "3-Axis-machining-5")
                                               (:*REQUIRED-CAPABILITY
                                                . "3-Axis-Machining")
                                               (:*NOMINAL-DURATION . 27.690676)
                                               (:*NOMINAL-COST . 83.07203))
                                              ((:*NAME . "3-Axis-fixture-6")
                                               (:*REQUIRED-CAPABILITY
                                                . "3-Axis-Machining")
                                               (:*NOMINAL-DURATION . 10.0)
                                               (:*NOMINAL-COST . 30.0))
                                              ((:*NAME . "3-Axis-machining-6")
                                               (:*REQUIRED-CAPABILITY
                                                . "3-Axis-Machining")
                                               (:*NOMINAL-DURATION . 27.690676)
                                               (:*NOMINAL-COST . 83.07203))
                                              ((:*NAME . "Polishing")
                                               (:*REQUIRED-CAPABILITY
                                                . "Buffing")
                                               (:*NOMINAL-DURATION . 5.0)
                                               (:*NOMINAL-COST . 10.0))
                                              ((:*NAME . "Inspection")
                                               (:*REQUIRED-CAPABILITY
                                                . "Buffing")
                                               (:*NOMINAL-DURATION . 20.0)
                                               (:*NOMINAL-COST . 20.0))))))
[3901208136.345372 INFO] Generating Bid:  ((:*NAME . "Request-A")
                                           (:*PART . "Bracket")
                                           (:*QUANTITY . 100)
                                           (:*EARLIEST-START-DATE
                                            . "2022-02-05T08:00:00")
                                           (:*DUE-DATE . "2022-02-11T23:59:59")
                                           (:*SUPPLIER-NAMES "Supplier-A"
                                            "Supplier-B")
                                           (:*PROCESS-PLANS
                                            ((:*NAME . "3-Axis-Subtractive-1")
                                             (:*PART . "Bracket")
                                             (:*LINK . "config_1_1")
                                             (:*MATERIAL . "Al6061")
                                             (:*MANUFACTURING-METHOD
                                              . "3-Axis-Subtractive")
                                             (:*BULK-GRAMS . 1105.92)
                                             (:*NET-GRAMS . 884.736)
                                             (:*SCRAP-GRAMS . 221.184)
                                             (:*WIDTH . 160.0)
                                             (:*HEIGHT . 80.0) (:*DEPTH . 32.0)
                                             (:*COMPLIANCE . 4.788094e-8)
                                             (:*VOLUME . 327680.0)
                                             (:*TASK--*SEQUENCE
                                              ((:*NAME
                                                . "3-Axis-machine-setup")
                                               (:*REQUIRED-CAPABILITY
                                                . "3-Axis-Machining")
                                               (:*NOMINAL-DURATION . 30.0)
                                               (:*NOMINAL-COST . 60.0))
                                              ((:*NAME . "3-Axis-fixture-1")
                                               (:*REQUIRED-CAPABILITY
                                                . "3-Axis-Machining")
                                               (:*NOMINAL-DURATION . 10.0)
                                               (:*NOMINAL-COST . 30.0))
                                              ((:*NAME . "3-Axis-machining-1")
                                               (:*REQUIRED-CAPABILITY
                                                . "3-Axis-Machining")
                                               (:*NOMINAL-DURATION . 21.297668)
                                               (:*NOMINAL-COST . 63.893005))
                                              ((:*NAME . "3-Axis-fixture-2")
                                               (:*REQUIRED-CAPABILITY
                                                . "3-Axis-Machining")
                                               (:*NOMINAL-DURATION . 10.0)
                                               (:*NOMINAL-COST . 30.0))
                                              ((:*NAME . "3-Axis-machining-2")
                                               (:*REQUIRED-CAPABILITY
                                                . "3-Axis-Machining")
                                               (:*NOMINAL-DURATION . 21.297668)
                                               (:*NOMINAL-COST . 63.893005))
                                              ((:*NAME . "3-Axis-fixture-3")
                                               (:*REQUIRED-CAPABILITY
                                                . "3-Axis-Machining")
                                               (:*NOMINAL-DURATION . 10.0)
                                               (:*NOMINAL-COST . 30.0))
                                              ((:*NAME . "3-Axis-machining-3")
                                               (:*REQUIRED-CAPABILITY
                                                . "3-Axis-Machining")
                                               (:*NOMINAL-DURATION . 21.297668)
                                               (:*NOMINAL-COST . 63.893005))
                                              ((:*NAME . "3-Axis-fixture-4")
                                               (:*REQUIRED-CAPABILITY
                                                . "3-Axis-Machining")
                                               (:*NOMINAL-DURATION . 10.0)
                                               (:*NOMINAL-COST . 30.0))
                                              ((:*NAME . "3-Axis-machining-4")
                                               (:*REQUIRED-CAPABILITY
                                                . "3-Axis-Machining")
                                               (:*NOMINAL-DURATION . 21.297668)
                                               (:*NOMINAL-COST . 63.893005))
                                              ((:*NAME . "3-Axis-fixture-5")
                                               (:*REQUIRED-CAPABILITY
                                                . "3-Axis-Machining")
                                               (:*NOMINAL-DURATION . 10.0)
                                               (:*NOMINAL-COST . 30.0))
                                              ((:*NAME . "3-Axis-machining-5")
                                               (:*REQUIRED-CAPABILITY
                                                . "3-Axis-Machining")
                                               (:*NOMINAL-DURATION . 21.297668)
                                               (:*NOMINAL-COST . 63.893005))
                                              ((:*NAME . "3-Axis-fixture-6")
                                               (:*REQUIRED-CAPABILITY
                                                . "3-Axis-Machining")
                                               (:*NOMINAL-DURATION . 10.0)
                                               (:*NOMINAL-COST . 30.0))
                                              ((:*NAME . "3-Axis-machining-6")
                                               (:*REQUIRED-CAPABILITY
                                                . "3-Axis-Machining")
                                               (:*NOMINAL-DURATION . 21.297668)
                                               (:*NOMINAL-COST . 63.893005))
                                              ((:*NAME . "Polishing")
                                               (:*REQUIRED-CAPABILITY
                                                . "Buffing")
                                               (:*NOMINAL-DURATION . 5.0)
                                               (:*NOMINAL-COST . 10.0))
                                              ((:*NAME . "Inspection")
                                               (:*REQUIRED-CAPABILITY
                                                . "Buffing")
                                               (:*NOMINAL-DURATION . 20.0)
                                               (:*NOMINAL-COST . 20.0))))))
[3901208145.413702 INFO] Generating Bid:  ((:*NAME . "Request-A")
                                           (:*PART . "Bracket")
                                           (:*QUANTITY . 100)
                                           (:*EARLIEST-START-DATE
                                            . "2022-02-05T08:00:00")
                                           (:*DUE-DATE . "2022-02-11T23:59:59")
                                           (:*SUPPLIER-NAMES "Supplier-A"
                                            "Supplier-B")
                                           (:*PROCESS-PLANS
                                            ((:*NAME . "SLM-Additive-1")
                                             (:*PART . "Bracket")
                                             (:*LINK . "config_1_9")
                                             (:*MATERIAL . "Al6061powder")
                                             (:*MANUFACTURING-METHOD
                                              . "SLM-Additive")
                                             (:*BULK-GRAMS . 113.90976)
                                             (:*NET-GRAMS . 110.592)
                                             (:*SCRAP-GRAMS . 3.31776)
                                             (:*WIDTH . 160.0)
                                             (:*HEIGHT . 80.0) (:*DEPTH . 32.0)
                                             (:*COMPLIANCE . 3.0638446e-6)
                                             (:*VOLUME . 122880.0)
                                             (:*TASK--*SEQUENCE
                                              ((:*NAME
                                                . "Additive-machine-setup")
                                               (:*REQUIRED-CAPABILITY
                                                . "SLM-Metal-Printing")
                                               (:*NOMINAL-DURATION . 30.0)
                                               (:*NOMINAL-COST . 60.0))
                                              ((:*NAME . "SLM-printing")
                                               (:*REQUIRED-CAPABILITY
                                                . "SLM-Metal-Printing")
                                               (:*NOMINAL-DURATION . 113.90976)
                                               (:*NOMINAL-COST . 227.81952))
                                              ((:*NAME . "Support-removal")
                                               (:*REQUIRED-CAPABILITY
                                                . "Buffing")
                                               (:*NOMINAL-DURATION . 20.0)
                                               (:*NOMINAL-COST . 20.0))
                                              ((:*NAME . "Inspection")
                                               (:*REQUIRED-CAPABILITY
                                                . "Buffing")
                                               (:*NOMINAL-DURATION . 20.0)
                                               (:*NOMINAL-COST . 20.0))))))
[3901208147.449432 INFO] Generating Bid:  ((:*NAME . "Request-A")
                                           (:*PART . "Bracket")
                                           (:*QUANTITY . 100)
                                           (:*EARLIEST-START-DATE
                                            . "2022-02-05T08:00:00")
                                           (:*DUE-DATE . "2022-02-11T23:59:59")
                                           (:*SUPPLIER-NAMES "Supplier-A"
                                            "Supplier-B")
                                           (:*PROCESS-PLANS
                                            ((:*NAME . "SLM-Additive-1")
                                             (:*PART . "Bracket")
                                             (:*LINK . "config_1_9")
                                             (:*MATERIAL . "Al6061powder")
                                             (:*MANUFACTURING-METHOD
                                              . "SLM-Additive")
                                             (:*BULK-GRAMS . 797.36835)
                                             (:*NET-GRAMS . 774.144)
                                             (:*SCRAP-GRAMS . 23.22432)
                                             (:*WIDTH . 160.0)
                                             (:*HEIGHT . 80.0) (:*DEPTH . 32.0)
                                             (:*COMPLIANCE . 6.251084e-8)
                                             (:*VOLUME . 122880.0)
                                             (:*TASK--*SEQUENCE
                                              ((:*NAME
                                                . "Additive-machine-setup")
                                               (:*REQUIRED-CAPABILITY
                                                . "SLM-Metal-Printing")
                                               (:*NOMINAL-DURATION . 30.0)
                                               (:*NOMINAL-COST . 60.0))
                                              ((:*NAME . "SLM-printing")
                                               (:*REQUIRED-CAPABILITY
                                                . "SLM-Metal-Printing")
                                               (:*NOMINAL-DURATION . 797.36835)
                                               (:*NOMINAL-COST . 1594.7367))
                                              ((:*NAME . "Support-removal")
                                               (:*REQUIRED-CAPABILITY
                                                . "Buffing")
                                               (:*NOMINAL-DURATION . 20.0)
                                               (:*NOMINAL-COST . 20.0))
                                              ((:*NAME . "Inspection")
                                               (:*REQUIRED-CAPABILITY
                                                . "Buffing")
                                               (:*NOMINAL-DURATION . 20.0)
                                               (:*NOMINAL-COST . 20.0))))))
[3901208163.831493 INFO] Generating Bid:  ((:*NAME . "Request-A")
                                           (:*PART . "Bracket")
                                           (:*QUANTITY . 100)
                                           (:*EARLIEST-START-DATE
                                            . "2022-02-05T08:00:00")
                                           (:*DUE-DATE . "2022-02-11T23:59:59")
                                           (:*SUPPLIER-NAMES "Supplier-A"
                                            "Supplier-B")
                                           (:*PROCESS-PLANS
                                            ((:*NAME . "2-Axis-Subtractive-1")
                                             (:*PART . "Bracket")
                                             (:*LINK . "config_1_11")
                                             (:*MATERIAL . "Al6061")
                                             (:*MANUFACTURING-METHOD
                                              . "2-Axis-Subtractive")
                                             (:*BULK-GRAMS . 1105.92)
                                             (:*NET-GRAMS . 110.592)
                                             (:*SCRAP-GRAMS . 995.328)
                                             (:*WIDTH . 160.0)
                                             (:*HEIGHT . 80.0) (:*DEPTH . 32.0)
                                             (:*COMPLIANCE . 3.063857e-6)
                                             (:*VOLUME . 40960.0)
                                             (:*TASK--*SEQUENCE
                                              ((:*NAME . "EDM-machine-setup")
                                               (:*REQUIRED-CAPABILITY
                                                . "EDM-Machining")
                                               (:*NOMINAL-DURATION . 30.0)
                                               (:*NOMINAL-COST . 60.0))
                                              ((:*NAME . "2Axis-machining-1")
                                               (:*REQUIRED-CAPABILITY
                                                . "EDM-Machining")
                                               (:*NOMINAL-DURATION . 174.04025)
                                               (:*NOMINAL-COST . 696.161))
                                              ((:*NAME . "Polishing")
                                               (:*REQUIRED-CAPABILITY
                                                . "Buffing")
                                               (:*NOMINAL-DURATION . 5.0)
                                               (:*NOMINAL-COST . 10.0))
                                              ((:*NAME . "Inspection")
                                               (:*REQUIRED-CAPABILITY
                                                . "Buffing")
                                               (:*NOMINAL-DURATION . 20.0)
                                               (:*NOMINAL-COST . 20.0))))))
[3901208165.888992 INFO] Generating Bid:  ((:*NAME . "Request-A")
                                           (:*PART . "Bracket")
                                           (:*QUANTITY . 100)
                                           (:*EARLIEST-START-DATE
                                            . "2022-02-05T08:00:00")
                                           (:*DUE-DATE . "2022-02-11T23:59:59")
                                           (:*SUPPLIER-NAMES "Supplier-A"
                                            "Supplier-B")
                                           (:*PROCESS-PLANS
                                            ((:*NAME . "2-Axis-Subtractive-1")
                                             (:*PART . "Bracket")
                                             (:*LINK . "config_1_11")
                                             (:*MATERIAL . "Al6061")
                                             (:*MANUFACTURING-METHOD
                                              . "2-Axis-Subtractive")
                                             (:*BULK-GRAMS . 1105.92)
                                             (:*NET-GRAMS . 774.144)
                                             (:*SCRAP-GRAMS . 331.776)
                                             (:*WIDTH . 160.0)
                                             (:*HEIGHT . 80.0) (:*DEPTH . 32.0)
                                             (:*COMPLIANCE . 6.25622e-8)
                                             (:*VOLUME . 286720.0)
                                             (:*TASK--*SEQUENCE
                                              ((:*NAME . "EDM-machine-setup")
                                               (:*REQUIRED-CAPABILITY
                                                . "EDM-Machining")
                                               (:*NOMINAL-DURATION . 30.0)
                                               (:*NOMINAL-COST . 60.0))
                                              ((:*NAME . "2Axis-machining-1")
                                               (:*REQUIRED-CAPABILITY
                                                . "EDM-Machining")
                                               (:*NOMINAL-DURATION . 174.04025)
                                               (:*NOMINAL-COST . 696.161))
                                              ((:*NAME . "Polishing")
                                               (:*REQUIRED-CAPABILITY
                                                . "Buffing")
                                               (:*NOMINAL-DURATION . 5.0)
                                               (:*NOMINAL-COST . 10.0))
                                              ((:*NAME . "Inspection")
                                               (:*REQUIRED-CAPABILITY
                                                . "Buffing")
                                               (:*NOMINAL-DURATION . 20.0)
                                               (:*NOMINAL-COST . 20.0))))))
