[3901117110.023470 INFO] Legal Time Range:  [Jan  1 1970 00:00:00] -- [Sep 25 73069258125 03:52:31]
[3901117110.026397 INFO] Loading problem from /Users/hongr/Documents/aditya/GM_weighted_approach/Test_scheduler_new/executable-win/executable-win/data/ray-generate-dataset/json/
[3901117140.842228 INFO] Generating Bid:  (((:*NAME . "Request-A")
                                            (:*PART . "Bracket")
                                            (:*QUANTITY . 100)
                                            (:*EARLIEST-START-DATE
                                             . "2022-02-05T08:00:00")
                                            (:*DUE-DATE
                                             . "2022-02-11T23:59:59")
                                            (:*SUPPLIER-NAMES "Supplier-A"
                                             "Supplier-B")
                                            (:*PROCESS-PLANS
                                             ((:*NAME . "SLM-Additive-1")
                                              (:*LINK . "config_1_9")
                                              (:*MATERIAL . "Al6061")
                                              (:*MANUFACTURING-METHOD
                                               . "SLM-Additive")
                                              (:*BULK-GRAMS . 90.97772)
                                              (:*NET-GRAMS . 81.703415)
                                              (:*SCRAP-GRAMS . 9.2743025)
                                              (:*WIDTH . 160.0)
                                              (:*HEIGHT . 80.0)
                                              (:*DEPTH . 32.0)
                                              (:*COMPLIANCE . 8.516046e-7)
                                              (:*VOLUME . 30260.527)
                                              (:*TASK--*SEQUENCE
                                               ((:*NAME
                                                 . "Additive-machine-setup")
                                                (:*REQUIRED-CAPABILITY
                                                 . "SLM-Metal-Printing")
                                                (:*NOMINAL-DURATION . 30.0)
                                                (:*NOMINAL-COST . 60.0))
                                               ((:*NAME . "SLM-printing")
                                                (:*REQURIED-CAPABILITY
                                                 . "SLM-Metal-Printing")
                                                (:*NOMINAL-DURATION
                                                 . 90.977715)
                                                (:*NOMINAL-COST . 181.95543))
                                               ((:*NAME . "Support-removal")
                                                (:*REQUIRED-CAPABILITY
                                                 . "Buffing")
                                                (:*NOMINAL-DURATION . 20.0)
                                                (:*NOMINAL-COST . 20.0))
                                               ((:*NAME . "Inspection")
                                                (:*REQUIRED-CAPABILITY
                                                 . "Buffing")
                                                (:*NOMINAL-DURATION . 20.0)
                                                (:*NOMINAL-COST . 20.0)))))))
[3901117259.580111 INFO] Generating Bid:  ((:*NAME . "Request-A")
                                           (:*PART . "Bracket")
                                           (:*QUANTITY . 100)
                                           (:*EARLIEST-START-DATE
                                            . "2022-02-05T08:00:00")
                                           (:*DUE-DATE . "2022-02-11T23:59:59")
                                           (:*SUPPLIER-NAMES "Supplier-A"
                                            "Supplier-B")
                                           (:*PROCESS-PLANS
                                            ((:*NAME . "SLM-Additive-1")
                                             (:*PART . "Bracket")
                                             (:*LINK . "config_1_9")
                                             (:*MATERIAL . "Al6061")
                                             (:*MANUFACTURING-METHOD
                                              . "SLM-Additive")
                                             (:*BULK-GRAMS . 90.97723)
                                             (:*NET-GRAMS . 81.70337)
                                             (:*SCRAP-GRAMS . 9.27386)
                                             (:*WIDTH . 160.0)
                                             (:*HEIGHT . 80.0) (:*DEPTH . 32.0)
                                             (:*COMPLIANCE . 8.516064e-7)
                                             (:*VOLUME . 30260.508)
                                             (:*TASK--*SEQUENCE
                                              ((:*NAME
                                                . "Additive-machine-setup")
                                               (:*REQUIRED-CAPABILITY
                                                . "SLM-Metal-Printing")
                                               (:*NOMINAL-DURATION . 30.0)
                                               (:*NOMINAL-COST . 60.0))
                                              ((:*NAME . "SLM-printing")
                                               (:*REQUIRED-CAPABILITY
                                                . "SLM-Metal-Printing")
                                               (:*NOMINAL-DURATION . 90.97723)
                                               (:*NOMINAL-COST . 181.95445))
                                              ((:*NAME . "Support-removal")
                                               (:*REQUIRED-CAPABILITY
                                                . "Buffing")
                                               (:*NOMINAL-DURATION . 20.0)
                                               (:*NOMINAL-COST . 20.0))
                                              ((:*NAME . "Inspection")
                                               (:*REQUIRED-CAPABILITY
                                                . "Buffing")
                                               (:*NOMINAL-DURATION . 20.0)
                                               (:*NOMINAL-COST . 20.0))))))
