[3904653960.023704 INFO] Legal Time Range:  [Jan  1 1970 00:00:00] -- [Sep 25 73069258125 03:52:31]
[3904653960.026383 INFO] Loading problem from /Users/hongr/Documents/aditya/UM_weights_new_test_all_contr/executable-win/executable-win/data/ray-generate-dataset/json/
[3904653978.629745 INFO] Generating Bid:  ((:*NAME . "Request-A")
                                           (:*PART . "Bracket")
                                           (:*QUANTITY . 100)
                                           (:*EARLIEST-START-DATE
                                            . "2022-02-05T08:00:00")
                                           (:*DUE-DATE . "2023-02-11T23:59:59")
                                           (:*SUPPLIER-NAMES "Supplier-A"
                                            "Supplier-B")
                                           (:*PROCESS-PLANS
                                            ((:*MAX-DISP . 5.8081623e-6)
                                             (:*NAME . "SLM-Additive-1")
                                             (:*PART . "Bracket")
                                             (:*LINK
                                              . "Studies/CB\\config_4_1")
                                             (:*MATERIAL . "Al6061powder")
                                             (:*MANUFACTURING-METHOD
                                              . "SLM-Additive")
                                             (:*BULK-GRAMS . 272.5734)
                                             (:*NET-GRAMS . 192.57765)
                                             (:*SCRAP-GRAMS . 79.99573)
                                             (:*WIDTH . 160.0)
                                             (:*HEIGHT . 80.0) (:*DEPTH . 32.0)
                                             (:*COMPLIANCE . 3.2984221e-6)
                                             (:*VOLUME . 71325.055)
                                             (:*TASK--*SEQUENCE
                                              ((:*NAME
                                                . "Additive-machine-setup")
                                               (:*REQUIRED-CAPABILITY
                                                . "SLM-Metal-Printing")
                                               (:*NOMINAL-DURATION . 1800.0)
                                               (:*NOMINAL-COST . 60.0))
                                              ((:*NAME . "SLM-printing")
                                               (:*REQUIRED-CAPABILITY
                                                . "SLM-Metal-Printing")
                                               (:*NOMINAL-DURATION . 16354.402)
                                               (:*NOMINAL-COST . 545.1467))
                                              ((:*NAME . "Support-removal")
                                               (:*REQUIRED-CAPABILITY
                                                . "Buffing")
                                               (:*NOMINAL-DURATION . 1200.0)
                                               (:*NOMINAL-COST . 20.0))
                                              ((:*NAME . "Inspection")
                                               (:*REQUIRED-CAPABILITY
                                                . "Buffing")
                                               (:*NOMINAL-DURATION . 1200.0)
                                               (:*NOMINAL-COST . 20.0))))))
