[3901204686.023352 INFO] Legal Time Range:  [Jan  1 1970 00:00:00] -- [Sep 25 73069258125 03:52:31]
[3901204686.025919 INFO] Loading problem from /Users/hongr/Documents/aditya/GM_weighted_approach/Test_scheduler_new/executable-win/executable-win/data/ray-generate-dataset/json/
[3901204715.430930 INFO] Generating Bid:  ((:*NAME . "Request-A")
                                           (:*PART . "Bracket")
                                           (:*QUANTITY . 100)
                                           (:*EARLIEST-START-DATE
                                            . "2022-02-05T08:00:00")
                                           (:*DUE-DATE . "2022-02-11T23:59:59")
                                           (:*SUPPLIER-NAMES "Supplier-A"
                                            "Supplier-B")
                                           (:*PROCESS-PLANS
                                            ((:*NAME . "SLM-Additive-1")
                                             (:*PART . "Bracket")
                                             (:*LINK . "config_1_9")
                                             (:*MATERIAL . "Al6061powder")
                                             (:*MANUFACTURING-METHOD
                                              . "SLM-Additive")
                                             (:*BULK-GRAMS . 90.97749)
                                             (:*NET-GRAMS . 81.7034)
                                             (:*SCRAP-GRAMS . 9.274086)
                                             (:*WIDTH . 160.0)
                                             (:*HEIGHT . 80.0) (:*DEPTH . 32.0)
                                             (:*COMPLIANCE . 8.516049e-7)
                                             (:*VOLUME . 30260.52)
                                             (:*TASK--*SEQUENCE
                                              ((:*NAME
                                                . "Additive-machine-setup")
                                               (:*REQUIRED-CAPABILITY
                                                . "SLM-Metal-Printing")
                                               (:*NOMINAL-DURATION . 30.0)
                                               (:*NOMINAL-COST . 60.0))
                                              ((:*NAME . "SLM-printing")
                                               (:*REQUIRED-CAPABILITY
                                                . "SLM-Metal-Printing")
                                               (:*NOMINAL-DURATION . 90.977486)
                                               (:*NOMINAL-COST . 181.95497))
                                              ((:*NAME . "Support-removal")
                                               (:*REQUIRED-CAPABILITY
                                                . "Buffing")
                                               (:*NOMINAL-DURATION . 20.0)
                                               (:*NOMINAL-COST . 20.0))
                                              ((:*NAME . "Inspection")
                                               (:*REQUIRED-CAPABILITY
                                                . "Buffing")
                                               (:*NOMINAL-DURATION . 20.0)
                                               (:*NOMINAL-COST . 20.0))))))
[3901204787.916837 INFO] Generating Bid:  ((:*NAME . "Request-A")
                                           (:*PART . "Bracket")
                                           (:*QUANTITY . 100)
                                           (:*EARLIEST-START-DATE
                                            . "2022-02-05T08:00:00")
                                           (:*DUE-DATE . "2022-02-11T23:59:59")
                                           (:*SUPPLIER-NAMES "Supplier-A"
                                            "Supplier-B")
                                           (:*PROCESS-PLANS
                                            ((:*NAME . "3-Axis-Subtractive-1")
                                             (:*PART . "Bracket")
                                             (:*LINK . "config_1_1")
                                             (:*MATERIAL . "Al6061")
                                             (:*MANUFACTURING-METHOD
                                              . "3-Axis-Subtractive")
                                             (:*BULK-GRAMS . 1105.92)
                                             (:*NET-GRAMS . 182.54535)
                                             (:*SCRAP-GRAMS . 923.37463)
                                             (:*WIDTH . 160.0)
                                             (:*HEIGHT . 80.0) (:*DEPTH . 32.0)
                                             (:*COMPLIANCE . 1.1584591e-6)
                                             (:*VOLUME . 67609.39)
                                             (:*TASK--*SEQUENCE
                                              ((:*NAME
                                                . "3-Axis-machine-setup")
                                               (:*REQUIRED-CAPABILITY
                                                . "3-Axis-Machining")
                                               (:*NOMINAL-DURATION . 30.0)
                                               (:*NOMINAL-COST . 60.0))
                                              ((:*NAME . "3-Axis-fixture-1")
                                               (:*REQUIRED-CAPABILITY
                                                . "3-Axis-Machining")
                                               (:*NOMINAL-DURATION . 10.0)
                                               (:*NOMINAL-COST . 30.0))
                                              ((:*NAME . "3-Axis-machining-1")
                                               (:*REQUIRED-CAPABILITY
                                                . "3-Axis-Machining")
                                               (:*NOMINAL-DURATION . 22.690763)
                                               (:*NOMINAL-COST . 68.07229))
                                              ((:*NAME . "3-Axis-fixture-2")
                                               (:*REQUIRED-CAPABILITY
                                                . "3-Axis-Machining")
                                               (:*NOMINAL-DURATION . 10.0)
                                               (:*NOMINAL-COST . 30.0))
                                              ((:*NAME . "3-Axis-machining-2")
                                               (:*REQUIRED-CAPABILITY
                                                . "3-Axis-Machining")
                                               (:*NOMINAL-DURATION . 20.71962)
                                               (:*NOMINAL-COST . 62.15886))
                                              ((:*NAME . "3-Axis-fixture-3")
                                               (:*REQUIRED-CAPABILITY
                                                . "3-Axis-Machining")
                                               (:*NOMINAL-DURATION . 10.0)
                                               (:*NOMINAL-COST . 30.0))
                                              ((:*NAME . "3-Axis-machining-3")
                                               (:*REQUIRED-CAPABILITY
                                                . "3-Axis-Machining")
                                               (:*NOMINAL-DURATION . 6.301344)
                                               (:*NOMINAL-COST . 18.904032))
                                              ((:*NAME . "3-Axis-fixture-4")
                                               (:*REQUIRED-CAPABILITY
                                                . "3-Axis-Machining")
                                               (:*NOMINAL-DURATION . 10.0)
                                               (:*NOMINAL-COST . 30.0))
                                              ((:*NAME . "3-Axis-machining-4")
                                               (:*REQUIRED-CAPABILITY
                                                . "3-Axis-Machining")
                                               (:*NOMINAL-DURATION . 1.4192501)
                                               (:*NOMINAL-COST . 4.2577505))
                                              ((:*NAME . "3-Axis-fixture-5")
                                               (:*REQUIRED-CAPABILITY
                                                . "3-Axis-Machining")
                                               (:*NOMINAL-DURATION . 10.0)
                                               (:*NOMINAL-COST . 30.0))
                                              ((:*NAME . "3-Axis-machining-5")
                                               (:*REQUIRED-CAPABILITY
                                                . "3-Axis-Machining")
                                               (:*NOMINAL-DURATION . 1.2178435)
                                               (:*NOMINAL-COST . 3.6535306))
                                              ((:*NAME . "3-Axis-fixture-6")
                                               (:*REQUIRED-CAPABILITY
                                                . "3-Axis-Machining")
                                               (:*NOMINAL-DURATION . 10.0)
                                               (:*NOMINAL-COST . 30.0))
                                              ((:*NAME . "3-Axis-machining-6")
                                               (:*REQUIRED-CAPABILITY
                                                . "3-Axis-Machining")
                                               (:*NOMINAL-DURATION
                                                . 0.65216595)
                                               (:*NOMINAL-COST . 1.9564979))
                                              ((:*NAME . "Polishing")
                                               (:*REQUIRED-CAPABILITY
                                                . "Buffing")
                                               (:*NOMINAL-DURATION . 5.0)
                                               (:*NOMINAL-COST . 10.0))
                                              ((:*NAME . "Inspection")
                                               (:*REQUIRED-CAPABILITY
                                                . "Buffing")
                                               (:*NOMINAL-DURATION . 20.0)
                                               (:*NOMINAL-COST . 20.0))))))
[3901204849.948671 INFO] Generating Bid:  ((:*NAME . "Request-A")
                                           (:*PART . "Bracket")
                                           (:*QUANTITY . 100)
                                           (:*EARLIEST-START-DATE
                                            . "2022-02-05T08:00:00")
                                           (:*DUE-DATE . "2022-02-11T23:59:59")
                                           (:*SUPPLIER-NAMES "Supplier-A"
                                            "Supplier-B")
                                           (:*PROCESS-PLANS
                                            ((:*NAME . "SLM-Additive-1")
                                             (:*PART . "Bracket")
                                             (:*LINK . "config_1_9")
                                             (:*MATERIAL . "Al6061powder")
                                             (:*MANUFACTURING-METHOD
                                              . "SLM-Additive")
                                             (:*BULK-GRAMS . 90.97716)
                                             (:*NET-GRAMS . 81.70338)
                                             (:*SCRAP-GRAMS . 9.273774)
                                             (:*WIDTH . 160.0)
                                             (:*HEIGHT . 80.0) (:*DEPTH . 32.0)
                                             (:*COMPLIANCE . 8.516056e-7)
                                             (:*VOLUME . 30260.514)
                                             (:*TASK--*SEQUENCE
                                              ((:*NAME
                                                . "Additive-machine-setup")
                                               (:*REQUIRED-CAPABILITY
                                                . "SLM-Metal-Printing")
                                               (:*NOMINAL-DURATION . 30.0)
                                               (:*NOMINAL-COST . 60.0))
                                              ((:*NAME . "SLM-printing")
                                               (:*REQUIRED-CAPABILITY
                                                . "SLM-Metal-Printing")
                                               (:*NOMINAL-DURATION . 90.97715)
                                               (:*NOMINAL-COST . 181.9543))
                                              ((:*NAME . "Support-removal")
                                               (:*REQUIRED-CAPABILITY
                                                . "Buffing")
                                               (:*NOMINAL-DURATION . 20.0)
                                               (:*NOMINAL-COST . 20.0))
                                              ((:*NAME . "Inspection")
                                               (:*REQUIRED-CAPABILITY
                                                . "Buffing")
                                               (:*NOMINAL-DURATION . 20.0)
                                               (:*NOMINAL-COST . 20.0))))))
[3901205129.934800 INFO] Generating Bid:  ((:*NAME . "Request-A")
                                           (:*PART . "Bracket")
                                           (:*QUANTITY . 100)
                                           (:*EARLIEST-START-DATE
                                            . "2022-02-05T08:00:00")
                                           (:*DUE-DATE . "2022-02-11T23:59:59")
                                           (:*SUPPLIER-NAMES "Supplier-A"
                                            "Supplier-B")
                                           (:*PROCESS-PLANS
                                            ((:*NAME . "2-Axis-Subtractive-1")
                                             (:*PART . "Bracket")
                                             (:*LINK . "config_1_11")
                                             (:*MATERIAL . "Al6061")
                                             (:*MANUFACTURING-METHOD
                                              . "2-Axis-Subtractive")
                                             (:*BULK-GRAMS . 1105.92)
                                             (:*NET-GRAMS . 668.44794)
                                             (:*SCRAP-GRAMS . 437.47205)
                                             (:*WIDTH . 160.0)
                                             (:*HEIGHT . 80.0) (:*DEPTH . 32.0)
                                             (:*COMPLIANCE . 5.4673173e-8)
                                             (:*VOLUME . 247573.31)
                                             (:*TASK--*SEQUENCE
                                              ((:*NAME . "EDM-machine-setup")
                                               (:*REQUIRED-CAPABILITY
                                                . "EDM-Machining")
                                               (:*NOMINAL-DURATION . 30.0)
                                               (:*NOMINAL-COST . 60.0))
                                              ((:*NAME . "2Axis-machining-1")
                                               (:*REQURIED-CAPABILITY
                                                . "EDM-Machining")
                                               (:*NOMINAL-DURATION . 140.8751)
                                               (:*NOMINAL-COST . 563.5004))
                                              ((:*NAME . "Polishing")
                                               (:*REQUIRED-CAPABILITY
                                                . "Buffing")
                                               (:*NOMINAL-DURATION . 5.0)
                                               (:*NOMINAL-COST . 10.0))
                                              ((:*NAME . "Inspection")
                                               (:*REQUIRED-CAPABILITY
                                                . "Buffing")
                                               (:*NOMINAL-DURATION . 20.0)
                                               (:*NOMINAL-COST . 20.0))))))
