[3906488515.023220 INFO] Legal Time Range:  [Jan  1 1970 00:00:00] -- [Sep 25 73069258125 03:52:31]
[3906488515.026507 INFO] Loading problem from /Users/hongr/Documents/aditya/Generative_Design_and_Manufacturing2/executable-win/executable-win/data/ray-generate-dataset/json/
[3906488519.313584 INFO] Generating Bid:  ((:*NAME . "Request-A")
                                           (:*PART . "Bracket")
                                           (:*QUANTITY . 1)
                                           (:*EARLIEST-START-DATE
                                            . "2023-11-06T00:00:00")
                                           (:*DUE-DATE . "2028-11-12T23:59:59")
                                           (:*SUPPLIER-NAMES "Supplier-A"
                                            "Supplier-B" "Supplier-C")
                                           (:*PROCESS-PLANS
                                            ((:*NAME . "3-Axis-Subtractive-1")
                                             (:*PART . "Bracket")
                                             (:*LINK
                                              . "Studies/EMB_Scenario_2\\Past/Iter0/config_2")
                                             (:*MATERIAL . "Al6061")
                                             (:*MANUFACTURING-METHOD
                                              . "3-Axis-Subtractive")
                                             (:*BULK-GRAMS . 1080000.0)
                                             (:*NET-GRAMS . 500933.75)
                                             (:*SCRAP-GRAMS . 579066.25)
                                             (:*WIDTH . 1000.0)
                                             (:*HEIGHT . 400.0)
                                             (:*DEPTH . 1000.0)
                                             (:*COMPLIANCE . 0.100043535)
                                             (:*VOLUME . 1.8553102e8)
                                             (:*TASK--*SEQUENCE
                                              ((:*NAME
                                                . "3-Axis-machine-setup")
                                               (:*REQUIRED-CAPABILITY
                                                . "3-Axis-Machining")
                                               (:*NOMINAL-DURATION . 1800.0)
                                               (:*NOMINAL-COST . 60.0))
                                              ((:*NAME . "3-Axis-fixture-1")
                                               (:*REQUIRED-CAPABILITY
                                                . "3-Axis-Machining")
                                               (:*NOMINAL-DURATION . 600.0)
                                               (:*NOMINAL-COST . 30.0))
                                              ((:*NAME . "3-Axis-machining-1")
                                               (:*REQUIRED-CAPABILITY
                                                . "3-Axis-Machining")
                                               (:*NOMINAL-DURATION . 1854717.1)
                                               (:*NOMINAL-COST . 92735.85))
                                              ((:*NAME . "3-Axis-fixture-2")
                                               (:*REQUIRED-CAPABILITY
                                                . "3-Axis-Machining")
                                               (:*NOMINAL-DURATION . 600.0)
                                               (:*NOMINAL-COST . 30.0))
                                              ((:*NAME . "3-Axis-machining-2")
                                               (:*REQUIRED-CAPABILITY
                                                . "3-Axis-Machining")
                                               (:*NOMINAL-DURATION . 94150.87)
                                               (:*NOMINAL-COST . 4707.5435))
                                              ((:*NAME . "3-Axis-fixture-3")
                                               (:*REQUIRED-CAPABILITY
                                                . "3-Axis-Machining")
                                               (:*NOMINAL-DURATION . 600.0)
                                               (:*NOMINAL-COST . 30.0))
                                              ((:*NAME . "3-Axis-machining-3")
                                               (:*REQUIRED-CAPABILITY
                                                . "3-Axis-Machining")
                                               (:*NOMINAL-DURATION . 36310.574)
                                               (:*NOMINAL-COST . 1815.5286))
                                              ((:*NAME . "3-Axis-fixture-4")
                                               (:*REQUIRED-CAPABILITY
                                                . "3-Axis-Machining")
                                               (:*NOMINAL-DURATION . 600.0)
                                               (:*NOMINAL-COST . 30.0))
                                              ((:*NAME . "3-Axis-machining-4")
                                               (:*REQUIRED-CAPABILITY
                                                . "3-Axis-Machining")
                                               (:*NOMINAL-DURATION . 14391.941)
                                               (:*NOMINAL-COST . 719.59705))
                                              ((:*NAME . "3-Axis-fixture-5")
                                               (:*REQUIRED-CAPABILITY
                                                . "3-Axis-Machining")
                                               (:*NOMINAL-DURATION . 600.0)
                                               (:*NOMINAL-COST . 30.0))
                                              ((:*NAME . "3-Axis-machining-5")
                                               (:*REQUIRED-CAPABILITY
                                                . "3-Axis-Machining")
                                               (:*NOMINAL-DURATION . 4787.365)
                                               (:*NOMINAL-COST . 239.36826))
                                              ((:*NAME . "3-Axis-fixture-6")
                                               (:*REQUIRED-CAPABILITY
                                                . "3-Axis-Machining")
                                               (:*NOMINAL-DURATION . 600.0)
                                               (:*NOMINAL-COST . 30.0))
                                              ((:*NAME . "3-Axis-machining-6")
                                               (:*REQUIRED-CAPABILITY
                                                . "3-Axis-Machining")
                                               (:*NOMINAL-DURATION . 2186.0664)
                                               (:*NOMINAL-COST . 109.30332))
                                              ((:*NAME . "Polishing")
                                               (:*REQUIRED-CAPABILITY
                                                . "Buffing")
                                               (:*NOMINAL-DURATION . 300.0)
                                               (:*NOMINAL-COST . 10.0))
                                              ((:*NAME . "Inspection")
                                               (:*REQUIRED-CAPABILITY
                                                . "Buffing")
                                               (:*NOMINAL-DURATION . 1200.0)
                                               (:*NOMINAL-COST . 20.0))))))
[3906488523.865786 INFO] connection => #<SB-SYS:FD-STREAM for #<SB-BSD-SOCKETS:INET-SOCKET 127.0.0.1:9090, peer: 127.0.0.1:63169, fd: 456 {1002B084C3}> {1002B0A473}>
path => "/favicon.ico"
vals => ((:CONNECTION . "keep-alive")
         (:USER-AGENT
          . "Mozilla/5.0 (Windows NT 10.0; Win64; x64) AppleWebKit/537.36 (KHTML, like Gecko) Chrome/118.0.0.0 Safari/537.36"))
response => NIL
[3906488536.664066 INFO] connection => #<SB-SYS:FD-STREAM for #<SB-BSD-SOCKETS:INET-SOCKET 127.0.0.1:9090, peer: 127.0.0.1:63170, fd: 460 {1002B0A9C3}> {1002B0B393}>
path => "/bids-graph"
vals => ((:CONNECTION . "keep-alive")
         (:USER-AGENT
          . "Mozilla/5.0 (Windows NT 10.0; Win64; x64) AppleWebKit/537.36 (KHTML, like Gecko) Chrome/118.0.0.0 Safari/537.36"))
response => "<!DOCTYPE html>
<html>
<body>

<h2>Bids</h2>

<ula>
<li><a href=\"bid-graph=1\">Bid 1 (Supplier-A)</a></li>
<li><a href=\"bid-graph=2\">Bid 2 (Supplier-C)</a></li>
</ul>
</html>"
[3906488536.685871 INFO] connection => #<SB-SYS:FD-STREAM for #<SB-BSD-SOCKETS:INET-SOCKET 127.0.0.1:9090, peer: 127.0.0.1:63170, fd: 460 {1002B0A9C3}> {1002B0B393}>
path => "/favicon.ico"
vals => ((:CONNECTION . "keep-alive")
         (:USER-AGENT
          . "Mozilla/5.0 (Windows NT 10.0; Win64; x64) AppleWebKit/537.36 (KHTML, like Gecko) Chrome/118.0.0.0 Safari/537.36"))
response => NIL
[3906488537.945245 INFO] connection => #<SB-SYS:FD-STREAM for #<SB-BSD-SOCKETS:INET-SOCKET 127.0.0.1:9090, peer: 127.0.0.1:63178, fd: 472 {1002B0B773}> {1002B15F53}>
path => "/bid-graph=1"
vals => ((:CONNECTION . "keep-alive")
         (:USER-AGENT
          . "Mozilla/5.0 (Windows NT 10.0; Win64; x64) AppleWebKit/537.36 (KHTML, like Gecko) Chrome/118.0.0.0 Safari/537.36"))
response => "<script type=\"text/javascript\" src=\"https://www.gstatic.com/charts/loader.js\"></script>

<script type=\"text/javascript\">
  google.charts.load(\"current\", {packages:[\"timeline\"]});
  google.charts.setOnLoadCallback(drawChart);
  function drawChart() {

    var container = document.getElementById('lmco-agenda-graph');
    var chart = new google.visualization.Timeline(container);
    var dataTable = new google.visualization.DataTable();
    dataTable.addColumn({ type: 'string', id: 'Agent' });
    dataTable.addColumn({ type: 'string', id: 'Task' });
    dataTable.addColumn({ type: 'string', id: 'color', role: 'style' });
    dataTable.addColumn({ type: 'string', role: 'tooltip', 'p': {'html': true}});
    dataTable.addColumn({ type: 'date', id: 'Start' });
    dataTable.addColumn({ type: 'date', id: 'End' });

    dataTable.addRows([
[ 'Supplier-A', '', '#FFA500', '<style> th {text-align: left;} td {text-align: right;}</style><table style=\"width:100%;background-color:Cornsilk;\"></table>', new Date(2023,10,6,0,0,0), new Date(2023,10,30,11,24,12)],
[ 'GF Machining Solutions AC Progress VP3-1-SA', 'Unused', '#E6E6E6', '<style> th {text-align: left;} td {text-align: right;}</style><table style=\"width:100%;background-color:Cornsilk;\"></table>', new Date(2023,10,6,0,0,0), new Date(2023,10,6,0,0,0)],
[ 'Haas DM 3-axis-SA-1', 'DOWNTIME-6', '#21130D', '<style> th {text-align: left;} td {text-align: right;}</style><table style=\"width:100%;background-color:Cornsilk;\"><tr><th>TASK-NAME:</th><td>DOWNTIME</td></tr><tr><th>INSTANCE-NAME:</th><td>6</td></tr><tr><th>LOT:</th><td>NIL</td></tr><tr><th>ORDER:</th><td>NIL</td></tr><tr><th>AGENT:</th><td>Haas DM 3-axis-SA-1</td></tr><tr><th>CONFIG:</th><td>NIL</td></tr><tr><th>SUPPLIER:</th><td>Supplier-A</td></tr><tr><th>TASK-TYPE:</th><td>DOWNTIME-TASK</td></tr><tr><th>STATUS:</th><td>SCHEDULED</td></tr><tr><th>EST:</th><td>Nov  6 2023 00:00</td></tr><tr><th>LST:</th><td>Nov  6 2023 00:00</td></tr><tr><th>EFT:</th><td>Nov  9 2023 12:00</td></tr><tr><th>LFT:</th><td>Nov  9 2023 12:00</td></tr></table>', new Date(2023,10,6,0,0,0), new Date(2023,10,9,12,0,0)],
[ 'Haas DM 3-axis-SA-1', '3-Axis-machine-setup-1', '#3AC248', '<style> th {text-align: left;} td {text-align: right;}</style><table style=\"width:100%;background-color:Cornsilk;\"><tr><th>TASK-NAME:</th><td>3-Axis-machine-setup</td></tr><tr><th>INSTANCE-NAME:</th><td>1</td></tr><tr><th>LOT:</th><td>1</td></tr><tr><th>ORDER:</th><td>Request-A</td></tr><tr><th>AGENT:</th><td>Haas DM 3-axis-SA-1</td></tr><tr><th>CONFIG:</th><td>NIL</td></tr><tr><th>SUPPLIER:</th><td>Supplier-A</td></tr><tr><th>TASK-TYPE:</th><td>EXECUTABLE</td></tr><tr><th>STATUS:</th><td>SCHEDULED</td></tr><tr><th>EST:</th><td>Nov  9 2023 12:00</td></tr><tr><th>LST:</th><td>Oct 23 2028 00:35</td></tr><tr><th>EFT:</th><td>Nov  9 2023 12:27</td></tr><tr><th>LFT:</th><td>Oct 23 2028 01:02</td></tr></table>', new Date(2023,10,9,12,0,0), new Date(2023,10,9,12,27,0)],
[ 'Haas DM 3-axis-SA-1', '3-Axis-fixture-1-2', '#3AC248', '<style> th {text-align: left;} td {text-align: right;}</style><table style=\"width:100%;background-color:Cornsilk;\"><tr><th>TASK-NAME:</th><td>3-Axis-fixture-1</td></tr><tr><th>INSTANCE-NAME:</th><td>2</td></tr><tr><th>LOT:</th><td>1</td></tr><tr><th>ORDER:</th><td>Request-A</td></tr><tr><th>AGENT:</th><td>Haas DM 3-axis-SA-1</td></tr><tr><th>CONFIG:</th><td>NIL</td></tr><tr><th>SUPPLIER:</th><td>Supplier-A</td></tr><tr><th>TASK-TYPE:</th><td>EXECUTABLE</td></tr><tr><th>STATUS:</th><td>SCHEDULED</td></tr><tr><th>EST:</th><td>Nov  9 2023 12:27</td></tr><tr><th>LST:</th><td>Oct 23 2028 01:02</td></tr><tr><th>EFT:</th><td>Nov  9 2023 12:36</td></tr><tr><th>LFT:</th><td>Oct 23 2028 01:11</td></tr></table>', new Date(2023,10,9,12,27,0), new Date(2023,10,9,12,36,0)],
[ 'Haas DM 3-axis-SA-1', '3-Axis-machining-1-3', '#3AC248', '<style> th {text-align: left;} td {text-align: right;}</style><table style=\"width:100%;background-color:Cornsilk;\"><tr><th>TASK-NAME:</th><td>3-Axis-machining-1</td></tr><tr><th>INSTANCE-NAME:</th><td>3</td></tr><tr><th>LOT:</th><td>1</td></tr><tr><th>ORDER:</th><td>Request-A</td></tr><tr><th>AGENT:</th><td>Haas DM 3-axis-SA-1</td></tr><tr><th>CONFIG:</th><td>NIL</td></tr><tr><th>SUPPLIER:</th><td>Supplier-A</td></tr><tr><th>TASK-TYPE:</th><td>EXECUTABLE</td></tr><tr><th>STATUS:</th><td>SCHEDULED</td></tr><tr><th>EST:</th><td>Nov  9 2023 12:36</td></tr><tr><th>LST:</th><td>Oct 23 2028 01:11</td></tr><tr><th>EFT:</th><td>Nov 28 2023 20:16</td></tr><tr><th>LFT:</th><td>Nov 11 2028 08:52</td></tr></table>', new Date(2023,10,9,12,36,0), new Date(2023,10,28,20,16,46)],
[ 'Haas DM 3-axis-SA-1', '3-Axis-fixture-2-4', '#3AC248', '<style> th {text-align: left;} td {text-align: right;}</style><table style=\"width:100%;background-color:Cornsilk;\"><tr><th>TASK-NAME:</th><td>3-Axis-fixture-2</td></tr><tr><th>INSTANCE-NAME:</th><td>4</td></tr><tr><th>LOT:</th><td>1</td></tr><tr><th>ORDER:</th><td>Request-A</td></tr><tr><th>AGENT:</th><td>Haas DM 3-axis-SA-1</td></tr><tr><th>CONFIG:</th><td>NIL</td></tr><tr><th>SUPPLIER:</th><td>Supplier-A</td></tr><tr><th>TASK-TYPE:</th><td>EXECUTABLE</td></tr><tr><th>STATUS:</th><td>SCHEDULED</td></tr><tr><th>EST:</th><td>Nov 28 2023 20:16</td></tr><tr><th>LST:</th><td>Nov 11 2028 08:52</td></tr><tr><th>EFT:</th><td>Nov 28 2023 20:25</td></tr><tr><th>LFT:</th><td>Nov 11 2028 09:01</td></tr></table>', new Date(2023,10,28,20,16,46), new Date(2023,10,28,20,25,46)],
[ 'Haas DM 3-axis-SA-1', '3-Axis-machining-2-5', '#3AC248', '<style> th {text-align: left;} td {text-align: right;}</style><table style=\"width:100%;background-color:Cornsilk;\"><tr><th>TASK-NAME:</th><td>3-Axis-machining-2</td></tr><tr><th>INSTANCE-NAME:</th><td>5</td></tr><tr><th>LOT:</th><td>1</td></tr><tr><th>ORDER:</th><td>Request-A</td></tr><tr><th>AGENT:</th><td>Haas DM 3-axis-SA-1</td></tr><tr><th>CONFIG:</th><td>NIL</td></tr><tr><th>SUPPLIER:</th><td>Supplier-A</td></tr><tr><th>TASK-TYPE:</th><td>EXECUTABLE</td></tr><tr><th>STATUS:</th><td>SCHEDULED</td></tr><tr><th>EST:</th><td>Nov 28 2023 20:25</td></tr><tr><th>LST:</th><td>Nov 11 2028 09:01</td></tr><tr><th>EFT:</th><td>Nov 29 2023 19:58</td></tr><tr><th>LFT:</th><td>Nov 12 2028 08:33</td></tr></table>', new Date(2023,10,28,20,25,46), new Date(2023,10,29,19,58,2)],
[ 'Haas DM 3-axis-SA-1', '3-Axis-fixture-3-6', '#3AC248', '<style> th {text-align: left;} td {text-align: right;}</style><table style=\"width:100%;background-color:Cornsilk;\"><tr><th>TASK-NAME:</th><td>3-Axis-fixture-3</td></tr><tr><th>INSTANCE-NAME:</th><td>6</td></tr><tr><th>LOT:</th><td>1</td></tr><tr><th>ORDER:</th><td>Request-A</td></tr><tr><th>AGENT:</th><td>Haas DM 3-axis-SA-1</td></tr><tr><th>CONFIG:</th><td>NIL</td></tr><tr><th>SUPPLIER:</th><td>Supplier-A</td></tr><tr><th>TASK-TYPE:</th><td>EXECUTABLE</td></tr><tr><th>STATUS:</th><td>SCHEDULED</td></tr><tr><th>EST:</th><td>Nov 29 2023 19:58</td></tr><tr><th>LST:</th><td>Nov 12 2028 08:33</td></tr><tr><th>EFT:</th><td>Nov 29 2023 20:07</td></tr><tr><th>LFT:</th><td>Nov 12 2028 08:42</td></tr></table>', new Date(2023,10,29,19,58,2), new Date(2023,10,29,20,7,2)],
[ 'Haas DM 3-axis-SA-1', '3-Axis-machining-3-7', '#3AC248', '<style> th {text-align: left;} td {text-align: right;}</style><table style=\"width:100%;background-color:Cornsilk;\"><tr><th>TASK-NAME:</th><td>3-Axis-machining-3</td></tr><tr><th>INSTANCE-NAME:</th><td>7</td></tr><tr><th>LOT:</th><td>1</td></tr><tr><th>ORDER:</th><td>Request-A</td></tr><tr><th>AGENT:</th><td>Haas DM 3-axis-SA-1</td></tr><tr><th>CONFIG:</th><td>NIL</td></tr><tr><th>SUPPLIER:</th><td>Supplier-A</td></tr><tr><th>TASK-TYPE:</th><td>EXECUTABLE</td></tr><tr><th>STATUS:</th><td>SCHEDULED</td></tr><tr><th>EST:</th><td>Nov 29 2023 20:07</td></tr><tr><th>LST:</th><td>Nov 12 2028 08:42</td></tr><tr><th>EFT:</th><td>Nov 30 2023 05:11</td></tr><tr><th>LFT:</th><td>Nov 12 2028 17:47</td></tr></table>', new Date(2023,10,29,20,7,2), new Date(2023,10,30,5,11,42)],
[ 'Haas DM 3-axis-SA-1', '3-Axis-fixture-4-8', '#3AC248', '<style> th {text-align: left;} td {text-align: right;}</style><table style=\"width:100%;background-color:Cornsilk;\"><tr><th>TASK-NAME:</th><td>3-Axis-fixture-4</td></tr><tr><th>INSTANCE-NAME:</th><td>8</td></tr><tr><th>LOT:</th><td>1</td></tr><tr><th>ORDER:</th><td>Request-A</td></tr><tr><th>AGENT:</th><td>Haas DM 3-axis-SA-1</td></tr><tr><th>CONFIG:</th><td>NIL</td></tr><tr><th>SUPPLIER:</th><td>Supplier-A</td></tr><tr><th>TASK-TYPE:</th><td>EXECUTABLE</td></tr><tr><th>STATUS:</th><td>SCHEDULED</td></tr><tr><th>EST:</th><td>Nov 30 2023 05:11</td></tr><tr><th>LST:</th><td>Nov 12 2028 17:47</td></tr><tr><th>EFT:</th><td>Nov 30 2023 05:20</td></tr><tr><th>LFT:</th><td>Nov 12 2028 17:56</td></tr></table>', new Date(2023,10,30,5,11,42), new Date(2023,10,30,5,20,42)],
[ 'Haas DM 3-axis-SA-1', '3-Axis-machining-4-9', '#3AC248', '<style> th {text-align: left;} td {text-align: right;}</style><table style=\"width:100%;background-color:Cornsilk;\"><tr><th>TASK-NAME:</th><td>3-Axis-machining-4</td></tr><tr><th>INSTANCE-NAME:</th><td>9</td></tr><tr><th>LOT:</th><td>1</td></tr><tr><th>ORDER:</th><td>Request-A</td></tr><tr><th>AGENT:</th><td>Haas DM 3-axis-SA-1</td></tr><tr><th>CONFIG:</th><td>NIL</td></tr><tr><th>SUPPLIER:</th><td>Supplier-A</td></tr><tr><th>TASK-TYPE:</th><td>EXECUTABLE</td></tr><tr><th>STATUS:</th><td>SCHEDULED</td></tr><tr><th>EST:</th><td>Nov 30 2023 05:20</td></tr><tr><th>LST:</th><td>Nov 12 2028 17:56</td></tr><tr><th>EFT:</th><td>Nov 30 2023 08:56</td></tr><tr><th>LFT:</th><td>Nov 12 2028 21:32</td></tr></table>', new Date(2023,10,30,5,20,42), new Date(2023,10,30,8,56,35)],
[ 'Haas DM 3-axis-SA-1', '3-Axis-fixture-5-10', '#3AC248', '<style> th {text-align: left;} td {text-align: right;}</style><table style=\"width:100%;background-color:Cornsilk;\"><tr><th>TASK-NAME:</th><td>3-Axis-fixture-5</td></tr><tr><th>INSTANCE-NAME:</th><td>10</td></tr><tr><th>LOT:</th><td>1</td></tr><tr><th>ORDER:</th><td>Request-A</td></tr><tr><th>AGENT:</th><td>Haas DM 3-axis-SA-1</td></tr><tr><th>CONFIG:</th><td>NIL</td></tr><tr><th>SUPPLIER:</th><td>Supplier-A</td></tr><tr><th>TASK-TYPE:</th><td>EXECUTABLE</td></tr><tr><th>STATUS:</th><td>SCHEDULED</td></tr><tr><th>EST:</th><td>Nov 30 2023 08:56</td></tr><tr><th>LST:</th><td>Nov 12 2028 21:32</td></tr><tr><th>EFT:</th><td>Nov 30 2023 09:05</td></tr><tr><th>LFT:</th><td>Nov 12 2028 21:41</td></tr></table>', new Date(2023,10,30,8,56,35), new Date(2023,10,30,9,5,35)],
[ 'Haas DM 3-axis-SA-1', '3-Axis-machining-5-11', '#3AC248', '<style> th {text-align: left;} td {text-align: right;}</style><table style=\"width:100%;background-color:Cornsilk;\"><tr><th>TASK-NAME:</th><td>3-Axis-machining-5</td></tr><tr><th>INSTANCE-NAME:</th><td>11</td></tr><tr><th>LOT:</th><td>1</td></tr><tr><th>ORDER:</th><td>Request-A</td></tr><tr><th>AGENT:</th><td>Haas DM 3-axis-SA-1</td></tr><tr><th>CONFIG:</th><td>NIL</td></tr><tr><th>SUPPLIER:</th><td>Supplier-A</td></tr><tr><th>TASK-TYPE:</th><td>EXECUTABLE</td></tr><tr><th>STATUS:</th><td>SCHEDULED</td></tr><tr><th>EST:</th><td>Nov 30 2023 09:05</td></tr><tr><th>LST:</th><td>Nov 12 2028 21:41</td></tr><tr><th>EFT:</th><td>Nov 30 2023 10:17</td></tr><tr><th>LFT:</th><td>Nov 12 2028 22:53</td></tr></table>', new Date(2023,10,30,9,5,35), new Date(2023,10,30,10,17,24)],
[ 'Haas DM 3-axis-SA-1', '3-Axis-fixture-6-12', '#3AC248', '<style> th {text-align: left;} td {text-align: right;}</style><table style=\"width:100%;background-color:Cornsilk;\"><tr><th>TASK-NAME:</th><td>3-Axis-fixture-6</td></tr><tr><th>INSTANCE-NAME:</th><td>12</td></tr><tr><th>LOT:</th><td>1</td></tr><tr><th>ORDER:</th><td>Request-A</td></tr><tr><th>AGENT:</th><td>Haas DM 3-axis-SA-1</td></tr><tr><th>CONFIG:</th><td>NIL</td></tr><tr><th>SUPPLIER:</th><td>Supplier-A</td></tr><tr><th>TASK-TYPE:</th><td>EXECUTABLE</td></tr><tr><th>STATUS:</th><td>SCHEDULED</td></tr><tr><th>EST:</th><td>Nov 30 2023 10:17</td></tr><tr><th>LST:</th><td>Nov 12 2028 22:53</td></tr><tr><th>EFT:</th><td>Nov 30 2023 10:26</td></tr><tr><th>LFT:</th><td>Nov 12 2028 23:02</td></tr></table>', new Date(2023,10,30,10,17,24), new Date(2023,10,30,10,26,24)],
[ 'Haas DM 3-axis-SA-1', '3-Axis-machining-6-13', '#3AC248', '<style> th {text-align: left;} td {text-align: right;}</style><table style=\"width:100%;background-color:Cornsilk;\"><tr><th>TASK-NAME:</th><td>3-Axis-machining-6</td></tr><tr><th>INSTANCE-NAME:</th><td>13</td></tr><tr><th>LOT:</th><td>1</td></tr><tr><th>ORDER:</th><td>Request-A</td></tr><tr><th>AGENT:</th><td>Haas DM 3-axis-SA-1</td></tr><tr><th>CONFIG:</th><td>NIL</td></tr><tr><th>SUPPLIER:</th><td>Supplier-A</td></tr><tr><th>TASK-TYPE:</th><td>EXECUTABLE</td></tr><tr><th>STATUS:</th><td>SCHEDULED</td></tr><tr><th>EST:</th><td>Nov 30 2023 10:26</td></tr><tr><th>LST:</th><td>Nov 12 2028 23:02</td></tr><tr><th>EFT:</th><td>Nov 30 2023 10:59</td></tr><tr><th>LFT:</th><td>Nov 12 2028 23:34</td></tr></table>', new Date(2023,10,30,10,26,24), new Date(2023,10,30,10,59,12)],
[ 'Haas OM 5-axis-SA-1', 'DOWNTIME-1', '#21130D', '<style> th {text-align: left;} td {text-align: right;}</style><table style=\"width:100%;background-color:Cornsilk;\"><tr><th>TASK-NAME:</th><td>DOWNTIME</td></tr><tr><th>INSTANCE-NAME:</th><td>1</td></tr><tr><th>LOT:</th><td>NIL</td></tr><tr><th>ORDER:</th><td>NIL</td></tr><tr><th>AGENT:</th><td>Haas OM 5-axis-SA-1</td></tr><tr><th>CONFIG:</th><td>NIL</td></tr><tr><th>SUPPLIER:</th><td>Supplier-A</td></tr><tr><th>TASK-TYPE:</th><td>DOWNTIME-TASK</td></tr><tr><th>STATUS:</th><td>SCHEDULED</td></tr><tr><th>EST:</th><td>Nov  6 2023 00:00</td></tr><tr><th>LST:</th><td>Nov  6 2023 00:00</td></tr><tr><th>EFT:</th><td>Nov  9 2023 12:00</td></tr><tr><th>LFT:</th><td>Nov  9 2023 12:00</td></tr></table>', new Date(2023,10,6,0,0,0), new Date(2023,10,9,12,0,0)],
[ 'Haas OM 5-axis-SA-2', 'DOWNTIME-2', '#21130D', '<style> th {text-align: left;} td {text-align: right;}</style><table style=\"width:100%;background-color:Cornsilk;\"><tr><th>TASK-NAME:</th><td>DOWNTIME</td></tr><tr><th>INSTANCE-NAME:</th><td>2</td></tr><tr><th>LOT:</th><td>NIL</td></tr><tr><th>ORDER:</th><td>NIL</td></tr><tr><th>AGENT:</th><td>Haas OM 5-axis-SA-2</td></tr><tr><th>CONFIG:</th><td>NIL</td></tr><tr><th>SUPPLIER:</th><td>Supplier-A</td></tr><tr><th>TASK-TYPE:</th><td>DOWNTIME-TASK</td></tr><tr><th>STATUS:</th><td>SCHEDULED</td></tr><tr><th>EST:</th><td>Nov  6 2023 00:00</td></tr><tr><th>LST:</th><td>Nov  6 2023 00:00</td></tr><tr><th>EFT:</th><td>Nov 16 2023 12:00</td></tr><tr><th>LFT:</th><td>Nov 16 2023 12:00</td></tr></table>', new Date(2023,10,6,0,0,0), new Date(2023,10,16,12,0,0)],
[ 'Haas OM 5-axis-SA-2', 'DOWNTIME-3', '#21130D', '<style> th {text-align: left;} td {text-align: right;}</style><table style=\"width:100%;background-color:Cornsilk;\"><tr><th>TASK-NAME:</th><td>DOWNTIME</td></tr><tr><th>INSTANCE-NAME:</th><td>3</td></tr><tr><th>LOT:</th><td>NIL</td></tr><tr><th>ORDER:</th><td>NIL</td></tr><tr><th>AGENT:</th><td>Haas OM 5-axis-SA-2</td></tr><tr><th>CONFIG:</th><td>NIL</td></tr><tr><th>SUPPLIER:</th><td>Supplier-A</td></tr><tr><th>TASK-TYPE:</th><td>DOWNTIME-TASK</td></tr><tr><th>STATUS:</th><td>SCHEDULED</td></tr><tr><th>EST:</th><td>Nov 18 2023 06:00</td></tr><tr><th>LST:</th><td>Nov 18 2023 06:00</td></tr><tr><th>EFT:</th><td>Nov 28 2023 18:00</td></tr><tr><th>LFT:</th><td>Nov 28 2023 18:00</td></tr></table>', new Date(2023,10,18,6,0,0), new Date(2023,10,28,18,0,0)],
[ 'Haas OM 5-axis-SA-3', 'DOWNTIME-4', '#21130D', '<style> th {text-align: left;} td {text-align: right;}</style><table style=\"width:100%;background-color:Cornsilk;\"><tr><th>TASK-NAME:</th><td>DOWNTIME</td></tr><tr><th>INSTANCE-NAME:</th><td>4</td></tr><tr><th>LOT:</th><td>NIL</td></tr><tr><th>ORDER:</th><td>NIL</td></tr><tr><th>AGENT:</th><td>Haas OM 5-axis-SA-3</td></tr><tr><th>CONFIG:</th><td>NIL</td></tr><tr><th>SUPPLIER:</th><td>Supplier-A</td></tr><tr><th>TASK-TYPE:</th><td>DOWNTIME-TASK</td></tr><tr><th>STATUS:</th><td>SCHEDULED</td></tr><tr><th>EST:</th><td>Nov  6 2023 00:00</td></tr><tr><th>LST:</th><td>Nov  6 2023 00:00</td></tr><tr><th>EFT:</th><td>Nov 16 2023 12:00</td></tr><tr><th>LFT:</th><td>Nov 16 2023 12:00</td></tr></table>', new Date(2023,10,6,0,0,0), new Date(2023,10,16,12,0,0)],
[ 'Haas OM 5-axis-SA-4', 'DOWNTIME-5', '#21130D', '<style> th {text-align: left;} td {text-align: right;}</style><table style=\"width:100%;background-color:Cornsilk;\"><tr><th>TASK-NAME:</th><td>DOWNTIME</td></tr><tr><th>INSTANCE-NAME:</th><td>5</td></tr><tr><th>LOT:</th><td>NIL</td></tr><tr><th>ORDER:</th><td>NIL</td></tr><tr><th>AGENT:</th><td>Haas OM 5-axis-SA-4</td></tr><tr><th>CONFIG:</th><td>NIL</td></tr><tr><th>SUPPLIER:</th><td>Supplier-A</td></tr><tr><th>TASK-TYPE:</th><td>DOWNTIME-TASK</td></tr><tr><th>STATUS:</th><td>SCHEDULED</td></tr><tr><th>EST:</th><td>Nov  6 2023 00:00</td></tr><tr><th>LST:</th><td>Nov  6 2023 00:00</td></tr><tr><th>EFT:</th><td>Nov 13 2023 00:00</td></tr><tr><th>LFT:</th><td>Nov 13 2023 00:00</td></tr></table>', new Date(2023,10,6,0,0,0), new Date(2023,10,13,0,0,0)],
[ 'Inspection-Station SA-1', 'Unused', '#E6E6E6', '<style> th {text-align: left;} td {text-align: right;}</style><table style=\"width:100%;background-color:Cornsilk;\"></table>', new Date(2023,10,6,0,0,0), new Date(2023,10,6,0,0,0)],
[ 'Polish-Station-SA-1', 'Polishing-14', '#3AC248', '<style> th {text-align: left;} td {text-align: right;}</style><table style=\"width:100%;background-color:Cornsilk;\"><tr><th>TASK-NAME:</th><td>Polishing</td></tr><tr><th>INSTANCE-NAME:</th><td>14</td></tr><tr><th>LOT:</th><td>1</td></tr><tr><th>ORDER:</th><td>Request-A</td></tr><tr><th>AGENT:</th><td>Polish-Station-SA-1</td></tr><tr><th>CONFIG:</th><td>NIL</td></tr><tr><th>SUPPLIER:</th><td>Supplier-A</td></tr><tr><th>TASK-TYPE:</th><td>EXECUTABLE</td></tr><tr><th>STATUS:</th><td>SCHEDULED</td></tr><tr><th>EST:</th><td>Nov 30 2023 10:59</td></tr><tr><th>LST:</th><td>Nov 12 2028 23:34</td></tr><tr><th>EFT:</th><td>Nov 30 2023 11:04</td></tr><tr><th>LFT:</th><td>Nov 12 2028 23:39</td></tr></table>', new Date(2023,10,30,10,59,12), new Date(2023,10,30,11,4,12)],
[ 'Polish-Station-SA-1', 'Inspection-15', '#3AC248', '<style> th {text-align: left;} td {text-align: right;}</style><table style=\"width:100%;background-color:Cornsilk;\"><tr><th>TASK-NAME:</th><td>Inspection</td></tr><tr><th>INSTANCE-NAME:</th><td>15</td></tr><tr><th>LOT:</th><td>1</td></tr><tr><th>ORDER:</th><td>Request-A</td></tr><tr><th>AGENT:</th><td>Polish-Station-SA-1</td></tr><tr><th>CONFIG:</th><td>NIL</td></tr><tr><th>SUPPLIER:</th><td>Supplier-A</td></tr><tr><th>TASK-TYPE:</th><td>EXECUTABLE</td></tr><tr><th>STATUS:</th><td>SCHEDULED</td></tr><tr><th>EST:</th><td>Nov 30 2023 11:04</td></tr><tr><th>LST:</th><td>Nov 12 2028 23:39</td></tr><tr><th>EFT:</th><td>Nov 30 2023 11:24</td></tr><tr><th>LFT:</th><td>Nov 12 2028 23:59</td></tr></table>', new Date(2023,10,30,11,4,12), new Date(2023,10,30,11,24,12)],
[ 'Reorderer-SA', 'Unused', '#E6E6E6', '<style> th {text-align: left;} td {text-align: right;}</style><table style=\"width:100%;background-color:Cornsilk;\"></table>', new Date(2023,10,6,0,0,0), new Date(2023,10,6,0,0,0)],
]);

    var options = {
      timeline: {rowLabelStyle: {fontName: 'Ariel', fontSize: 14, color: '#000000' }},
      tooltip: {isHtml: true},
      legend: 'none'    
      };

    chart.draw(dataTable, options);
  }
</script>

<div id=\"lmco-agenda-graph\" style=\"height: 550px;\"></div>"
[3906488538.063380 INFO] connection => #<SB-SYS:FD-STREAM for #<SB-BSD-SOCKETS:INET-SOCKET 127.0.0.1:9090, peer: 127.0.0.1:63178, fd: 472 {1002B0B773}> {1002B15F53}>
path => "/favicon.ico"
vals => ((:CONNECTION . "keep-alive")
         (:USER-AGENT
          . "Mozilla/5.0 (Windows NT 10.0; Win64; x64) AppleWebKit/537.36 (KHTML, like Gecko) Chrome/118.0.0.0 Safari/537.36"))
response => NIL
